#
# A fatal error has been detected by the Java Runtime Environment:
#
#  EXCEPTION_ACCESS_VIOLATION (0xc0000005) at pc=0x0000000073a65521, pid=2712, tid=0x00000000000033dc
#
# JRE version: OpenJDK Runtime Environment (8.0_302-b08) (build 1.8.0_302-b08)
# Java VM: OpenJDK 64-Bit Server VM (25.302-b08 mixed mode windows-amd64 compressed oops)
# Problematic frame:
# V  [jvm.dll+0x1b5521]
#
# Failed to write core dump. Minidumps are not enabled by default on client versions of Windows
#
# If you would like to submit a bug report, please visit:
#   https://github.com/adoptium/adoptium-support/issues
#

---------------  T H R E A D  ---------------

Current thread (0x000001e3cfd59000):  JavaThread "http-nio-8806-exec-25" daemon [_thread_in_vm, id=13276, stack(0x0000004a6e900000,0x0000004a6ea00000)]

siginfo: ExceptionCode=0xc0000005, reading address 0x000000000000000c

Registers:
RAX=0x0000000000000000, RBX=0x000001e3cfd59000, RCX=0x0000000000000900, RDX=0x0000000000000000
RSP=0x0000004a6e9fb360, RBP=0x000000000000000c, RSI=0x0000000000000000, RDI=0x0000000000000000
R8 =0x0000000000000000, R9 =0x000000000000000c, R10=0x000001e3b259495b, R11=0x0000000073ab1570
R12=0x0000000000000000, R13=0x000001e3c61afab8, R14=0x000001e3cfd59250, R15=0x000001e3cfd59000
RIP=0x0000000073a65521, EFLAGS=0x0000000000010202

Top of Stack: (sp=0x0000004a6e9fb360)
0x0000004a6e9fb360:   000001e3000000b6 000001e3d7e65ed0
0x0000004a6e9fb370:   000001e3cfd59000 0000000000000001
0x0000004a6e9fb380:   0000004a6e9fb450 000001e3b2594987
0x0000004a6e9fb390:   000001e3c61afab8 0000004a6e9fb418
0x0000004a6e9fb3a0:   00000000edccfed0 0000000000000020
0x0000004a6e9fb3b0:   000001e3cfd59000 0000000600000018
0x0000004a6e9fb3c0:   000001e3d7e64d88 000001e3cfd59000
0x0000004a6e9fb3d0:   0000004a6e9fb4b0 0000004a6e9fb3d8
0x0000004a6e9fb3e0:   0000000000000000 0000004a6e9fb450
0x0000004a6e9fb3f0:   000001e3c61e0660 0000000000000000
0x0000004a6e9fb400:   000001e3c61afab8 0000000000000000
0x0000004a6e9fb410:   0000004a6e9fb438 0000004a6e9fb498
0x0000004a6e9fb420:   000001e3b2577f00 0000000000000000
0x0000004a6e9fb430:   000001e3b258943b 000000000000000c
0x0000004a6e9fb440:   000001e3b25a5dbf 0000000000000000
0x0000004a6e9fb450:   0000000084c5a858 0000004a6e9fb458 

Instructions: (pc=0x0000000073a65521)
0x0000000073a65501:   16 40 f6 c6 01 74 0d 48 8b ce e8 00 e8 02 00 48
0x0000000073a65511:   8b d0 eb 03 48 8b 16 40 38 3d 86 a9 62 00 74 1b
0x0000000073a65521:   8b 04 2a 85 c0 74 18 8b 0d aa 50 5c 00 8b f8 48
0x0000000073a65531:   d3 e7 48 03 3d 96 50 5c 00 eb 04 48 8b 3c 2a 80 


Register to memory mapping:

RAX=0x0000000000000000 is an unknown value
RBX=0x000001e3cfd59000 is a thread
RCX=0x0000000000000900 is an unknown value
RDX=0x0000000000000000 is an unknown value
RSP=0x0000004a6e9fb360 is pointing into the stack for thread: 0x000001e3cfd59000
RBP=0x000000000000000c is an unknown value
RSI=0x0000000000000000 is an unknown value
RDI=0x0000000000000000 is an unknown value
R8 =0x0000000000000000 is an unknown value
R9 =0x000000000000000c is an unknown value
R10=0x000001e3b259495b is at code_begin+1915 in an Interpreter codelet
method entry point (kind = native)  [0x000001e3b25941e0, 0x000001e3b25954c0]  4832 bytes
R11=0x0000000073ab1570 is an unknown value
R12=0x0000000000000000 is an unknown value
R13={method} {0x000001e3c61afac0} 'getObject' '(Ljava/lang/Object;J)Ljava/lang/Object;' in 'sun/misc/Unsafe'
R14=0x000001e3cfd59250 is an unknown value
R15=0x000001e3cfd59000 is a thread


Stack: [0x0000004a6e900000,0x0000004a6ea00000],  sp=0x0000004a6e9fb360,  free space=1004k
Native frames: (J=compiled Java code, j=interpreted, Vv=VM code, C=native code)
V  [jvm.dll+0x1b5521]
C  0x000001e3b2594987

Java frames: (J=compiled Java code, j=interpreted, Vv=VM code)
j  sun.misc.Unsafe.getObject(Ljava/lang/Object;J)Ljava/lang/Object;+0
j  com.alibaba.fastjson2.util.JDKUtils.getCharArray(Ljava/lang/String;)[C+13
j  com.alibaba.fastjson2.JSONReader.of(Ljava/lang/String;)Lcom/alibaba/fastjson2/JSONReader;+96
j  com.alibaba.fastjson2.JSON.parseArray(Ljava/lang/String;Ljava/lang/reflect/Type;)Ljava/util/List;+20
j  com.slipper.unieap.bakerstreet.scriptmgt.scriptinfo.ScriptInfoController.create(Lcom/slipper/unieap/bakerstreet/scriptmgt/vo/ScriptInfoVO;)Lcom/slipper/common/utils/R;+7
j  com.slipper.unieap.bakerstreet.scriptmgt.scriptinfo.ScriptInfoController$$FastClassBySpringCGLIB$$78af94d.invoke(ILjava/lang/Object;[Ljava/lang/Object;)Ljava/lang/Object;+168
j  org.springframework.cglib.proxy.MethodProxy.invoke(Ljava/lang/Object;[Ljava/lang/Object;)Ljava/lang/Object;+19
j  org.springframework.aop.framework.CglibAopProxy$CglibMethodInvocation.invokeJoinpoint()Ljava/lang/Object;+19
J 10069 C1 org.springframework.aop.framework.ReflectiveMethodInvocation.proceed()Ljava/lang/Object; (126 bytes) @ 0x000001e3b4104b2c [0x000001e3b41048e0+0x24c]
j  org.springframework.aop.framework.CglibAopProxy$CglibMethodInvocation.proceed()Ljava/lang/Object;+1
j  org.springframework.aop.aspectj.MethodInvocationProceedingJoinPoint.proceed()Ljava/lang/Object;+9
j  com.slipper.service.aspect.LogAspect.around(Lorg/aspectj/lang/ProceedingJoinPoint;)Ljava/lang/Object;+5
v  ~StubRoutines::call_stub
J 2493  sun.reflect.NativeMethodAccessorImpl.invoke0(Ljava/lang/reflect/Method;Ljava/lang/Object;[Ljava/lang/Object;)Ljava/lang/Object; (0 bytes) @ 0x000001e3b2eb947f [0x000001e3b2eb9400+0x7f]
J 2492 C1 sun.reflect.NativeMethodAccessorImpl.invoke(Ljava/lang/Object;[Ljava/lang/Object;)Ljava/lang/Object; (104 bytes) @ 0x000001e3b2eb8664 [0x000001e3b2eb7480+0x11e4]
J 7469 C2 java.lang.reflect.Method.invoke(Ljava/lang/Object;[Ljava/lang/Object;)Ljava/lang/Object; (62 bytes) @ 0x000001e3b3496974 [0x000001e3b34968c0+0xb4]
j  org.springframework.aop.aspectj.AbstractAspectJAdvice.invokeAdviceMethodWithGivenArgs([Ljava/lang/Object;)Ljava/lang/Object;+35
j  org.springframework.aop.aspectj.AbstractAspectJAdvice.invokeAdviceMethod(Lorg/aspectj/lang/JoinPoint;Lorg/aspectj/weaver/tools/JoinPointMatch;Ljava/lang/Object;Ljava/lang/Throwable;)Ljava/lang/Object;+10
j  org.springframework.aop.aspectj.AspectJAroundAdvice.invoke(Lorg/aopalliance/intercept/MethodInvocation;)Ljava/lang/Object;+58
J 10069 C1 org.springframework.aop.framework.ReflectiveMethodInvocation.proceed()Ljava/lang/Object; (126 bytes) @ 0x000001e3b4104a7c [0x000001e3b41048e0+0x19c]
j  org.springframework.aop.framework.CglibAopProxy$CglibMethodInvocation.proceed()Ljava/lang/Object;+1
j  org.springframework.aop.interceptor.ExposeInvocationInterceptor.invoke(Lorg/aopalliance/intercept/MethodInvocation;)Ljava/lang/Object;+18
J 10069 C1 org.springframework.aop.framework.ReflectiveMethodInvocation.proceed()Ljava/lang/Object; (126 bytes) @ 0x000001e3b4104b04 [0x000001e3b41048e0+0x224]
j  org.springframework.aop.framework.CglibAopProxy$CglibMethodInvocation.proceed()Ljava/lang/Object;+1
j  org.springframework.aop.framework.CglibAopProxy$DynamicAdvisedInterceptor.intercept(Ljava/lang/Object;Ljava/lang/reflect/Method;[Ljava/lang/Object;Lorg/springframework/cglib/proxy/MethodProxy;)Ljava/lang/Object;+149
j  com.slipper.unieap.bakerstreet.scriptmgt.scriptinfo.ScriptInfoController$$EnhancerBySpringCGLIB$$5f0110b.create(Lcom/slipper/unieap/bakerstreet/scriptmgt/vo/ScriptInfoVO;)Lcom/slipper/common/utils/R;+36
v  ~StubRoutines::call_stub
J 2493  sun.reflect.NativeMethodAccessorImpl.invoke0(Ljava/lang/reflect/Method;Ljava/lang/Object;[Ljava/lang/Object;)Ljava/lang/Object; (0 bytes) @ 0x000001e3b2eb947f [0x000001e3b2eb9400+0x7f]
J 2492 C1 sun.reflect.NativeMethodAccessorImpl.invoke(Ljava/lang/Object;[Ljava/lang/Object;)Ljava/lang/Object; (104 bytes) @ 0x000001e3b2eb8664 [0x000001e3b2eb7480+0x11e4]
J 7469 C2 java.lang.reflect.Method.invoke(Ljava/lang/Object;[Ljava/lang/Object;)Ljava/lang/Object; (62 bytes) @ 0x000001e3b3496974 [0x000001e3b34968c0+0xb4]
j  org.springframework.web.method.support.InvocableHandlerMethod.doInvoke([Ljava/lang/Object;)Ljava/lang/Object;+28
j  org.springframework.web.method.support.InvocableHandlerMethod.invokeForRequest(Lorg/springframework/web/context/request/NativeWebRequest;Lorg/springframework/web/method/support/ModelAndViewContainer;[Ljava/lang/Object;)Ljava/lang/Object;+54
j  org.springframework.web.servlet.mvc.method.annotation.ServletInvocableHandlerMethod.invokeAndHandle(Lorg/springframework/web/context/request/ServletWebRequest;Lorg/springframework/web/method/support/ModelAndViewContainer;[Ljava/lang/Object;)V+4
j  org.springframework.web.servlet.mvc.method.annotation.RequestMappingHandlerAdapter.invokeHandlerMethod(Ljavax/servlet/http/HttpServletRequest;Ljavax/servlet/http/HttpServletResponse;Lorg/springframework/web/method/HandlerMethod;)Lorg/springframework/web/servlet/ModelAndView;+244
j  org.springframework.web.servlet.mvc.method.annotation.RequestMappingHandlerAdapter.handleInternal(Ljavax/servlet/http/HttpServletRequest;Ljavax/servlet/http/HttpServletResponse;Lorg/springframework/web/method/HandlerMethod;)Lorg/springframework/web/servlet/ModelAndView;+81
j  org.springframework.web.servlet.mvc.method.AbstractHandlerMethodAdapter.handle(Ljavax/servlet/http/HttpServletRequest;Ljavax/servlet/http/HttpServletResponse;Ljava/lang/Object;)Lorg/springframework/web/servlet/ModelAndView;+7
j  org.springframework.web.servlet.DispatcherServlet.doDispatch(Ljavax/servlet/http/HttpServletRequest;Ljavax/servlet/http/HttpServletResponse;)V+259
j  org.springframework.web.servlet.DispatcherServlet.doService(Ljavax/servlet/http/HttpServletRequest;Ljavax/servlet/http/HttpServletResponse;)V+241
j  org.springframework.web.servlet.FrameworkServlet.processRequest(Ljavax/servlet/http/HttpServletRequest;Ljavax/servlet/http/HttpServletResponse;)V+71
j  org.springframework.web.servlet.FrameworkServlet.doPost(Ljavax/servlet/http/HttpServletRequest;Ljavax/servlet/http/HttpServletResponse;)V+3
j  javax.servlet.http.HttpServlet.service(Ljavax/servlet/http/HttpServletRequest;Ljavax/servlet/http/HttpServletResponse;)V+131
j  org.springframework.web.servlet.FrameworkServlet.service(Ljavax/servlet/http/HttpServletRequest;Ljavax/servlet/http/HttpServletResponse;)V+33
j  javax.servlet.http.HttpServlet.service(Ljavax/servlet/ServletRequest;Ljavax/servlet/ServletResponse;)V+40
j  org.apache.catalina.core.ApplicationFilterChain.internalDoFilter(Ljavax/servlet/ServletRequest;Ljavax/servlet/ServletResponse;)V+304
j  org.apache.catalina.core.ApplicationFilterChain.doFilter(Ljavax/servlet/ServletRequest;Ljavax/servlet/ServletResponse;)V+99
j  org.apache.tomcat.websocket.server.WsFilter.doFilter(Ljavax/servlet/ServletRequest;Ljavax/servlet/ServletResponse;Ljavax/servlet/FilterChain;)V+21
j  org.apache.catalina.core.ApplicationFilterChain.internalDoFilter(Ljavax/servlet/ServletRequest;Ljavax/servlet/ServletResponse;)V+135
j  org.apache.catalina.core.ApplicationFilterChain.doFilter(Ljavax/servlet/ServletRequest;Ljavax/servlet/ServletResponse;)V+99
j  org.apache.shiro.web.servlet.OncePerRequestFilter.doFilter(Ljavax/servlet/ServletRequest;Ljavax/servlet/ServletResponse;Ljavax/servlet/FilterChain;)V+34
j  org.apache.catalina.core.ApplicationFilterChain.internalDoFilter(Ljavax/servlet/ServletRequest;Ljavax/servlet/ServletResponse;)V+135
j  org.apache.catalina.core.ApplicationFilterChain.doFilter(Ljavax/servlet/ServletRequest;Ljavax/servlet/ServletResponse;)V+99
j  com.slipper.core.xss.XssFilter.doFilter(Ljavax/servlet/ServletRequest;Ljavax/servlet/ServletResponse;Ljavax/servlet/FilterChain;)V+17
j  org.apache.catalina.core.ApplicationFilterChain.internalDoFilter(Ljavax/servlet/ServletRequest;Ljavax/servlet/ServletResponse;)V+135
j  org.apache.catalina.core.ApplicationFilterChain.doFilter(Ljavax/servlet/ServletRequest;Ljavax/servlet/ServletResponse;)V+99
j  org.apache.shiro.web.servlet.ProxiedFilterChain.doFilter(Ljavax/servlet/ServletRequest;Ljavax/servlet/ServletResponse;)V+50
j  org.apache.shiro.web.servlet.AdviceFilter.executeChain(Ljavax/servlet/ServletRequest;Ljavax/servlet/ServletResponse;Ljavax/servlet/FilterChain;)V+3
j  org.apache.shiro.web.servlet.AdviceFilter.doFilterInternal(Ljavax/servlet/ServletRequest;Ljavax/servlet/ServletResponse;Ljavax/servlet/FilterChain;)V+64
j  org.apache.shiro.web.servlet.OncePerRequestFilter.doFilter(Ljavax/servlet/ServletRequest;Ljavax/servlet/ServletResponse;Ljavax/servlet/FilterChain;)V+113
j  org.apache.shiro.web.servlet.ProxiedFilterChain.doFilter(Ljavax/servlet/ServletRequest;Ljavax/servlet/ServletResponse;)V+130
j  org.apache.shiro.web.servlet.AdviceFilter.executeChain(Ljavax/servlet/ServletRequest;Ljavax/servlet/ServletResponse;Ljavax/servlet/FilterChain;)V+3
j  org.apache.shiro.web.servlet.AdviceFilter.doFilterInternal(Ljavax/servlet/ServletRequest;Ljavax/servlet/ServletResponse;Ljavax/servlet/FilterChain;)V+64
j  org.apache.shiro.web.servlet.OncePerRequestFilter.doFilter(Ljavax/servlet/ServletRequest;Ljavax/servlet/ServletResponse;Ljavax/servlet/FilterChain;)V+113
j  org.apache.shiro.web.servlet.ProxiedFilterChain.doFilter(Ljavax/servlet/ServletRequest;Ljavax/servlet/ServletResponse;)V+130
j  org.apache.shiro.web.servlet.AbstractShiroFilter.executeChain(Ljavax/servlet/ServletRequest;Ljavax/servlet/ServletResponse;Ljavax/servlet/FilterChain;)V+13
j  org.apache.shiro.web.servlet.AbstractShiroFilter$1.call()Ljava/lang/Object;+31
j  org.apache.shiro.subject.support.SubjectCallable.doCall(Ljava/util/concurrent/Callable;)Ljava/lang/Object;+1
j  org.apache.shiro.subject.support.SubjectCallable.call()Ljava/lang/Object;+14
j  org.apache.shiro.subject.support.DelegatingSubject.execute(Ljava/util/concurrent/Callable;)Ljava/lang/Object;+7
j  org.apache.shiro.web.servlet.AbstractShiroFilter.doFilterInternal(Ljavax/servlet/ServletRequest;Ljavax/servlet/ServletResponse;Ljavax/servlet/FilterChain;)V+47
j  org.apache.shiro.web.servlet.OncePerRequestFilter.doFilter(Ljavax/servlet/ServletRequest;Ljavax/servlet/ServletResponse;Ljavax/servlet/FilterChain;)V+113
j  org.springframework.web.filter.DelegatingFilterProxy.invokeDelegate(Ljavax/servlet/Filter;Ljavax/servlet/ServletRequest;Ljavax/servlet/ServletResponse;Ljavax/servlet/FilterChain;)V+5
j  org.springframework.web.filter.DelegatingFilterProxy.doFilter(Ljavax/servlet/ServletRequest;Ljavax/servlet/ServletResponse;Ljavax/servlet/FilterChain;)V+85
j  org.apache.catalina.core.ApplicationFilterChain.internalDoFilter(Ljavax/servlet/ServletRequest;Ljavax/servlet/ServletResponse;)V+135
j  org.apache.catalina.core.ApplicationFilterChain.doFilter(Ljavax/servlet/ServletRequest;Ljavax/servlet/ServletResponse;)V+99
j  org.springframework.web.filter.RequestContextFilter.doFilterInternal(Ljavax/servlet/http/HttpServletRequest;Ljavax/servlet/http/HttpServletResponse;Ljavax/servlet/FilterChain;)V+21
j  org.springframework.web.filter.OncePerRequestFilter.doFilter(Ljavax/servlet/ServletRequest;Ljavax/servlet/ServletResponse;Ljavax/servlet/FilterChain;)V+147
j  org.apache.catalina.core.ApplicationFilterChain.internalDoFilter(Ljavax/servlet/ServletRequest;Ljavax/servlet/ServletResponse;)V+135
j  org.apache.catalina.core.ApplicationFilterChain.doFilter(Ljavax/servlet/ServletRequest;Ljavax/servlet/ServletResponse;)V+99
j  org.springframework.web.filter.FormContentFilter.doFilterInternal(Ljavax/servlet/http/HttpServletRequest;Ljavax/servlet/http/HttpServletResponse;Ljavax/servlet/FilterChain;)V+38
j  org.springframework.web.filter.OncePerRequestFilter.doFilter(Ljavax/servlet/ServletRequest;Ljavax/servlet/ServletResponse;Ljavax/servlet/FilterChain;)V+147
j  org.apache.catalina.core.ApplicationFilterChain.internalDoFilter(Ljavax/servlet/ServletRequest;Ljavax/servlet/ServletResponse;)V+135
j  org.apache.catalina.core.ApplicationFilterChain.doFilter(Ljavax/servlet/ServletRequest;Ljavax/servlet/ServletResponse;)V+99
j  org.springframework.web.filter.CharacterEncodingFilter.doFilterInternal(Ljavax/servlet/http/HttpServletRequest;Ljavax/servlet/http/HttpServletResponse;Ljavax/servlet/FilterChain;)V+53
j  org.springframework.web.filter.OncePerRequestFilter.doFilter(Ljavax/servlet/ServletRequest;Ljavax/servlet/ServletResponse;Ljavax/servlet/FilterChain;)V+147
j  org.apache.catalina.core.ApplicationFilterChain.internalDoFilter(Ljavax/servlet/ServletRequest;Ljavax/servlet/ServletResponse;)V+135
j  org.apache.catalina.core.ApplicationFilterChain.doFilter(Ljavax/servlet/ServletRequest;Ljavax/servlet/ServletResponse;)V+99
j  org.apache.catalina.core.StandardWrapperValve.invoke(Lorg/apache/catalina/connector/Request;Lorg/apache/catalina/connector/Response;)V+694
j  org.apache.catalina.core.StandardContextValve.invoke(Lorg/apache/catalina/connector/Request;Lorg/apache/catalina/connector/Response;)V+169
j  org.apache.catalina.authenticator.AuthenticatorBase.invoke(Lorg/apache/catalina/connector/Request;Lorg/apache/catalina/connector/Response;)V+262
j  org.apache.catalina.core.StandardHostValve.invoke(Lorg/apache/catalina/connector/Request;Lorg/apache/catalina/connector/Response;)V+128
j  org.apache.catalina.valves.ErrorReportValve.invoke(Lorg/apache/catalina/connector/Request;Lorg/apache/catalina/connector/Response;)V+6
j  org.apache.catalina.core.StandardEngineValve.invoke(Lorg/apache/catalina/connector/Request;Lorg/apache/catalina/connector/Response;)V+59
j  org.apache.catalina.connector.CoyoteAdapter.service(Lorg/apache/coyote/Request;Lorg/apache/coyote/Response;)V+204
j  org.apache.coyote.http11.Http11Processor.service(Lorg/apache/tomcat/util/net/SocketWrapperBase;)Lorg/apache/tomcat/util/net/AbstractEndpoint$Handler$SocketState;+806
j  org.apache.coyote.AbstractProcessorLight.process(Lorg/apache/tomcat/util/net/SocketWrapperBase;Lorg/apache/tomcat/util/net/SocketEvent;)Lorg/apache/tomcat/util/net/AbstractEndpoint$Handler$SocketState;+170
j  org.apache.coyote.AbstractProtocol$ConnectionHandler.process(Lorg/apache/tomcat/util/net/SocketWrapperBase;Lorg/apache/tomcat/util/net/SocketEvent;)Lorg/apache/tomcat/util/net/AbstractEndpoint$Handler$SocketState;+495
j  org.apache.tomcat.util.net.NioEndpoint$SocketProcessor.doRun()V+216
j  org.apache.tomcat.util.net.SocketProcessorBase.run()V+21
j  org.apache.tomcat.util.threads.ThreadPoolExecutor.runWorker(Lorg/apache/tomcat/util/threads/ThreadPoolExecutor$Worker;)V+92
j  org.apache.tomcat.util.threads.ThreadPoolExecutor$Worker.run()V+5
j  org.apache.tomcat.util.threads.TaskThread$WrappingRunnable.run()V+4
j  java.lang.Thread.run()V+11
v  ~StubRoutines::call_stub

---------------  P R O C E S S  ---------------

Java Threads: ( => current thread )
  0x000001e3cd8bf800 JavaThread "Java2D Disposer" daemon [_thread_blocked, id=2156, stack(0x0000004a6f300000,0x0000004a6f400000)]
  0x000001e3cd8b9000 JavaThread "DestroyJavaVM" [_thread_blocked, id=11060, stack(0x0000004a6b400000,0x0000004a6b500000)]
  0x000001e3cd8b8800 JavaThread "http-nio-8806-Acceptor" daemon [_thread_in_native, id=12412, stack(0x0000004a6f000000,0x0000004a6f100000)]
  0x000001e3cfd5e800 JavaThread "http-nio-8806-Poller" daemon [_thread_in_native, id=13340, stack(0x0000004a6ef00000,0x0000004a6f000000)]
  0x000001e3cfd5b000 JavaThread "http-nio-8806-exec-30" daemon [_thread_blocked, id=13920, stack(0x0000004a6ee00000,0x0000004a6ef00000)]
  0x000001e3cfd5d800 JavaThread "http-nio-8806-exec-29" daemon [_thread_blocked, id=14228, stack(0x0000004a6ed00000,0x0000004a6ee00000)]
  0x000001e3cfd5c800 JavaThread "http-nio-8806-exec-28" daemon [_thread_blocked, id=1188, stack(0x0000004a6ec00000,0x0000004a6ed00000)]
  0x000001e3cfd59800 JavaThread "http-nio-8806-exec-27" daemon [_thread_blocked, id=13368, stack(0x0000004a6eb00000,0x0000004a6ec00000)]
  0x000001e3cfd5c000 JavaThread "http-nio-8806-exec-26" daemon [_thread_blocked, id=11660, stack(0x0000004a6ea00000,0x0000004a6eb00000)]
=>0x000001e3cfd59000 JavaThread "http-nio-8806-exec-25" daemon [_thread_in_vm, id=13276, stack(0x0000004a6e900000,0x0000004a6ea00000)]
  0x000001e3cfd5a800 JavaThread "http-nio-8806-exec-24" daemon [_thread_blocked, id=11484, stack(0x0000004a6e800000,0x0000004a6e900000)]
  0x000001e3cfd57000 JavaThread "http-nio-8806-exec-23" daemon [_thread_blocked, id=13420, stack(0x0000004a6e700000,0x0000004a6e800000)]
  0x000001e3cfd58000 JavaThread "http-nio-8806-exec-22" daemon [_thread_blocked, id=13596, stack(0x0000004a6e600000,0x0000004a6e700000)]
  0x000001e3cfd50000 JavaThread "http-nio-8806-exec-21" daemon [_thread_blocked, id=10860, stack(0x0000004a6e500000,0x0000004a6e600000)]
  0x000001e3cfd51000 JavaThread "http-nio-8806-exec-20" daemon [_thread_blocked, id=12276, stack(0x0000004a6e400000,0x0000004a6e500000)]
  0x000001e3cfd4f800 JavaThread "http-nio-8806-exec-19" daemon [_thread_blocked, id=13960, stack(0x0000004a6e300000,0x0000004a6e400000)]
  0x000001e3cfd56800 JavaThread "http-nio-8806-exec-18" daemon [_thread_blocked, id=14108, stack(0x0000004a6e200000,0x0000004a6e300000)]
  0x000001e3cfd51800 JavaThread "http-nio-8806-exec-17" daemon [_thread_blocked, id=11088, stack(0x0000004a6e100000,0x0000004a6e200000)]
  0x000001e3cfd55000 JavaThread "http-nio-8806-exec-16" daemon [_thread_blocked, id=11280, stack(0x0000004a6e000000,0x0000004a6e100000)]
  0x000001e3cfd54000 JavaThread "http-nio-8806-exec-15" daemon [_thread_blocked, id=13332, stack(0x0000004a6df00000,0x0000004a6e000000)]
  0x000001e3cfd55800 JavaThread "http-nio-8806-exec-14" daemon [_thread_blocked, id=6780, stack(0x0000004a6de00000,0x0000004a6df00000)]
  0x000001e3cfd53800 JavaThread "http-nio-8806-exec-13" daemon [_thread_blocked, id=12516, stack(0x0000004a6dd00000,0x0000004a6de00000)]
  0x000001e3cfd52800 JavaThread "http-nio-8806-exec-12" daemon [_thread_blocked, id=32, stack(0x0000004a6dc00000,0x0000004a6dd00000)]
  0x000001e3caf8b000 JavaThread "http-nio-8806-exec-11" daemon [_thread_blocked, id=6696, stack(0x0000004a6db00000,0x0000004a6dc00000)]
  0x000001e3caf8a800 JavaThread "http-nio-8806-exec-10" daemon [_thread_blocked, id=3544, stack(0x0000004a6da00000,0x0000004a6db00000)]
  0x000001e3cc9e9000 JavaThread "http-nio-8806-exec-9" daemon [_thread_blocked, id=14028, stack(0x0000004a6d900000,0x0000004a6da00000)]
  0x000001e3cc9e8000 JavaThread "http-nio-8806-exec-8" daemon [_thread_blocked, id=11332, stack(0x0000004a6d800000,0x0000004a6d900000)]
  0x000001e3cc9e7800 JavaThread "http-nio-8806-exec-7" daemon [_thread_blocked, id=13828, stack(0x0000004a6d700000,0x0000004a6d800000)]
  0x000001e3cc9e6800 JavaThread "http-nio-8806-exec-6" daemon [_thread_blocked, id=12972, stack(0x0000004a6d600000,0x0000004a6d700000)]
  0x000001e3cc9e6000 JavaThread "http-nio-8806-exec-5" daemon [_thread_blocked, id=2340, stack(0x0000004a6d500000,0x0000004a6d600000)]
  0x000001e3cc9de000 JavaThread "http-nio-8806-exec-4" daemon [_thread_blocked, id=12312, stack(0x0000004a6d400000,0x0000004a6d500000)]
  0x000001e3cc9e5000 JavaThread "http-nio-8806-exec-3" daemon [_thread_blocked, id=6456, stack(0x0000004a6d300000,0x0000004a6d400000)]
  0x000001e3cc9dd000 JavaThread "http-nio-8806-exec-2" daemon [_thread_blocked, id=12260, stack(0x0000004a6d200000,0x0000004a6d300000)]
  0x000001e3cc9e4800 JavaThread "http-nio-8806-exec-1" daemon [_thread_blocked, id=2404, stack(0x0000004a6d100000,0x0000004a6d200000)]
  0x000001e3cc9e3800 JavaThread "lettuce-timer-3-1" daemon [_thread_blocked, id=2136, stack(0x0000004a6d000000,0x0000004a6d100000)]
  0x000001e3cc9db000 JavaThread "bean_props_cache.data" [_thread_blocked, id=7852, stack(0x0000004a6cf00000,0x0000004a6d000000)]
  0x000001e3cc9da000 JavaThread "Statistics Thread-__DEFAULT__-1" daemon [_thread_blocked, id=7956, stack(0x0000004a6ce00000,0x0000004a6cf00000)]
  0x000001e3cc9e1000 JavaThread "dic_group_cache.data" [_thread_blocked, id=6476, stack(0x0000004a6cd00000,0x0000004a6ce00000)]
  0x000001e3cc9db800 JavaThread "__DEFAULT__" daemon [_thread_blocked, id=8052, stack(0x0000004a6cc00000,0x0000004a6cd00000)]
  0x000001e3caf88000 JavaThread "container-0" [_thread_blocked, id=13104, stack(0x0000004a6cb00000,0x0000004a6cc00000)]
  0x000001e3caf8f000 JavaThread "Catalina-utility-2" [_thread_blocked, id=13604, stack(0x0000004a6ca00000,0x0000004a6cb00000)]
  0x000001e3caf8e800 JavaThread "Catalina-utility-1" [_thread_blocked, id=11972, stack(0x0000004a6c900000,0x0000004a6ca00000)]
  0x000001e3caf8d800 JavaThread "Druid-ConnectionPool-Destroy-1065443868" daemon [_thread_blocked, id=4720, stack(0x0000004a6c800000,0x0000004a6c900000)]
  0x000001e3caf89800 JavaThread "Druid-ConnectionPool-Create-1065443868" daemon [_thread_blocked, id=13888, stack(0x0000004a6c700000,0x0000004a6c800000)]
  0x000001e3caf8c800 JavaThread "mysql-cj-abandoned-connection-cleanup" daemon [_thread_blocked, id=14060, stack(0x0000004a6c600000,0x0000004a6c700000)]
  0x000001e3c826e800 JavaThread "Service Thread" daemon [_thread_blocked, id=1964, stack(0x0000004a6c400000,0x0000004a6c500000)]
  0x000001e3c81aa000 JavaThread "C1 CompilerThread2" daemon [_thread_blocked, id=12824, stack(0x0000004a6c300000,0x0000004a6c400000)]
  0x000001e3c81a9800 JavaThread "C2 CompilerThread1" daemon [_thread_blocked, id=4200, stack(0x0000004a6c200000,0x0000004a6c300000)]
  0x000001e3c819f000 JavaThread "C2 CompilerThread0" daemon [_thread_in_native, id=14024, stack(0x0000004a6c100000,0x0000004a6c200000)]
  0x000001e3c6adf800 JavaThread "JDWP Command Reader" daemon [_thread_in_native, id=7664, stack(0x0000004a6c000000,0x0000004a6c100000)]
  0x000001e3c6ad3000 JavaThread "JDWP Event Helper Thread" daemon [_thread_blocked, id=10048, stack(0x0000004a6bf00000,0x0000004a6c000000)]
  0x000001e3c6acc800 JavaThread "JDWP Transport Listener: dt_socket" daemon [_thread_blocked, id=2336, stack(0x0000004a6be00000,0x0000004a6bf00000)]
  0x000001e3c6aa4800 JavaThread "Attach Listener" daemon [_thread_blocked, id=13804, stack(0x0000004a6bd00000,0x0000004a6be00000)]
  0x000001e3c6a4f800 JavaThread "Signal Dispatcher" daemon [_thread_blocked, id=12740, stack(0x0000004a6bc00000,0x0000004a6bd00000)]
  0x000001e3c6a1e800 JavaThread "Finalizer" daemon [_thread_blocked, id=13620, stack(0x0000004a6bb00000,0x0000004a6bc00000)]
  0x000001e3c6a13000 JavaThread "Reference Handler" daemon [_thread_blocked, id=13964, stack(0x0000004a6ba00000,0x0000004a6bb00000)]

Other Threads:
  0x000001e3c69e7800 VMThread [stack: 0x0000004a6b900000,0x0000004a6ba00000] [id=13012]
  0x000001e3c8265000 WatcherThread [stack: 0x0000004a6c500000,0x0000004a6c600000] [id=6772]

VM state:not at safepoint (normal execution)

VM Mutex/Monitor currently owned by a thread: None

heap address: 0x0000000084c00000, size: 1972 MB, Compressed Oops mode: 32-bit
Narrow klass base: 0x0000000000000000, Narrow klass shift: 3
Compressed class space size: 1073741824 Address: 0x0000000100000000

Heap:
 PSYoungGen      total 650752K, used 395195K [0x00000000d6f00000, 0x0000000100000000, 0x0000000100000000)
  eden space 628736K, 62% used [0x00000000d6f00000,0x00000000ef0eec28,0x00000000fd500000)
  from space 22016K, 0% used [0x00000000fea80000,0x00000000fea80000,0x0000000100000000)
  to   space 22016K, 0% used [0x00000000fd500000,0x00000000fd500000,0x00000000fea80000)
 ParOldGen       total 123904K, used 50930K [0x0000000084c00000, 0x000000008c500000, 0x00000000d6f00000)
  object space 123904K, 41% used [0x0000000084c00000,0x0000000087dbc8e8,0x000000008c500000)
 Metaspace       used 107867K, capacity 113441K, committed 113792K, reserved 1148928K
  class space    used 13459K, capacity 14394K, committed 14464K, reserved 1048576K

Card table byte_map: [0x000001e3c1930000,0x000001e3c1d10000] byte_map_base: 0x000001e3c150a000

Marking Bits: (ParMarkBitMap*) 0x000000007409c820
 Begin Bits: [0x000001e3c1fb0000, 0x000001e3c3e80000)
 End Bits:   [0x000001e3c3e80000, 0x000001e3c5d50000)

Polling page: 0x000001e3b0800000

CodeCache: size=245760Kb used=33466Kb max_used=33471Kb free=212293Kb
 bounds [0x000001e3b2570000, 0x000001e3b4650000, 0x000001e3c1570000]
 total_blobs=11008 nmethods=10196 adapters=729
 compilation: enabled

Compilation events (10 events):
Event: 54.298 Thread 0x000001e3c81aa000 12363       3       java.util.IdentityHashMap$IdentityHashMapIterator::hasNext (50 bytes)
Event: 54.298 Thread 0x000001e3c81aa000 nmethod 12363 0x000001e3b4637490 code [0x000001e3b4637600, 0x000001e3b4637898]
Event: 54.316 Thread 0x000001e3c81a9800 12364       4       java.lang.invoke.MemberName::getMethodOrFieldType (72 bytes)
Event: 54.321 Thread 0x000001e3c81a9800 nmethod 12364 0x000001e3b4644150 code [0x000001e3b4644300, 0x000001e3b46448b0]
Event: 54.321 Thread 0x000001e3c81a9800 12365       4       java.lang.invoke.MemberName::initResolved (53 bytes)
Event: 54.321 Thread 0x000001e3c81a9800 nmethod 12365 0x000001e3b333dad0 code [0x000001e3b333dc00, 0x000001e3b333dc78]
Event: 54.321 Thread 0x000001e3c81a9800 12366       4       jdk.internal.org.objectweb.asm.MethodVisitor::<init> (35 bytes)
Event: 54.322 Thread 0x000001e3c81aa000 12367       3       java.lang.invoke.LambdaFormEditor::getInCache (189 bytes)
Event: 54.322 Thread 0x000001e3c81a9800 nmethod 12366 0x000001e3b46411d0 code [0x000001e3b4641300, 0x000001e3b46413b8]
Event: 54.323 Thread 0x000001e3c81aa000 nmethod 12367 0x000001e3b4642910 code [0x000001e3b4642b40, 0x000001e3b4643c90]

GC Heap History (10 events):
Event: 17.646 GC heap before
{Heap before GC invocations=16 (full 3):
 PSYoungGen      total 486912K, used 478208K [0x00000000d6f00000, 0x00000000f6280000, 0x0000000100000000)
  eden space 478208K, 100% used [0x00000000d6f00000,0x00000000f4200000,0x00000000f4200000)
  from space 8704K, 0% used [0x00000000f5a00000,0x00000000f5a00000,0x00000000f6280000)
  to   space 14336K, 0% used [0x00000000f4680000,0x00000000f4680000,0x00000000f5480000)
 ParOldGen       total 92160K, used 27846K [0x0000000084c00000, 0x000000008a600000, 0x00000000d6f00000)
  object space 92160K, 30% used [0x0000000084c00000,0x0000000086731928,0x000000008a600000)
 Metaspace       used 72378K, capacity 75359K, committed 75648K, reserved 1116160K
  class space    used 9267K, capacity 9815K, committed 9856K, reserved 1048576K
Event: 17.667 GC heap after
Heap after GC invocations=16 (full 3):
 PSYoungGen      total 497152K, used 14315K [0x00000000d6f00000, 0x0000000100000000, 0x0000000100000000)
  eden space 482816K, 0% used [0x00000000d6f00000,0x00000000d6f00000,0x00000000f4680000)
  from space 14336K, 99% used [0x00000000f4680000,0x00000000f547acf0,0x00000000f5480000)
  to   space 18432K, 0% used [0x00000000fee00000,0x00000000fee00000,0x0000000100000000)
 ParOldGen       total 92160K, used 33698K [0x0000000084c00000, 0x000000008a600000, 0x00000000d6f00000)
  object space 92160K, 36% used [0x0000000084c00000,0x0000000086ce8b88,0x000000008a600000)
 Metaspace       used 72378K, capacity 75359K, committed 75648K, reserved 1116160K
  class space    used 9267K, capacity 9815K, committed 9856K, reserved 1048576K
}
Event: 21.412 GC heap before
{Heap before GC invocations=17 (full 3):
 PSYoungGen      total 497152K, used 497131K [0x00000000d6f00000, 0x0000000100000000, 0x0000000100000000)
  eden space 482816K, 100% used [0x00000000d6f00000,0x00000000f4680000,0x00000000f4680000)
  from space 14336K, 99% used [0x00000000f4680000,0x00000000f547acf0,0x00000000f5480000)
  to   space 18432K, 0% used [0x00000000fee00000,0x00000000fee00000,0x0000000100000000)
 ParOldGen       total 92160K, used 33698K [0x0000000084c00000, 0x000000008a600000, 0x00000000d6f00000)
  object space 92160K, 36% used [0x0000000084c00000,0x0000000086ce8b88,0x000000008a600000)
 Metaspace       used 83850K, capacity 87765K, committed 87808K, reserved 1126400K
  class space    used 10559K, capacity 11222K, committed 11264K, reserved 1048576K
Event: 21.442 GC heap after
Heap after GC invocations=17 (full 3):
 PSYoungGen      total 645120K, used 15158K [0x00000000d6f00000, 0x00000000ffd00000, 0x0000000100000000)
  eden space 629760K, 0% used [0x00000000d6f00000,0x00000000d6f00000,0x00000000fd600000)
  from space 15360K, 98% used [0x00000000fee00000,0x00000000ffccda80,0x00000000ffd00000)
  to   space 19968K, 0% used [0x00000000fd600000,0x00000000fd600000,0x00000000fe980000)
 ParOldGen       total 92160K, used 39855K [0x0000000084c00000, 0x000000008a600000, 0x00000000d6f00000)
  object space 92160K, 43% used [0x0000000084c00000,0x00000000872ebf90,0x000000008a600000)
 Metaspace       used 83850K, capacity 87765K, committed 87808K, reserved 1126400K
  class space    used 10559K, capacity 11222K, committed 11264K, reserved 1048576K
}
Event: 25.691 GC heap before
{Heap before GC invocations=18 (full 3):
 PSYoungGen      total 645120K, used 644918K [0x00000000d6f00000, 0x00000000ffd00000, 0x0000000100000000)
  eden space 629760K, 100% used [0x00000000d6f00000,0x00000000fd600000,0x00000000fd600000)
  from space 15360K, 98% used [0x00000000fee00000,0x00000000ffccda80,0x00000000ffd00000)
  to   space 19968K, 0% used [0x00000000fd600000,0x00000000fd600000,0x00000000fe980000)
 ParOldGen       total 92160K, used 39855K [0x0000000084c00000, 0x000000008a600000, 0x00000000d6f00000)
  object space 92160K, 43% used [0x0000000084c00000,0x00000000872ebf90,0x000000008a600000)
 Metaspace       used 93568K, capacity 98141K, committed 98304K, reserved 1134592K
  class space    used 11664K, capacity 12432K, committed 12544K, reserved 1048576K
Event: 25.736 GC heap after
Heap after GC invocations=18 (full 3):
 PSYoungGen      total 649728K, used 18023K [0x00000000d6f00000, 0x0000000100000000, 0x0000000100000000)
  eden space 629760K, 0% used [0x00000000d6f00000,0x00000000d6f00000,0x00000000fd600000)
  from space 19968K, 90% used [0x00000000fd600000,0x00000000fe799d78,0x00000000fe980000)
  to   space 22016K, 0% used [0x00000000fea80000,0x00000000fea80000,0x0000000100000000)
 ParOldGen       total 92160K, used 49035K [0x0000000084c00000, 0x000000008a600000, 0x00000000d6f00000)
  object space 92160K, 53% used [0x0000000084c00000,0x0000000087be2fa8,0x000000008a600000)
 Metaspace       used 93568K, capacity 98141K, committed 98304K, reserved 1134592K
  class space    used 11664K, capacity 12432K, committed 12544K, reserved 1048576K
}
Event: 25.755 GC heap before
{Heap before GC invocations=19 (full 3):
 PSYoungGen      total 649728K, used 29927K [0x00000000d6f00000, 0x0000000100000000, 0x0000000100000000)
  eden space 629760K, 1% used [0x00000000d6f00000,0x00000000d7aa0068,0x00000000fd600000)
  from space 19968K, 90% used [0x00000000fd600000,0x00000000fe799d78,0x00000000fe980000)
  to   space 22016K, 0% used [0x00000000fea80000,0x00000000fea80000,0x0000000100000000)
 ParOldGen       total 92160K, used 49035K [0x0000000084c00000, 0x000000008a600000, 0x00000000d6f00000)
  object space 92160K, 53% used [0x0000000084c00000,0x0000000087be2fa8,0x000000008a600000)
 Metaspace       used 93632K, capacity 98153K, committed 98304K, reserved 1134592K
  class space    used 11673K, capacity 12436K, committed 12544K, reserved 1048576K
Event: 25.770 GC heap after
Heap after GC invocations=19 (full 3):
 PSYoungGen      total 650752K, used 12448K [0x00000000d6f00000, 0x0000000100000000, 0x0000000100000000)
  eden space 628736K, 0% used [0x00000000d6f00000,0x00000000d6f00000,0x00000000fd500000)
  from space 22016K, 56% used [0x00000000fea80000,0x00000000ff6a8050,0x0000000100000000)
  to   space 22016K, 0% used [0x00000000fd500000,0x00000000fd500000,0x00000000fea80000)
 ParOldGen       total 92160K, used 49043K [0x0000000084c00000, 0x000000008a600000, 0x00000000d6f00000)
  object space 92160K, 53% used [0x0000000084c00000,0x0000000087be4fa8,0x000000008a600000)
 Metaspace       used 93632K, capacity 98153K, committed 98304K, reserved 1134592K
  class space    used 11673K, capacity 12436K, committed 12544K, reserved 1048576K
}
Event: 25.770 GC heap before
{Heap before GC invocations=20 (full 4):
 PSYoungGen      total 650752K, used 12448K [0x00000000d6f00000, 0x0000000100000000, 0x0000000100000000)
  eden space 628736K, 0% used [0x00000000d6f00000,0x00000000d6f00000,0x00000000fd500000)
  from space 22016K, 56% used [0x00000000fea80000,0x00000000ff6a8050,0x0000000100000000)
  to   space 22016K, 0% used [0x00000000fd500000,0x00000000fd500000,0x00000000fea80000)
 ParOldGen       total 92160K, used 49043K [0x0000000084c00000, 0x000000008a600000, 0x00000000d6f00000)
  object space 92160K, 53% used [0x0000000084c00000,0x0000000087be4fa8,0x000000008a600000)
 Metaspace       used 93632K, capacity 98153K, committed 98304K, reserved 1134592K
  class space    used 11673K, capacity 12436K, committed 12544K, reserved 1048576K
Event: 25.979 GC heap after
Heap after GC invocations=20 (full 4):
 PSYoungGen      total 650752K, used 0K [0x00000000d6f00000, 0x0000000100000000, 0x0000000100000000)
  eden space 628736K, 0% used [0x00000000d6f00000,0x00000000d6f00000,0x00000000fd500000)
  from space 22016K, 0% used [0x00000000fea80000,0x00000000fea80000,0x0000000100000000)
  to   space 22016K, 0% used [0x00000000fd500000,0x00000000fd500000,0x00000000fea80000)
 ParOldGen       total 123904K, used 50930K [0x0000000084c00000, 0x000000008c500000, 0x00000000d6f00000)
  object space 123904K, 41% used [0x0000000084c00000,0x0000000087dbc8e8,0x000000008c500000)
 Metaspace       used 93632K, capacity 98153K, committed 98304K, reserved 1134592K
  class space    used 11673K, capacity 12436K, committed 12544K, reserved 1048576K
}

Deoptimization events (10 events):
Event: 54.309 Thread 0x000001e3cfd59000 Uncommon trap: reason=unhandled action=none pc=0x000001e3b28cfcd4 method=java.net.URLClassLoader.findClass(Ljava/lang/String;)Ljava/lang/Class; @ 44
Event: 54.310 Thread 0x000001e3cfd59000 Uncommon trap: reason=unhandled action=none pc=0x000001e3b28cfcd4 method=java.net.URLClassLoader.findClass(Ljava/lang/String;)Ljava/lang/Class; @ 44
Event: 54.312 Thread 0x000001e3cfd59000 Uncommon trap: reason=unhandled action=none pc=0x000001e3b28cfcd4 method=java.net.URLClassLoader.findClass(Ljava/lang/String;)Ljava/lang/Class; @ 44
Event: 54.313 Thread 0x000001e3cfd59000 Uncommon trap: reason=unhandled action=none pc=0x000001e3b28cfcd4 method=java.net.URLClassLoader.findClass(Ljava/lang/String;)Ljava/lang/Class; @ 44
Event: 54.313 Thread 0x000001e3cfd59000 Uncommon trap: reason=unhandled action=none pc=0x000001e3b28cfcd4 method=java.net.URLClassLoader.findClass(Ljava/lang/String;)Ljava/lang/Class; @ 44
Event: 54.315 Thread 0x000001e3cfd59000 Uncommon trap: reason=unhandled action=none pc=0x000001e3b28cfcd4 method=java.net.URLClassLoader.findClass(Ljava/lang/String;)Ljava/lang/Class; @ 44
Event: 54.323 Thread 0x000001e3cfd59000 Uncommon trap: reason=unhandled action=none pc=0x000001e3b28cfcd4 method=java.net.URLClassLoader.findClass(Ljava/lang/String;)Ljava/lang/Class; @ 44
Event: 54.326 Thread 0x000001e3cfd59000 Uncommon trap: reason=unhandled action=none pc=0x000001e3b28cfcd4 method=java.net.URLClassLoader.findClass(Ljava/lang/String;)Ljava/lang/Class; @ 44
Event: 54.327 Thread 0x000001e3cfd59000 Uncommon trap: reason=unhandled action=none pc=0x000001e3b28cfcd4 method=java.net.URLClassLoader.findClass(Ljava/lang/String;)Ljava/lang/Class; @ 44
Event: 54.328 Thread 0x000001e3cfd59000 Uncommon trap: reason=unhandled action=none pc=0x000001e3b28cfcd4 method=java.net.URLClassLoader.findClass(Ljava/lang/String;)Ljava/lang/Class; @ 44

Classes redefined (0 events):
No events

Internal exceptions (10 events):
Event: 41.158 Thread 0x000001e3cfd55000 Exception <a 'java/lang/ArrayIndexOutOfBoundsException': 21> (0x00000000eb256bf8) thrown at [J:\jenkins\tmp\workspace\build\src\hotspot\src\share\vm\interpreter\interpreterRuntime.cpp, line 371]
Event: 41.158 Thread 0x000001e3cfd55000 Exception <a 'java/lang/ArrayIndexOutOfBoundsException': 23> (0x00000000eb259aa0) thrown at [J:\jenkins\tmp\workspace\build\src\hotspot\src\share\vm\interpreter\interpreterRuntime.cpp, line 371]
Event: 41.158 Thread 0x000001e3cfd55000 Exception <a 'java/lang/ArrayIndexOutOfBoundsException': 22> (0x00000000eb25d830) thrown at [J:\jenkins\tmp\workspace\build\src\hotspot\src\share\vm\interpreter\interpreterRuntime.cpp, line 371]
Event: 41.166 Thread 0x000001e3cfd55000 Exception <a 'java/lang/ClassNotFoundException': java/lang/ObjectCustomizer> (0x00000000eb29eff8) thrown at [J:\jenkins\tmp\workspace\build\src\hotspot\src\share\vm\classfile\systemDictionary.cpp, line 217]
Event: 41.169 Thread 0x000001e3cfd55000 Exception <a 'java/lang/ClassNotFoundException': com/slipper/unieap/bakerstreet/scriptmgt/pojo/ScriptInfoCustomizer> (0x00000000eb2d0010) thrown at [J:\jenkins\tmp\workspace\build\src\hotspot\src\share\vm\classfile\systemDictionary.cpp, line 217]
Event: 41.389 Thread 0x000001e3cfd56800 Exception <a 'java/lang/ArrayIndexOutOfBoundsException': 91> (0x00000000ec4fcb20) thrown at [J:\jenkins\tmp\workspace\build\src\hotspot\src\share\vm\interpreter\interpreterRuntime.cpp, line 371]
Event: 41.400 Thread 0x000001e3cfd56800 Exception <a 'java/lang/ArrayIndexOutOfBoundsException': 94> (0x00000000ec50dae0) thrown at [J:\jenkins\tmp\workspace\build\src\hotspot\src\share\vm\interpreter\interpreterRuntime.cpp, line 371]
Event: 41.400 Thread 0x000001e3cfd51800 Exception <a 'java/lang/ArrayIndexOutOfBoundsException': 94> (0x00000000ec8b9fb8) thrown at [J:\jenkins\tmp\workspace\build\src\hotspot\src\share\vm\interpreter\interpreterRuntime.cpp, line 371]
Event: 41.401 Thread 0x000001e3cfd51800 Exception <a 'java/lang/ArrayIndexOutOfBoundsException': 89> (0x00000000ec8bcca0) thrown at [J:\jenkins\tmp\workspace\build\src\hotspot\src\share\vm\interpreter\interpreterRuntime.cpp, line 371]
Event: 41.401 Thread 0x000001e3cfd51800 Implicit null exception at 0x000001e3b323514f to 0x000001e3b32352ed

Events (10 events):
Event: 54.327 Thread 0x000001e3cfd59000 DEOPT UNPACKING pc=0x000001e3b25b75d8 sp=0x0000004a6e9f96b8 mode 1
Event: 54.328 Thread 0x000001e3cfd59000 DEOPT PACKING pc=0x000001e3b2f3bf81 sp=0x0000004a6e9fa940
Event: 54.328 Thread 0x000001e3cfd59000 DEOPT UNPACKING pc=0x000001e3b25b75d8 sp=0x0000004a6e9fa688 mode 1
Event: 54.328 loading class com/alibaba/fastjson2/JSONFactory$Utils
Event: 54.328 loading class com/alibaba/fastjson2/JSONFactory$Utils done
Event: 54.328 Thread 0x000001e3cfd59000 Uncommon trap: trap_request=0xffffffa7 fr.pc=0x000001e3b28cfcd4
Event: 54.328 Thread 0x000001e3cfd59000 DEOPT PACKING pc=0x000001e3b28cfcd4 sp=0x0000004a6e9fa390
Event: 54.328 Thread 0x000001e3cfd59000 DEOPT UNPACKING pc=0x000001e3b25b5583 sp=0x0000004a6e9fa328 mode 2
Event: 54.328 Thread 0x000001e3cfd59000 DEOPT PACKING pc=0x000001e3b3973aec sp=0x0000004a6e9fa3d0
Event: 54.328 Thread 0x000001e3cfd59000 DEOPT UNPACKING pc=0x000001e3b25b75d8 sp=0x0000004a6e9fa008 mode 1


Dynamic libraries:
0x00007ff714ff0000 - 0x00007ff71502a000 	C:\Program Files\Eclipse Foundation\jdk-8.0.302.8-hotspot\bin\javaw.exe
0x00007ff94db50000 - 0x00007ff94dd48000 	C:\WINDOWS\SYSTEM32\ntdll.dll
0x00007ff94d770000 - 0x00007ff94d82f000 	C:\WINDOWS\System32\KERNEL32.DLL
0x00007ff94b6e0000 - 0x00007ff94b9b2000 	C:\WINDOWS\System32\KERNELBASE.dll
0x00007ff94c710000 - 0x00007ff94c7be000 	C:\WINDOWS\System32\ADVAPI32.dll
0x00007ff94da70000 - 0x00007ff94db0e000 	C:\WINDOWS\System32\msvcrt.dll
0x00007ff94d830000 - 0x00007ff94d8cc000 	C:\WINDOWS\System32\sechost.dll
0x00007ff94c0b0000 - 0x00007ff94c1d5000 	C:\WINDOWS\System32\RPCRT4.dll
0x00007ff94c1e0000 - 0x00007ff94c381000 	C:\WINDOWS\System32\USER32.dll
0x00007ff94ba60000 - 0x00007ff94ba82000 	C:\WINDOWS\System32\win32u.dll
0x00007ff94c7c0000 - 0x00007ff94c7eb000 	C:\WINDOWS\System32\GDI32.dll
0x00007ff94b5d0000 - 0x00007ff94b6df000 	C:\WINDOWS\System32\gdi32full.dll
0x00007ff94b9c0000 - 0x00007ff94ba5d000 	C:\WINDOWS\System32\msvcp_win.dll
0x00007ff94b410000 - 0x00007ff94b510000 	C:\WINDOWS\System32\ucrtbase.dll
0x00007ff937740000 - 0x00007ff9379da000 	C:\WINDOWS\WinSxS\amd64_microsoft.windows.common-controls_6595b64144ccf1df_6.0.19041.1110_none_60b5254171f9507e\COMCTL32.dll
0x00007ff94c390000 - 0x00007ff94c3c2000 	C:\WINDOWS\System32\IMM32.DLL
0x00007ff944860000 - 0x00007ff94494f000 	C:\Program Files\Eclipse Foundation\jdk-8.0.302.8-hotspot\jre\bin\msvcr120.dll
0x00007ff943b00000 - 0x00007ff943ba6000 	C:\Program Files\Eclipse Foundation\jdk-8.0.302.8-hotspot\jre\bin\msvcp120.dll
0x00000000738b0000 - 0x000000007411b000 	C:\Program Files\Eclipse Foundation\jdk-8.0.302.8-hotspot\jre\bin\server\jvm.dll
0x00007ff94bb90000 - 0x00007ff94bb98000 	C:\WINDOWS\System32\PSAPI.DLL
0x00007ff93cd20000 - 0x00007ff93cd47000 	C:\WINDOWS\SYSTEM32\WINMM.dll
0x00007ff93d570000 - 0x00007ff93d57a000 	C:\WINDOWS\SYSTEM32\VERSION.dll
0x00007ff9382e0000 - 0x00007ff9382e9000 	C:\WINDOWS\SYSTEM32\WSOCK32.dll
0x00007ff94cfb0000 - 0x00007ff94d01b000 	C:\WINDOWS\System32\WS2_32.dll
0x00007ff944d90000 - 0x00007ff944d9f000 	C:\Program Files\Eclipse Foundation\jdk-8.0.302.8-hotspot\jre\bin\verify.dll
0x00007ff93a940000 - 0x00007ff93a969000 	C:\Program Files\Eclipse Foundation\jdk-8.0.302.8-hotspot\jre\bin\java.dll
0x00007ff944e40000 - 0x00007ff944e75000 	C:\Program Files\Eclipse Foundation\jdk-8.0.302.8-hotspot\jre\bin\jdwp.dll
0x00007ff946200000 - 0x00007ff946208000 	C:\Program Files\Eclipse Foundation\jdk-8.0.302.8-hotspot\jre\bin\npt.dll
0x00007ff934560000 - 0x00007ff93458a000 	C:\Program Files\Eclipse Foundation\jdk-8.0.302.8-hotspot\jre\bin\instrument.dll
0x00007ff944c60000 - 0x00007ff944c76000 	C:\Program Files\Eclipse Foundation\jdk-8.0.302.8-hotspot\jre\bin\zip.dll
0x00007ff94d020000 - 0x00007ff94d764000 	C:\WINDOWS\System32\SHELL32.dll
0x00007ff9488c0000 - 0x00007ff949052000 	C:\WINDOWS\SYSTEM32\windows.storage.dll
0x00007ff94bba0000 - 0x00007ff94bef5000 	C:\WINDOWS\System32\combase.dll
0x00007ff94abc0000 - 0x00007ff94abf0000 	C:\WINDOWS\SYSTEM32\Wldp.dll
0x00007ff94ca00000 - 0x00007ff94caad000 	C:\WINDOWS\System32\SHCORE.dll
0x00007ff94c9a0000 - 0x00007ff94c9f5000 	C:\WINDOWS\System32\shlwapi.dll
0x00007ff94b180000 - 0x00007ff94b19f000 	C:\WINDOWS\SYSTEM32\profapi.dll
0x00007ff9461f0000 - 0x00007ff9461f9000 	C:\Program Files\Eclipse Foundation\jdk-8.0.302.8-hotspot\jre\bin\dt_socket.dll
0x00007ff935ae0000 - 0x00007ff935af7000 	C:\WINDOWS\system32\napinsp.dll
0x00007ff935ac0000 - 0x00007ff935adb000 	C:\WINDOWS\system32\pnrpnsp.dll
0x00007ff945590000 - 0x00007ff9455a5000 	C:\WINDOWS\system32\wshbth.dll
0x00007ff946040000 - 0x00007ff94605d000 	C:\WINDOWS\system32\NLAapi.dll
0x00007ff94a610000 - 0x00007ff94a64b000 	C:\WINDOWS\SYSTEM32\IPHLPAPI.DLL
0x00007ff94a920000 - 0x00007ff94a98a000 	C:\WINDOWS\System32\mswsock.dll
0x00007ff94a650000 - 0x00007ff94a71a000 	C:\WINDOWS\SYSTEM32\DNSAPI.dll
0x00007ff94c3f0000 - 0x00007ff94c3f8000 	C:\WINDOWS\System32\NSI.dll
0x00007ff935aa0000 - 0x00007ff935ab2000 	C:\WINDOWS\System32\winrnr.dll
0x00007ff93c600000 - 0x00007ff93c680000 	C:\WINDOWS\System32\fwpuclnt.dll
0x00007ff94b510000 - 0x00007ff94b537000 	C:\WINDOWS\System32\bcrypt.dll
0x00007ff942450000 - 0x00007ff94245a000 	C:\Windows\System32\rasadhlp.dll
0x00007ff9461e0000 - 0x00007ff9461ed000 	C:\Program Files\Eclipse Foundation\jdk-8.0.302.8-hotspot\jre\bin\management.dll
0x00007ff944740000 - 0x00007ff94475a000 	C:\Program Files\Eclipse Foundation\jdk-8.0.302.8-hotspot\jre\bin\net.dll
0x00007ff92a3d0000 - 0x00007ff92a3e2000 	C:\Program Files\Eclipse Foundation\jdk-8.0.302.8-hotspot\jre\bin\nio.dll
0x00007ff92ae60000 - 0x00007ff92ae83000 	C:\Program Files\Eclipse Foundation\jdk-8.0.302.8-hotspot\jre\bin\sunec.dll
0x00007ff94ab10000 - 0x00007ff94ab28000 	C:\WINDOWS\SYSTEM32\CRYPTSP.dll
0x00007ff94a240000 - 0x00007ff94a274000 	C:\WINDOWS\system32\rsaenh.dll
0x00007ff94b140000 - 0x00007ff94b16e000 	C:\WINDOWS\SYSTEM32\USERENV.dll
0x00007ff94b540000 - 0x00007ff94b5c2000 	C:\WINDOWS\System32\bcryptprimitives.dll
0x00007ff94ab30000 - 0x00007ff94ab3c000 	C:\WINDOWS\SYSTEM32\CRYPTBASE.dll
0x00007ff9406b0000 - 0x00007ff9406c7000 	C:\WINDOWS\SYSTEM32\dhcpcsvc6.DLL
0x00007ff940690000 - 0x00007ff9406ad000 	C:\WINDOWS\SYSTEM32\dhcpcsvc.DLL
0x00007ff93bda0000 - 0x00007ff93bdac000 	C:\Program Files\Eclipse Foundation\jdk-8.0.302.8-hotspot\jre\bin\sunmscapi.dll
0x00007ff94b2b0000 - 0x00007ff94b406000 	C:\WINDOWS\System32\CRYPT32.dll
0x00007ff94ac30000 - 0x00007ff94ac57000 	C:\WINDOWS\SYSTEM32\ncrypt.dll
0x00007ff94abf0000 - 0x00007ff94ac2b000 	C:\WINDOWS\SYSTEM32\NTASN1.dll
0x00007ff935230000 - 0x00007ff9353c5000 	C:\Program Files\Eclipse Foundation\jdk-8.0.302.8-hotspot\jre\bin\awt.dll
0x00007ff94c8d0000 - 0x00007ff94c99d000 	C:\WINDOWS\System32\OLEAUT32.dll
0x00007ff947d50000 - 0x00007ff947de1000 	C:\WINDOWS\SYSTEM32\apphelp.dll
0x00007ff948350000 - 0x00007ff94837f000 	C:\WINDOWS\system32\DWMAPI.DLL
0x00007ff948150000 - 0x00007ff9481ee000 	C:\WINDOWS\system32\uxtheme.dll
0x00007ff943a60000 - 0x00007ff943af3000 	C:\Program Files\Eclipse Foundation\jdk-8.0.302.8-hotspot\jre\bin\freetype.dll
0x00007ff9432e0000 - 0x00007ff94339d000 	C:\Program Files\Eclipse Foundation\jdk-8.0.302.8-hotspot\jre\bin\fontmanager.dll
0x00007ff944a30000 - 0x00007ff944a5a000 	C:\Program Files\Eclipse Foundation\jdk-8.0.302.8-hotspot\jre\bin\jpeg.dll
0x00007ff9403b0000 - 0x00007ff940594000 	C:\WINDOWS\SYSTEM32\dbghelp.dll

VM Arguments:
jvm_args: -agentlib:jdwp=transport=dt_socket,suspend=y,address=localhost:62142 -javaagent:E:\OneDrive\01-ĎîÄż\07-esb\01-software\eclipse\configuration\org.eclipse.osgi\418\0\.cp\lib\javaagent-shaded.jar -Dfile.encoding=UTF-8 
java_command: com.slipper.SlipperApplication
java_class_path (initial): C:\Program Files\Eclipse Foundation\jdk-8.0.302.8-hotspot\jre\lib\resources.jar;C:\Program Files\Eclipse Foundation\jdk-8.0.302.8-hotspot\jre\lib\rt.jar;C:\Program Files\Eclipse Foundation\jdk-8.0.302.8-hotspot\jre\lib\jsse.jar;C:\Program Files\Eclipse Foundation\jdk-8.0.302.8-hotspot\jre\lib\jce.jar;C:\Program Files\Eclipse Foundation\jdk-8.0.302.8-hotspot\jre\lib\charsets.jar;C:\Program Files\Eclipse Foundation\jdk-8.0.302.8-hotspot\jre\lib\jfr.jar;C:\Program Files\Eclipse Foundation\jdk-8.0.302.8-hotspot\jre\lib\ext\access-bridge-64.jar;C:\Program Files\Eclipse Foundation\jdk-8.0.302.8-hotspot\jre\lib\ext\cldrdata.jar;C:\Program Files\Eclipse Foundation\jdk-8.0.302.8-hotspot\jre\lib\ext\dnsns.jar;C:\Program Files\Eclipse Foundation\jdk-8.0.302.8-hotspot\jre\lib\ext\jaccess.jar;C:\Program Files\Eclipse Foundation\jdk-8.0.302.8-hotspot\jre\lib\ext\localedata.jar;C:\Program Files\Eclipse Foundation\jdk-8.0.302.8-hotspot\jre\lib\ext\nashorn.jar;C:\Program Files\Eclipse Foundation\jdk-8.0.302.8-hotspot\jre\lib\ext\sunec.jar;C:\Program Files\Eclipse Foundation\jdk-8.0.302.8-hotspot\jre\lib\ext\sunjce_provider.jar;C:\Program Files\Eclipse Foundation\jdk-8.0.302.8-hotspot\jre\lib\ext\sunmscapi.jar;C:\Program Files\Eclipse Foundation\jdk-8.0.302.8-hotspot\jre\lib\ext\sunpkcs11.jar;C:\Program Files\Eclipse Foundation\jdk-8.0.302.8-hotspot\jre\lib\ext\zipfs.jar;E:\OneDrive\04-Workspace\03-jianzhuoa\java-spring-boot-admin-master\slipper-backstage\target\classes;E:\OneDrive\04-Workspace\03-jianzhuoa\java-spring-boot-admin-master\slipper-service\target\classes;E:\OneDrive\04-Workspace\03-jianzhuoa\java-spring-boot-admin-master\slipper-core\target\classes;C:\Users\Thinkpad\.m2\repository\mysql\mysql-connector-java\8.0.28\mysql-connector-java-8.0.28.jar;C:\Users\Thinkpad\.m2\repository\com\google\protobuf\protobuf-java\3.11.4\protobuf-java-3.11.4.jar;C:\Users\Thinkpad\.m2\repository\com\alibaba\druid-spring-boot-starter\1.2.9\druid-spring-boot-starte
Launcher Type: SUN_STANDARD

Environment Variables:
JAVA_HOME=C:\Program Files\Java\jdk1.8.0_73
CLASSPATH=.;C:\Program Files\Java\jdk1.8.0_73\lib\dt.jar;C:\Program Files\Java\jdk1.8.0_73\lib\tools.jar;
PATH=C:\Program Files\Eclipse Foundation\jdk-8.0.302.8-hotspot\jre\bin;C:/Program Files/Eclipse Foundation/jdk-8.0.302.8-hotspot/bin/../jre/bin/server;C:/Program Files/Eclipse Foundation/jdk-8.0.302.8-hotspot/bin/../jre/bin;C:/Program Files/Eclipse Foundation/jdk-8.0.302.8-hotspot/bin/../jre/lib/amd64;C:\Program Files\Eclipse Foundation\jdk-8.0.302.8-hotspot\bin;C:\ProgramData\Oracle\Java\javapath;C:\WINDOWS\system32;C:\WINDOWS;C:\WINDOWS\System32\Wbem;C:\WINDOWS\System32\WindowsPowerShell\v1.0\;C:\WINDOWS\System32\OpenSSH\;C:\Program Files\dotnet\;C:\Program Files\Microsoft SQL Server\130\Tools\Binn\;C:\Program Files\Microsoft SQL Server\Client SDK\ODBC\170\Tools\Binn\;C:\Program Files (x86)\Tencent\Î˘ĐĹwebżŞ·˘Őßą¤ľß\dll;"%JAVA;HOME%\bin;C:\Program Files\Java\jdk1.8.0_73\jre\bin;";C:\ProgramData\ComposerSetup\bin;E:\OneDrive\03-Software\php-7.4.32-Win32-vc15-x64;E:\OneDrive\03-Software\apache-maven-3.8.6-bin\apache-maven-3.8.6\bin;D:\Program Files\nodejs\;C:\Users\Thinkpad\AppData\Local\Microsoft\WindowsApps;C:\Users\Thinkpad\.dotnet\tools;C:\Users\Thinkpad\AppData\Roaming\Composer\vendor\bin;D:\Program Files\Microsoft VS Code\bin;C:\Users\Thinkpad\AppData\Roaming\npm;E:\OneDrive\01-ĎîÄż\07-esb\01-software\eclipse;
USERNAME=Chai
OS=Windows_NT
PROCESSOR_IDENTIFIER=Intel64 Family 6 Model 61 Stepping 4, GenuineIntel



---------------  S Y S T E M  ---------------

OS: Windows 10.0 , 64 bit Build 19041 (10.0.19041.2364)

CPU:total 4 (initial active 4) (2 cores per cpu, 2 threads per core) family 6 model 61 stepping 4, cmov, cx8, fxsr, mmx, sse, sse2, sse3, ssse3, sse4.1, sse4.2, popcnt, avx, avx2, clmul, erms, rtm, 3dnowpref, lzcnt, ht, tsc, tscinvbit, bmi1, bmi2, adx

Memory: 4k page, physical 8077284k(1140872k free), swap 18038756k(4880788k free)

vm_info: OpenJDK 64-Bit Server VM (25.302-b08) for windows-amd64 JRE (1.8.0_302-b08), built on Jul 20 2021 21:31:03 by "jenkins" with MS VC++ 12.0 (VS2013)

time: Sun Feb 05 02:16:43 2023
timezone: ?D1¨˛ˇŔ¨şˇÁ?¨şˇŔ??
elapsed time: 54.354669 seconds (0d 0h 0m 54s)

