#
# A fatal error has been detected by the Java Runtime Environment:
#
#  EXCEPTION_ACCESS_VIOLATION (0xc0000005) at pc=0x000000005a9f5521, pid=7624, tid=0x000000000000218c
#
# JRE version: OpenJDK Runtime Environment (8.0_302-b08) (build 1.8.0_302-b08)
# Java VM: OpenJDK 64-Bit Server VM (25.302-b08 mixed mode windows-amd64 compressed oops)
# Problematic frame:
# V  [jvm.dll+0x1b5521]
#
# Failed to write core dump. Minidumps are not enabled by default on client versions of Windows
#
# If you would like to submit a bug report, please visit:
#   https://github.com/adoptium/adoptium-support/issues
#

---------------  T H R E A D  ---------------

Current thread (0x0000018bd9c09000):  JavaThread "http-nio-8806-exec-8" daemon [_thread_in_vm, id=8588, stack(0x0000005856700000,0x0000005856800000)]

siginfo: ExceptionCode=0xc0000005, reading address 0x000000000000000c

Registers:
RAX=0x0000000000000000, RBX=0x0000018bd9c09000, RCX=0x0000000000000900, RDX=0x0000000000000000
RSP=0x00000058567fab50, RBP=0x000000000000000c, RSI=0x0000000000000000, RDI=0x0000000000000000
R8 =0x0000000000000000, R9 =0x000000000000000c, R10=0x000000005a9f5450, R11=0x0000018bc36b5098
R12=0x0000000000000000, R13=0x00000058567fabf8, R14=0x0000018bd9c09250, R15=0x0000018bd9c09000
RIP=0x000000005a9f5521, EFLAGS=0x0000000000010202

Top of Stack: (sp=0x00000058567fab50)
0x00000058567fab50:   0000018bd9c09000 0000018be516e650
0x00000058567fab60:   0000018bd9c09000 0000018be516f798
0x00000058567fab70:   00000058567fac70 0000018bc36b516c
0x00000058567fab80:   0000018bd4cefab8 00000058567fabe0
0x00000058567fab90:   00000000f2245ff8 0000000000000007
0x00000058567faba0:   0000000084c59768 0000000000000000
0x00000058567fabb0:   0000000000000007 00000000000000b6
0x00000058567fabc0:   00000058567fac58 0000018bc10e8edc
0x00000058567fabd0:   0000000000000300 0000018b000000b6
0x00000058567fabe0:   00000058567fac58 0000018bc10b7f00
0x00000058567fabf0:   0000018bc10b7f00 000000000000000c
0x00000058567fac00:   0000018bc10e5dbf 0000000000000000
0x00000058567fac10:   0000000084c59768 00000058567fac18
0x00000058567fac20:   0000018be516f755 00000058567fac70
0x00000058567fac30:   0000018be5176bb8 0000000000000000
0x00000058567fac40:   0000018be516f798 00000058567fabf8 

Instructions: (pc=0x000000005a9f5521)
0x000000005a9f5501:   16 40 f6 c6 01 74 0d 48 8b ce e8 00 e8 02 00 48
0x000000005a9f5511:   8b d0 eb 03 48 8b 16 40 38 3d 86 a9 62 00 74 1b
0x000000005a9f5521:   8b 04 2a 85 c0 74 18 8b 0d aa 50 5c 00 8b f8 48
0x000000005a9f5531:   d3 e7 48 03 3d 96 50 5c 00 eb 04 48 8b 3c 2a 80 


Register to memory mapping:

RAX=0x0000000000000000 is an unknown value
RBX=0x0000018bd9c09000 is a thread
RCX=0x0000000000000900 is an unknown value
RDX=0x0000000000000000 is an unknown value
RSP=0x00000058567fab50 is pointing into the stack for thread: 0x0000018bd9c09000
RBP=0x000000000000000c is an unknown value
RSI=0x0000000000000000 is an unknown value
RDI=0x0000000000000000 is an unknown value
R8 =0x0000000000000000 is an unknown value
R9 =0x000000000000000c is an unknown value
R10=0x000000005a9f5450 is an unknown value
R11=0x0000018bc36b5098 is at entry_point+24 in (nmethod*)0x0000018bc36b4f10
R12=0x0000000000000000 is an unknown value
R13=0x00000058567fabf8 is pointing into the stack for thread: 0x0000018bd9c09000
R14=0x0000018bd9c09250 is an unknown value
R15=0x0000018bd9c09000 is a thread


Stack: [0x0000005856700000,0x0000005856800000],  sp=0x00000058567fab50,  free space=1002k
Native frames: (J=compiled Java code, j=interpreted, Vv=VM code, C=native code)
V  [jvm.dll+0x1b5521]
C  0x0000018bc36b516c

Java frames: (J=compiled Java code, j=interpreted, Vv=VM code)
J 13422  sun.misc.Unsafe.getObject(Ljava/lang/Object;J)Ljava/lang/Object; (0 bytes) @ 0x0000018bc36b50cf [0x0000018bc36b5080+0x4f]
j  com.alibaba.fastjson2.util.JDKUtils.getCharArray(Ljava/lang/String;)[C+13
j  com.alibaba.fastjson2.JSONReader.of(Ljava/lang/String;)Lcom/alibaba/fastjson2/JSONReader;+96
j  com.alibaba.fastjson2.JSON.parseArray(Ljava/lang/String;Ljava/lang/reflect/Type;)Ljava/util/List;+20
j  com.slipper.unieap.bakerstreet.scriptmgt.scriptinfo.ScriptInfoController.createChapter(Lcom/slipper/unieap/bakerstreet/scriptmgt/vo/ChapterInfoVO;)Lcom/slipper/common/utils/R;+7
j  com.slipper.unieap.bakerstreet.scriptmgt.scriptinfo.ScriptInfoController$$FastClassBySpringCGLIB$$78af94d.invoke(ILjava/lang/Object;[Ljava/lang/Object;)Ljava/lang/Object;+326
j  org.springframework.cglib.proxy.MethodProxy.invoke(Ljava/lang/Object;[Ljava/lang/Object;)Ljava/lang/Object;+19
j  org.springframework.aop.framework.CglibAopProxy$CglibMethodInvocation.invokeJoinpoint()Ljava/lang/Object;+19
J 10553 C1 org.springframework.aop.framework.ReflectiveMethodInvocation.proceed()Ljava/lang/Object; (126 bytes) @ 0x0000018bc3136714 [0x0000018bc3135d20+0x9f4]
j  org.springframework.aop.framework.CglibAopProxy$CglibMethodInvocation.proceed()Ljava/lang/Object;+1
j  org.springframework.aop.aspectj.MethodInvocationProceedingJoinPoint.proceed()Ljava/lang/Object;+9
j  com.slipper.service.aspect.LogAspect.around(Lorg/aspectj/lang/ProceedingJoinPoint;)Ljava/lang/Object;+5
v  ~StubRoutines::call_stub
J 2441  sun.reflect.NativeMethodAccessorImpl.invoke0(Ljava/lang/reflect/Method;Ljava/lang/Object;[Ljava/lang/Object;)Ljava/lang/Object; (0 bytes) @ 0x0000018bc198263f [0x0000018bc19825c0+0x7f]
J 2440 C1 sun.reflect.NativeMethodAccessorImpl.invoke(Ljava/lang/Object;[Ljava/lang/Object;)Ljava/lang/Object; (104 bytes) @ 0x0000018bc1983ce4 [0x0000018bc1982b00+0x11e4]
J 7731 C2 java.lang.reflect.Method.invoke(Ljava/lang/Object;[Ljava/lang/Object;)Ljava/lang/Object; (62 bytes) @ 0x0000018bc293be34 [0x0000018bc293bd80+0xb4]
j  org.springframework.aop.aspectj.AbstractAspectJAdvice.invokeAdviceMethodWithGivenArgs([Ljava/lang/Object;)Ljava/lang/Object;+35
j  org.springframework.aop.aspectj.AbstractAspectJAdvice.invokeAdviceMethod(Lorg/aspectj/lang/JoinPoint;Lorg/aspectj/weaver/tools/JoinPointMatch;Ljava/lang/Object;Ljava/lang/Throwable;)Ljava/lang/Object;+10
j  org.springframework.aop.aspectj.AspectJAroundAdvice.invoke(Lorg/aopalliance/intercept/MethodInvocation;)Ljava/lang/Object;+58
J 10553 C1 org.springframework.aop.framework.ReflectiveMethodInvocation.proceed()Ljava/lang/Object; (126 bytes) @ 0x0000018bc31363ec [0x0000018bc3135d20+0x6cc]
j  org.springframework.aop.framework.CglibAopProxy$CglibMethodInvocation.proceed()Ljava/lang/Object;+1
j  org.springframework.aop.interceptor.ExposeInvocationInterceptor.invoke(Lorg/aopalliance/intercept/MethodInvocation;)Ljava/lang/Object;+18
J 10553 C1 org.springframework.aop.framework.ReflectiveMethodInvocation.proceed()Ljava/lang/Object; (126 bytes) @ 0x0000018bc313665c [0x0000018bc3135d20+0x93c]
j  org.springframework.aop.framework.CglibAopProxy$CglibMethodInvocation.proceed()Ljava/lang/Object;+1
J 13298 C1 org.springframework.aop.framework.CglibAopProxy$DynamicAdvisedInterceptor.intercept(Ljava/lang/Object;Ljava/lang/reflect/Method;[Ljava/lang/Object;Lorg/springframework/cglib/proxy/MethodProxy;)Ljava/lang/Object; (247 bytes) @ 0x0000018bc36555ec [0x0000018bc3654ea0+0x74c]
j  com.slipper.unieap.bakerstreet.scriptmgt.scriptinfo.ScriptInfoController$$EnhancerBySpringCGLIB$$e890ca4b.createChapter(Lcom/slipper/unieap/bakerstreet/scriptmgt/vo/ChapterInfoVO;)Lcom/slipper/common/utils/R;+36
v  ~StubRoutines::call_stub
J 2441  sun.reflect.NativeMethodAccessorImpl.invoke0(Ljava/lang/reflect/Method;Ljava/lang/Object;[Ljava/lang/Object;)Ljava/lang/Object; (0 bytes) @ 0x0000018bc198263f [0x0000018bc19825c0+0x7f]
J 2440 C1 sun.reflect.NativeMethodAccessorImpl.invoke(Ljava/lang/Object;[Ljava/lang/Object;)Ljava/lang/Object; (104 bytes) @ 0x0000018bc1983ce4 [0x0000018bc1982b00+0x11e4]
J 7731 C2 java.lang.reflect.Method.invoke(Ljava/lang/Object;[Ljava/lang/Object;)Ljava/lang/Object; (62 bytes) @ 0x0000018bc293be34 [0x0000018bc293bd80+0xb4]
j  org.springframework.web.method.support.InvocableHandlerMethod.doInvoke([Ljava/lang/Object;)Ljava/lang/Object;+28
j  org.springframework.web.method.support.InvocableHandlerMethod.invokeForRequest(Lorg/springframework/web/context/request/NativeWebRequest;Lorg/springframework/web/method/support/ModelAndViewContainer;[Ljava/lang/Object;)Ljava/lang/Object;+54
j  org.springframework.web.servlet.mvc.method.annotation.ServletInvocableHandlerMethod.invokeAndHandle(Lorg/springframework/web/context/request/ServletWebRequest;Lorg/springframework/web/method/support/ModelAndViewContainer;[Ljava/lang/Object;)V+4
j  org.springframework.web.servlet.mvc.method.annotation.RequestMappingHandlerAdapter.invokeHandlerMethod(Ljavax/servlet/http/HttpServletRequest;Ljavax/servlet/http/HttpServletResponse;Lorg/springframework/web/method/HandlerMethod;)Lorg/springframework/web/servlet/ModelAndView;+244
j  org.springframework.web.servlet.mvc.method.annotation.RequestMappingHandlerAdapter.handleInternal(Ljavax/servlet/http/HttpServletRequest;Ljavax/servlet/http/HttpServletResponse;Lorg/springframework/web/method/HandlerMethod;)Lorg/springframework/web/servlet/ModelAndView;+81
j  org.springframework.web.servlet.mvc.method.AbstractHandlerMethodAdapter.handle(Ljavax/servlet/http/HttpServletRequest;Ljavax/servlet/http/HttpServletResponse;Ljava/lang/Object;)Lorg/springframework/web/servlet/ModelAndView;+7
j  org.springframework.web.servlet.DispatcherServlet.doDispatch(Ljavax/servlet/http/HttpServletRequest;Ljavax/servlet/http/HttpServletResponse;)V+259
j  org.springframework.web.servlet.DispatcherServlet.doService(Ljavax/servlet/http/HttpServletRequest;Ljavax/servlet/http/HttpServletResponse;)V+241
j  org.springframework.web.servlet.FrameworkServlet.processRequest(Ljavax/servlet/http/HttpServletRequest;Ljavax/servlet/http/HttpServletResponse;)V+71
j  org.springframework.web.servlet.FrameworkServlet.doPost(Ljavax/servlet/http/HttpServletRequest;Ljavax/servlet/http/HttpServletResponse;)V+3
j  javax.servlet.http.HttpServlet.service(Ljavax/servlet/http/HttpServletRequest;Ljavax/servlet/http/HttpServletResponse;)V+131
j  org.springframework.web.servlet.FrameworkServlet.service(Ljavax/servlet/http/HttpServletRequest;Ljavax/servlet/http/HttpServletResponse;)V+33
j  javax.servlet.http.HttpServlet.service(Ljavax/servlet/ServletRequest;Ljavax/servlet/ServletResponse;)V+40
J 13188 C1 org.apache.catalina.core.ApplicationFilterChain.internalDoFilter(Ljavax/servlet/ServletRequest;Ljavax/servlet/ServletResponse;)V (388 bytes) @ 0x0000018bc35dcfdc [0x0000018bc35dc500+0xadc]
J 13187 C1 org.apache.catalina.core.ApplicationFilterChain.doFilter(Ljavax/servlet/ServletRequest;Ljavax/servlet/ServletResponse;)V (103 bytes) @ 0x0000018bc35c35ac [0x0000018bc35c3500+0xac]
j  org.apache.tomcat.websocket.server.WsFilter.doFilter(Ljavax/servlet/ServletRequest;Ljavax/servlet/ServletResponse;Ljavax/servlet/FilterChain;)V+21
J 13188 C1 org.apache.catalina.core.ApplicationFilterChain.internalDoFilter(Ljavax/servlet/ServletRequest;Ljavax/servlet/ServletResponse;)V (388 bytes) @ 0x0000018bc35dca84 [0x0000018bc35dc500+0x584]
J 13187 C1 org.apache.catalina.core.ApplicationFilterChain.doFilter(Ljavax/servlet/ServletRequest;Ljavax/servlet/ServletResponse;)V (103 bytes) @ 0x0000018bc35c35ac [0x0000018bc35c3500+0xac]
j  org.apache.shiro.web.servlet.OncePerRequestFilter.doFilter(Ljavax/servlet/ServletRequest;Ljavax/servlet/ServletResponse;Ljavax/servlet/FilterChain;)V+34
J 13188 C1 org.apache.catalina.core.ApplicationFilterChain.internalDoFilter(Ljavax/servlet/ServletRequest;Ljavax/servlet/ServletResponse;)V (388 bytes) @ 0x0000018bc35dca84 [0x0000018bc35dc500+0x584]
J 13187 C1 org.apache.catalina.core.ApplicationFilterChain.doFilter(Ljavax/servlet/ServletRequest;Ljavax/servlet/ServletResponse;)V (103 bytes) @ 0x0000018bc35c35ac [0x0000018bc35c3500+0xac]
j  com.slipper.core.xss.XssFilter.doFilter(Ljavax/servlet/ServletRequest;Ljavax/servlet/ServletResponse;Ljavax/servlet/FilterChain;)V+17
J 13188 C1 org.apache.catalina.core.ApplicationFilterChain.internalDoFilter(Ljavax/servlet/ServletRequest;Ljavax/servlet/ServletResponse;)V (388 bytes) @ 0x0000018bc35dca84 [0x0000018bc35dc500+0x584]
J 13187 C1 org.apache.catalina.core.ApplicationFilterChain.doFilter(Ljavax/servlet/ServletRequest;Ljavax/servlet/ServletResponse;)V (103 bytes) @ 0x0000018bc35c35ac [0x0000018bc35c3500+0xac]
j  org.apache.shiro.web.servlet.ProxiedFilterChain.doFilter(Ljavax/servlet/ServletRequest;Ljavax/servlet/ServletResponse;)V+50
j  org.apache.shiro.web.servlet.AdviceFilter.executeChain(Ljavax/servlet/ServletRequest;Ljavax/servlet/ServletResponse;Ljavax/servlet/FilterChain;)V+3
j  org.apache.shiro.web.servlet.AdviceFilter.doFilterInternal(Ljavax/servlet/ServletRequest;Ljavax/servlet/ServletResponse;Ljavax/servlet/FilterChain;)V+64
j  org.apache.shiro.web.servlet.OncePerRequestFilter.doFilter(Ljavax/servlet/ServletRequest;Ljavax/servlet/ServletResponse;Ljavax/servlet/FilterChain;)V+113
j  org.apache.shiro.web.servlet.ProxiedFilterChain.doFilter(Ljavax/servlet/ServletRequest;Ljavax/servlet/ServletResponse;)V+130
j  org.apache.shiro.web.servlet.AdviceFilter.executeChain(Ljavax/servlet/ServletRequest;Ljavax/servlet/ServletResponse;Ljavax/servlet/FilterChain;)V+3
j  org.apache.shiro.web.servlet.AdviceFilter.doFilterInternal(Ljavax/servlet/ServletRequest;Ljavax/servlet/ServletResponse;Ljavax/servlet/FilterChain;)V+64
j  org.apache.shiro.web.servlet.OncePerRequestFilter.doFilter(Ljavax/servlet/ServletRequest;Ljavax/servlet/ServletResponse;Ljavax/servlet/FilterChain;)V+113
j  org.apache.shiro.web.servlet.ProxiedFilterChain.doFilter(Ljavax/servlet/ServletRequest;Ljavax/servlet/ServletResponse;)V+130
j  org.apache.shiro.web.servlet.AbstractShiroFilter.executeChain(Ljavax/servlet/ServletRequest;Ljavax/servlet/ServletResponse;Ljavax/servlet/FilterChain;)V+13
j  org.apache.shiro.web.servlet.AbstractShiroFilter$1.call()Ljava/lang/Object;+31
j  org.apache.shiro.subject.support.SubjectCallable.doCall(Ljava/util/concurrent/Callable;)Ljava/lang/Object;+1
j  org.apache.shiro.subject.support.SubjectCallable.call()Ljava/lang/Object;+14
j  org.apache.shiro.subject.support.DelegatingSubject.execute(Ljava/util/concurrent/Callable;)Ljava/lang/Object;+7
j  org.apache.shiro.web.servlet.AbstractShiroFilter.doFilterInternal(Ljavax/servlet/ServletRequest;Ljavax/servlet/ServletResponse;Ljavax/servlet/FilterChain;)V+47
j  org.apache.shiro.web.servlet.OncePerRequestFilter.doFilter(Ljavax/servlet/ServletRequest;Ljavax/servlet/ServletResponse;Ljavax/servlet/FilterChain;)V+113
j  org.springframework.web.filter.DelegatingFilterProxy.invokeDelegate(Ljavax/servlet/Filter;Ljavax/servlet/ServletRequest;Ljavax/servlet/ServletResponse;Ljavax/servlet/FilterChain;)V+5
j  org.springframework.web.filter.DelegatingFilterProxy.doFilter(Ljavax/servlet/ServletRequest;Ljavax/servlet/ServletResponse;Ljavax/servlet/FilterChain;)V+85
J 13188 C1 org.apache.catalina.core.ApplicationFilterChain.internalDoFilter(Ljavax/servlet/ServletRequest;Ljavax/servlet/ServletResponse;)V (388 bytes) @ 0x0000018bc35dca84 [0x0000018bc35dc500+0x584]
J 13187 C1 org.apache.catalina.core.ApplicationFilterChain.doFilter(Ljavax/servlet/ServletRequest;Ljavax/servlet/ServletResponse;)V (103 bytes) @ 0x0000018bc35c35ac [0x0000018bc35c3500+0xac]
j  org.springframework.web.filter.RequestContextFilter.doFilterInternal(Ljavax/servlet/http/HttpServletRequest;Ljavax/servlet/http/HttpServletResponse;Ljavax/servlet/FilterChain;)V+21
j  org.springframework.web.filter.OncePerRequestFilter.doFilter(Ljavax/servlet/ServletRequest;Ljavax/servlet/ServletResponse;Ljavax/servlet/FilterChain;)V+147
J 13188 C1 org.apache.catalina.core.ApplicationFilterChain.internalDoFilter(Ljavax/servlet/ServletRequest;Ljavax/servlet/ServletResponse;)V (388 bytes) @ 0x0000018bc35dca84 [0x0000018bc35dc500+0x584]
J 13187 C1 org.apache.catalina.core.ApplicationFilterChain.doFilter(Ljavax/servlet/ServletRequest;Ljavax/servlet/ServletResponse;)V (103 bytes) @ 0x0000018bc35c35ac [0x0000018bc35c3500+0xac]
j  org.springframework.web.filter.FormContentFilter.doFilterInternal(Ljavax/servlet/http/HttpServletRequest;Ljavax/servlet/http/HttpServletResponse;Ljavax/servlet/FilterChain;)V+38
j  org.springframework.web.filter.OncePerRequestFilter.doFilter(Ljavax/servlet/ServletRequest;Ljavax/servlet/ServletResponse;Ljavax/servlet/FilterChain;)V+147
J 13188 C1 org.apache.catalina.core.ApplicationFilterChain.internalDoFilter(Ljavax/servlet/ServletRequest;Ljavax/servlet/ServletResponse;)V (388 bytes) @ 0x0000018bc35dca84 [0x0000018bc35dc500+0x584]
J 13187 C1 org.apache.catalina.core.ApplicationFilterChain.doFilter(Ljavax/servlet/ServletRequest;Ljavax/servlet/ServletResponse;)V (103 bytes) @ 0x0000018bc35c35ac [0x0000018bc35c3500+0xac]
j  org.springframework.web.filter.CharacterEncodingFilter.doFilterInternal(Ljavax/servlet/http/HttpServletRequest;Ljavax/servlet/http/HttpServletResponse;Ljavax/servlet/FilterChain;)V+53
j  org.springframework.web.filter.OncePerRequestFilter.doFilter(Ljavax/servlet/ServletRequest;Ljavax/servlet/ServletResponse;Ljavax/servlet/FilterChain;)V+147
J 13188 C1 org.apache.catalina.core.ApplicationFilterChain.internalDoFilter(Ljavax/servlet/ServletRequest;Ljavax/servlet/ServletResponse;)V (388 bytes) @ 0x0000018bc35dca84 [0x0000018bc35dc500+0x584]
J 13187 C1 org.apache.catalina.core.ApplicationFilterChain.doFilter(Ljavax/servlet/ServletRequest;Ljavax/servlet/ServletResponse;)V (103 bytes) @ 0x0000018bc35c35ac [0x0000018bc35c3500+0xac]
j  org.apache.catalina.core.StandardWrapperValve.invoke(Lorg/apache/catalina/connector/Request;Lorg/apache/catalina/connector/Response;)V+694
j  org.apache.catalina.core.StandardContextValve.invoke(Lorg/apache/catalina/connector/Request;Lorg/apache/catalina/connector/Response;)V+169
j  org.apache.catalina.authenticator.AuthenticatorBase.invoke(Lorg/apache/catalina/connector/Request;Lorg/apache/catalina/connector/Response;)V+262
j  org.apache.catalina.core.StandardHostValve.invoke(Lorg/apache/catalina/connector/Request;Lorg/apache/catalina/connector/Response;)V+128
j  org.apache.catalina.valves.ErrorReportValve.invoke(Lorg/apache/catalina/connector/Request;Lorg/apache/catalina/connector/Response;)V+6
j  org.apache.catalina.core.StandardEngineValve.invoke(Lorg/apache/catalina/connector/Request;Lorg/apache/catalina/connector/Response;)V+59
j  org.apache.catalina.connector.CoyoteAdapter.service(Lorg/apache/coyote/Request;Lorg/apache/coyote/Response;)V+204
j  org.apache.coyote.http11.Http11Processor.service(Lorg/apache/tomcat/util/net/SocketWrapperBase;)Lorg/apache/tomcat/util/net/AbstractEndpoint$Handler$SocketState;+806
j  org.apache.coyote.AbstractProcessorLight.process(Lorg/apache/tomcat/util/net/SocketWrapperBase;Lorg/apache/tomcat/util/net/SocketEvent;)Lorg/apache/tomcat/util/net/AbstractEndpoint$Handler$SocketState;+170
j  org.apache.coyote.AbstractProtocol$ConnectionHandler.process(Lorg/apache/tomcat/util/net/SocketWrapperBase;Lorg/apache/tomcat/util/net/SocketEvent;)Lorg/apache/tomcat/util/net/AbstractEndpoint$Handler$SocketState;+495
j  org.apache.tomcat.util.net.NioEndpoint$SocketProcessor.doRun()V+216
j  org.apache.tomcat.util.net.SocketProcessorBase.run()V+21
j  org.apache.tomcat.util.threads.ThreadPoolExecutor.runWorker(Lorg/apache/tomcat/util/threads/ThreadPoolExecutor$Worker;)V+92
j  org.apache.tomcat.util.threads.ThreadPoolExecutor$Worker.run()V+5
j  org.apache.tomcat.util.threads.TaskThread$WrappingRunnable.run()V+4
j  java.lang.Thread.run()V+11
v  ~StubRoutines::call_stub

---------------  P R O C E S S  ---------------

Java Threads: ( => current thread )
  0x0000018be5aa8000 JavaThread "DestroyJavaVM" [_thread_blocked, id=8260, stack(0x0000005854300000,0x0000005854400000)]
  0x0000018be5aa4000 JavaThread "http-nio-8806-Acceptor" daemon [_thread_in_native, id=1588, stack(0x0000005857f00000,0x0000005858000000)]
  0x0000018be1ac1800 JavaThread "http-nio-8806-Poller" daemon [_thread_in_native, id=10876, stack(0x0000005857e00000,0x0000005857f00000)]
  0x0000018be1ac0800 JavaThread "http-nio-8806-exec-30" daemon [_thread_blocked, id=1272, stack(0x0000005857d00000,0x0000005857e00000)]
  0x0000018be1ac0000 JavaThread "http-nio-8806-exec-29" daemon [_thread_blocked, id=220, stack(0x0000005857c00000,0x0000005857d00000)]
  0x0000018be1abf000 JavaThread "http-nio-8806-exec-28" daemon [_thread_blocked, id=11692, stack(0x0000005857b00000,0x0000005857c00000)]
  0x0000018be1abe800 JavaThread "http-nio-8806-exec-27" daemon [_thread_blocked, id=8812, stack(0x0000005857a00000,0x0000005857b00000)]
  0x0000018be1abd800 JavaThread "http-nio-8806-exec-26" daemon [_thread_blocked, id=5764, stack(0x0000005857900000,0x0000005857a00000)]
  0x0000018be1ab5800 JavaThread "http-nio-8806-exec-25" daemon [_thread_blocked, id=8080, stack(0x0000005857800000,0x0000005857900000)]
  0x0000018be1abc000 JavaThread "http-nio-8806-exec-24" daemon [_thread_blocked, id=5020, stack(0x0000005857700000,0x0000005857800000)]
  0x0000018be1ab6800 JavaThread "http-nio-8806-exec-23" daemon [_thread_blocked, id=7236, stack(0x0000005857600000,0x0000005857700000)]
  0x0000018be1abb000 JavaThread "http-nio-8806-exec-22" daemon [_thread_blocked, id=3836, stack(0x0000005857500000,0x0000005857600000)]
  0x0000018be1abd000 JavaThread "http-nio-8806-exec-21" daemon [_thread_blocked, id=12020, stack(0x0000005857400000,0x0000005857500000)]
  0x0000018be1ab9800 JavaThread "http-nio-8806-exec-20" daemon [_thread_blocked, id=5188, stack(0x0000005857300000,0x0000005857400000)]
  0x0000018be1aba800 JavaThread "http-nio-8806-exec-19" daemon [_thread_blocked, id=11608, stack(0x0000005857200000,0x0000005857300000)]
  0x0000018be1ab2800 JavaThread "http-nio-8806-exec-18" daemon [_thread_blocked, id=2220, stack(0x0000005857100000,0x0000005857200000)]
  0x0000018be1ab9000 JavaThread "http-nio-8806-exec-17" daemon [_thread_blocked, id=3212, stack(0x0000005857000000,0x0000005857100000)]
  0x0000018be1ab7800 JavaThread "http-nio-8806-exec-16" daemon [_thread_blocked, id=9140, stack(0x0000005856f00000,0x0000005857000000)]
  0x0000018be1ab4000 JavaThread "http-nio-8806-exec-15" daemon [_thread_blocked, id=10084, stack(0x0000005856e00000,0x0000005856f00000)]
  0x0000018be1ab8000 JavaThread "http-nio-8806-exec-14" daemon [_thread_blocked, id=6956, stack(0x0000005856d00000,0x0000005856e00000)]
  0x0000018be1ab5000 JavaThread "http-nio-8806-exec-13" daemon [_thread_blocked, id=7048, stack(0x0000005856c00000,0x0000005856d00000)]
  0x0000018be1ab3800 JavaThread "http-nio-8806-exec-12" daemon [_thread_blocked, id=4092, stack(0x0000005856b00000,0x0000005856c00000)]
  0x0000018bdd789800 JavaThread "http-nio-8806-exec-11" daemon [_thread_blocked, id=5152, stack(0x0000005856a00000,0x0000005856b00000)]
  0x0000018bd9c0a800 JavaThread "http-nio-8806-exec-10" daemon [_thread_blocked, id=4232, stack(0x0000005856900000,0x0000005856a00000)]
  0x0000018bd9c09800 JavaThread "http-nio-8806-exec-9" daemon [_thread_blocked, id=11588, stack(0x0000005856800000,0x0000005856900000)]
=>0x0000018bd9c09000 JavaThread "http-nio-8806-exec-8" daemon [_thread_in_vm, id=8588, stack(0x0000005856700000,0x0000005856800000)]
  0x0000018bd9c08000 JavaThread "http-nio-8806-exec-7" daemon [_thread_blocked, id=10212, stack(0x0000005856600000,0x0000005856700000)]
  0x0000018bd9c07800 JavaThread "http-nio-8806-exec-6" daemon [_thread_blocked, id=10232, stack(0x0000005856500000,0x0000005856600000)]
  0x0000018bd9c0c000 JavaThread "http-nio-8806-exec-5" daemon [_thread_blocked, id=2068, stack(0x0000005856400000,0x0000005856500000)]
  0x0000018bd9c0b800 JavaThread "http-nio-8806-exec-4" daemon [_thread_blocked, id=6556, stack(0x0000005856300000,0x0000005856400000)]
  0x0000018bd9bff800 JavaThread "http-nio-8806-exec-3" daemon [_thread_blocked, id=7780, stack(0x0000005856200000,0x0000005856300000)]
  0x0000018bd9c06800 JavaThread "http-nio-8806-exec-2" daemon [_thread_blocked, id=12188, stack(0x0000005856100000,0x0000005856200000)]
  0x0000018bd9bfe800 JavaThread "http-nio-8806-exec-1" daemon [_thread_blocked, id=3688, stack(0x0000005856000000,0x0000005856100000)]
  0x0000018bd9bfe000 JavaThread "lettuce-timer-3-1" daemon [_thread_blocked, id=1812, stack(0x0000005855f00000,0x0000005856000000)]
  0x0000018bd9c01000 JavaThread "bean_props_cache.data" [_thread_blocked, id=11936, stack(0x0000005855e00000,0x0000005855f00000)]
  0x0000018bd9c00800 JavaThread "Statistics Thread-__DEFAULT__-1" daemon [_thread_blocked, id=8416, stack(0x0000005855d00000,0x0000005855e00000)]
  0x0000018bd9c02000 JavaThread "dic_group_cache.data" [_thread_blocked, id=4756, stack(0x0000005855c00000,0x0000005855d00000)]
  0x0000018bdd786800 JavaThread "__DEFAULT__" daemon [_thread_blocked, id=12084, stack(0x0000005855b00000,0x0000005855c00000)]
  0x0000018bdd786000 JavaThread "container-0" [_thread_blocked, id=7536, stack(0x0000005855a00000,0x0000005855b00000)]
  0x0000018bdd785000 JavaThread "Catalina-utility-2" [_thread_blocked, id=5412, stack(0x0000005855900000,0x0000005855a00000)]
  0x0000018bdd78a800 JavaThread "Catalina-utility-1" [_thread_blocked, id=7400, stack(0x0000005855800000,0x0000005855900000)]
  0x0000018bdd789000 JavaThread "Druid-ConnectionPool-Destroy-722378544" daemon [_thread_blocked, id=7516, stack(0x0000005855700000,0x0000005855800000)]
  0x0000018bdd78c000 JavaThread "Druid-ConnectionPool-Create-722378544" daemon [_thread_blocked, id=6952, stack(0x0000005855600000,0x0000005855700000)]
  0x0000018bdd78b800 JavaThread "mysql-cj-abandoned-connection-cleanup" daemon [_thread_blocked, id=8972, stack(0x0000005855500000,0x0000005855600000)]
  0x0000018bd6e7b800 JavaThread "Service Thread" daemon [_thread_blocked, id=3236, stack(0x0000005855300000,0x0000005855400000)]
  0x0000018bd6e84800 JavaThread "C1 CompilerThread2" daemon [_thread_blocked, id=3136, stack(0x0000005855200000,0x0000005855300000)]
  0x0000018bd6da6800 JavaThread "C2 CompilerThread1" daemon [_thread_blocked, id=1180, stack(0x0000005855100000,0x0000005855200000)]
  0x0000018bd6d9f800 JavaThread "C2 CompilerThread0" daemon [_thread_blocked, id=596, stack(0x0000005855000000,0x0000005855100000)]
  0x0000018bd5727800 JavaThread "JDWP Command Reader" daemon [_thread_in_native, id=6796, stack(0x0000005854f00000,0x0000005855000000)]
  0x0000018bd5723800 JavaThread "JDWP Event Helper Thread" daemon [_thread_blocked, id=10648, stack(0x0000005854e00000,0x0000005854f00000)]
  0x0000018bd571d000 JavaThread "JDWP Transport Listener: dt_socket" daemon [_thread_blocked, id=2752, stack(0x0000005854d00000,0x0000005854e00000)]
  0x0000018bd56f1800 JavaThread "Attach Listener" daemon [_thread_blocked, id=1440, stack(0x0000005854c00000,0x0000005854d00000)]
  0x0000018bd569d000 JavaThread "Signal Dispatcher" daemon [_thread_blocked, id=2496, stack(0x0000005854b00000,0x0000005854c00000)]
  0x0000018bd565b800 JavaThread "Finalizer" daemon [_thread_blocked, id=7588, stack(0x0000005854a00000,0x0000005854b00000)]
  0x0000018bd5650000 JavaThread "Reference Handler" daemon [_thread_blocked, id=10544, stack(0x0000005854900000,0x0000005854a00000)]

Other Threads:
  0x0000018bd5625000 VMThread [stack: 0x0000005854800000,0x0000005854900000] [id=11316]
  0x0000018bd6e3d000 WatcherThread [stack: 0x0000005855400000,0x0000005855500000] [id=1816]

VM state:not at safepoint (normal execution)

VM Mutex/Monitor currently owned by a thread: None

heap address: 0x0000000084c00000, size: 1972 MB, Compressed Oops mode: 32-bit
Narrow klass base: 0x0000000000000000, Narrow klass shift: 3
Compressed class space size: 1073741824 Address: 0x0000000100000000

Heap:
 PSYoungGen      total 649216K, used 448536K [0x00000000d6f00000, 0x0000000100000000, 0x0000000100000000)
  eden space 626688K, 71% used [0x00000000d6f00000,0x00000000f2506028,0x00000000fd300000)
  from space 22528K, 0% used [0x00000000fea00000,0x00000000fea00000,0x0000000100000000)
  to   space 23040K, 0% used [0x00000000fd300000,0x00000000fd300000,0x00000000fe980000)
 ParOldGen       total 124416K, used 51750K [0x0000000084c00000, 0x000000008c580000, 0x00000000d6f00000)
  object space 124416K, 41% used [0x0000000084c00000,0x0000000087e89ba8,0x000000008c580000)
 Metaspace       used 107069K, capacity 113351K, committed 113536K, reserved 1148928K
  class space    used 13425K, capacity 14459K, committed 14464K, reserved 1048576K

Card table byte_map: [0x0000018bd0470000,0x0000018bd0850000] byte_map_base: 0x0000018bd004a000

Marking Bits: (ParMarkBitMap*) 0x000000005b02c820
 Begin Bits: [0x0000018bd0af0000, 0x0000018bd29c0000)
 End Bits:   [0x0000018bd29c0000, 0x0000018bd4890000)

Polling page: 0x0000018bbf500000

CodeCache: size=245760Kb used=39153Kb max_used=39169Kb free=206606Kb
 bounds [0x0000018bc10b0000, 0x0000018bc3720000, 0x0000018bd00b0000]
 total_blobs=11527 nmethods=10836 adapters=609
 compilation: enabled

Compilation events (10 events):
Event: 393.722 Thread 0x0000018bd6e84800 13492       3       com.fasterxml.jackson.databind.type.TypeFactory::constructType (10 bytes)
Event: 393.723 Thread 0x0000018bd6e84800 nmethod 13492 0x0000018bc370fed0 code [0x0000018bc3710040, 0x0000018bc37101f0]
Event: 393.723 Thread 0x0000018bd6e84800 13494   !   3       org.springframework.cglib.proxy.MethodProxy::init (112 bytes)
Event: 393.724 Thread 0x0000018bd6e84800 nmethod 13494 0x0000018bc370f0d0 code [0x0000018bc370f2a0, 0x0000018bc370fa60]
Event: 393.805 Thread 0x0000018bd6d9f800 13495       4       org.eclipse.jdt.launching.internal.org.objectweb.asm.SymbolTable::addConstantMethodHandle (197 bytes)
Event: 393.827 Thread 0x0000018bd6e84800 13496       3       java.util.IdentityHashMap$EntryIterator$Entry::checkIndexForEntryUse (18 bytes)
Event: 393.827 Thread 0x0000018bd6e84800 nmethod 13496 0x0000018bc37152d0 code [0x0000018bc3715440, 0x0000018bc37156b0]
Event: 393.827 Thread 0x0000018bd6e84800 13497       3       java.util.IdentityHashMap$IdentityHashMapIterator::hasNext (50 bytes)
Event: 393.827 Thread 0x0000018bd6e84800 nmethod 13497 0x0000018bc3715790 code [0x0000018bc3715900, 0x0000018bc3715b98]
Event: 393.833 Thread 0x0000018bd6d9f800 nmethod 13495 0x0000018bc371a250 code [0x0000018bc371a420, 0x0000018bc371bb18]

GC Heap History (10 events):
Event: 19.192 GC heap before
{Heap before GC invocations=16 (full 3):
 PSYoungGen      total 499200K, used 489984K [0x00000000d6f00000, 0x00000000f6e80000, 0x0000000100000000)
  eden space 489984K, 100% used [0x00000000d6f00000,0x00000000f4d80000,0x00000000f4d80000)
  from space 9216K, 0% used [0x00000000f6580000,0x00000000f6580000,0x00000000f6e80000)
  to   space 14336K, 0% used [0x00000000f5280000,0x00000000f5280000,0x00000000f6080000)
 ParOldGen       total 89088K, used 28105K [0x0000000084c00000, 0x000000008a300000, 0x00000000d6f00000)
  object space 89088K, 31% used [0x0000000084c00000,0x00000000867726b8,0x000000008a300000)
 Metaspace       used 72615K, capacity 75653K, committed 75904K, reserved 1116160K
  class space    used 9307K, capacity 9848K, committed 9856K, reserved 1048576K
Event: 19.232 GC heap after
Heap after GC invocations=16 (full 3):
 PSYoungGen      total 509440K, used 14324K [0x00000000d6f00000, 0x0000000100000000, 0x0000000100000000)
  eden space 495104K, 0% used [0x00000000d6f00000,0x00000000d6f00000,0x00000000f5280000)
  from space 14336K, 99% used [0x00000000f5280000,0x00000000f607d240,0x00000000f6080000)
  to   space 18944K, 0% used [0x00000000fed80000,0x00000000fed80000,0x0000000100000000)
 ParOldGen       total 89088K, used 34371K [0x0000000084c00000, 0x000000008a300000, 0x00000000d6f00000)
  object space 89088K, 38% used [0x0000000084c00000,0x0000000086d90d40,0x000000008a300000)
 Metaspace       used 72615K, capacity 75653K, committed 75904K, reserved 1116160K
  class space    used 9307K, capacity 9848K, committed 9856K, reserved 1048576K
}
Event: 23.339 GC heap before
{Heap before GC invocations=17 (full 3):
 PSYoungGen      total 509440K, used 509428K [0x00000000d6f00000, 0x0000000100000000, 0x0000000100000000)
  eden space 495104K, 100% used [0x00000000d6f00000,0x00000000f5280000,0x00000000f5280000)
  from space 14336K, 99% used [0x00000000f5280000,0x00000000f607d240,0x00000000f6080000)
  to   space 18944K, 0% used [0x00000000fed80000,0x00000000fed80000,0x0000000100000000)
 ParOldGen       total 89088K, used 34371K [0x0000000084c00000, 0x000000008a300000, 0x00000000d6f00000)
  object space 89088K, 38% used [0x0000000084c00000,0x0000000086d90d40,0x000000008a300000)
 Metaspace       used 84112K, capacity 88117K, committed 88448K, reserved 1126400K
  class space    used 10598K, capacity 11292K, committed 11392K, reserved 1048576K
Event: 23.365 GC heap after
Heap after GC invocations=17 (full 3):
 PSYoungGen      total 650752K, used 15469K [0x00000000d6f00000, 0x0000000100000000, 0x0000000100000000)
  eden space 631808K, 0% used [0x00000000d6f00000,0x00000000d6f00000,0x00000000fd800000)
  from space 18944K, 81% used [0x00000000fed80000,0x00000000ffc9b580,0x0000000100000000)
  to   space 20480K, 0% used [0x00000000fd800000,0x00000000fd800000,0x00000000fec00000)
 ParOldGen       total 89088K, used 40616K [0x0000000084c00000, 0x000000008a300000, 0x00000000d6f00000)
  object space 89088K, 45% used [0x0000000084c00000,0x00000000873aa148,0x000000008a300000)
 Metaspace       used 84112K, capacity 88117K, committed 88448K, reserved 1126400K
  class space    used 10598K, capacity 11292K, committed 11392K, reserved 1048576K
}
Event: 27.399 GC heap before
{Heap before GC invocations=18 (full 3):
 PSYoungGen      total 650752K, used 647277K [0x00000000d6f00000, 0x0000000100000000, 0x0000000100000000)
  eden space 631808K, 100% used [0x00000000d6f00000,0x00000000fd800000,0x00000000fd800000)
  from space 18944K, 81% used [0x00000000fed80000,0x00000000ffc9b580,0x0000000100000000)
  to   space 20480K, 0% used [0x00000000fd800000,0x00000000fd800000,0x00000000fec00000)
 ParOldGen       total 89088K, used 40616K [0x0000000084c00000, 0x000000008a300000, 0x00000000d6f00000)
  object space 89088K, 45% used [0x0000000084c00000,0x00000000873aa148,0x000000008a300000)
 Metaspace       used 93390K, capacity 97975K, committed 98176K, reserved 1134592K
  class space    used 11620K, capacity 12395K, committed 12416K, reserved 1048576K
Event: 27.441 GC heap after
Heap after GC invocations=18 (full 3):
 PSYoungGen      total 649728K, used 17778K [0x00000000d6f00000, 0x0000000100000000, 0x0000000100000000)
  eden space 631808K, 0% used [0x00000000d6f00000,0x00000000d6f00000,0x00000000fd800000)
  from space 17920K, 99% used [0x00000000fd800000,0x00000000fe95c818,0x00000000fe980000)
  to   space 22528K, 0% used [0x00000000fea00000,0x00000000fea00000,0x0000000100000000)
 ParOldGen       total 89088K, used 50108K [0x0000000084c00000, 0x000000008a300000, 0x00000000d6f00000)
  object space 89088K, 56% used [0x0000000084c00000,0x0000000087cef160,0x000000008a300000)
 Metaspace       used 93390K, capacity 97975K, committed 98176K, reserved 1134592K
  class space    used 11620K, capacity 12395K, committed 12416K, reserved 1048576K
}
Event: 27.485 GC heap before
{Heap before GC invocations=19 (full 3):
 PSYoungGen      total 649728K, used 29693K [0x00000000d6f00000, 0x0000000100000000, 0x0000000100000000)
  eden space 631808K, 1% used [0x00000000d6f00000,0x00000000d7aa2f50,0x00000000fd800000)
  from space 17920K, 99% used [0x00000000fd800000,0x00000000fe95c818,0x00000000fe980000)
  to   space 22528K, 0% used [0x00000000fea00000,0x00000000fea00000,0x0000000100000000)
 ParOldGen       total 89088K, used 50108K [0x0000000084c00000, 0x000000008a300000, 0x00000000d6f00000)
  object space 89088K, 56% used [0x0000000084c00000,0x0000000087cef160,0x000000008a300000)
 Metaspace       used 93593K, capacity 98137K, committed 98304K, reserved 1134592K
  class space    used 11651K, capacity 12428K, committed 12544K, reserved 1048576K
Event: 27.506 GC heap after
Heap after GC invocations=19 (full 3):
 PSYoungGen      total 649216K, used 352K [0x00000000d6f00000, 0x0000000100000000, 0x0000000100000000)
  eden space 626688K, 0% used [0x00000000d6f00000,0x00000000d6f00000,0x00000000fd300000)
  from space 22528K, 1% used [0x00000000fea00000,0x00000000fea58000,0x0000000100000000)
  to   space 23040K, 0% used [0x00000000fd300000,0x00000000fd300000,0x00000000fe980000)
 ParOldGen       total 89088K, used 62718K [0x0000000084c00000, 0x000000008a300000, 0x00000000d6f00000)
  object space 89088K, 70% used [0x0000000084c00000,0x000000008893fad0,0x000000008a300000)
 Metaspace       used 93593K, capacity 98137K, committed 98304K, reserved 1134592K
  class space    used 11651K, capacity 12428K, committed 12544K, reserved 1048576K
}
Event: 27.506 GC heap before
{Heap before GC invocations=20 (full 4):
 PSYoungGen      total 649216K, used 352K [0x00000000d6f00000, 0x0000000100000000, 0x0000000100000000)
  eden space 626688K, 0% used [0x00000000d6f00000,0x00000000d6f00000,0x00000000fd300000)
  from space 22528K, 1% used [0x00000000fea00000,0x00000000fea58000,0x0000000100000000)
  to   space 23040K, 0% used [0x00000000fd300000,0x00000000fd300000,0x00000000fe980000)
 ParOldGen       total 89088K, used 62718K [0x0000000084c00000, 0x000000008a300000, 0x00000000d6f00000)
  object space 89088K, 70% used [0x0000000084c00000,0x000000008893fad0,0x000000008a300000)
 Metaspace       used 93593K, capacity 98137K, committed 98304K, reserved 1134592K
  class space    used 11651K, capacity 12428K, committed 12544K, reserved 1048576K
Event: 27.713 GC heap after
Heap after GC invocations=20 (full 4):
 PSYoungGen      total 649216K, used 0K [0x00000000d6f00000, 0x0000000100000000, 0x0000000100000000)
  eden space 626688K, 0% used [0x00000000d6f00000,0x00000000d6f00000,0x00000000fd300000)
  from space 22528K, 0% used [0x00000000fea00000,0x00000000fea00000,0x0000000100000000)
  to   space 23040K, 0% used [0x00000000fd300000,0x00000000fd300000,0x00000000fe980000)
 ParOldGen       total 124416K, used 51750K [0x0000000084c00000, 0x000000008c580000, 0x00000000d6f00000)
  object space 124416K, 41% used [0x0000000084c00000,0x0000000087e89ba8,0x000000008c580000)
 Metaspace       used 93593K, capacity 98137K, committed 98304K, reserved 1134592K
  class space    used 11651K, capacity 12428K, committed 12544K, reserved 1048576K
}

Deoptimization events (10 events):
Event: 393.839 Thread 0x0000018bd9c09000 Uncommon trap: reason=unhandled action=none pc=0x0000018bc1b72ed4 method=java.net.URLClassLoader.findClass(Ljava/lang/String;)Ljava/lang/Class; @ 44
Event: 393.840 Thread 0x0000018bd9c09000 Uncommon trap: reason=unhandled action=none pc=0x0000018bc1b72ed4 method=java.net.URLClassLoader.findClass(Ljava/lang/String;)Ljava/lang/Class; @ 44
Event: 393.841 Thread 0x0000018bd9c09000 Uncommon trap: reason=unhandled action=none pc=0x0000018bc1b72ed4 method=java.net.URLClassLoader.findClass(Ljava/lang/String;)Ljava/lang/Class; @ 44
Event: 393.842 Thread 0x0000018bd9c09000 Uncommon trap: reason=unhandled action=none pc=0x0000018bc1b72ed4 method=java.net.URLClassLoader.findClass(Ljava/lang/String;)Ljava/lang/Class; @ 44
Event: 393.843 Thread 0x0000018bd9c09000 Uncommon trap: reason=unhandled action=none pc=0x0000018bc1b72ed4 method=java.net.URLClassLoader.findClass(Ljava/lang/String;)Ljava/lang/Class; @ 44
Event: 393.844 Thread 0x0000018bd9c09000 Uncommon trap: reason=unhandled action=none pc=0x0000018bc1b72ed4 method=java.net.URLClassLoader.findClass(Ljava/lang/String;)Ljava/lang/Class; @ 44
Event: 393.851 Thread 0x0000018bd9c09000 Uncommon trap: reason=unhandled action=none pc=0x0000018bc1b72ed4 method=java.net.URLClassLoader.findClass(Ljava/lang/String;)Ljava/lang/Class; @ 44
Event: 393.858 Thread 0x0000018bd9c09000 Uncommon trap: reason=unhandled action=none pc=0x0000018bc1b72ed4 method=java.net.URLClassLoader.findClass(Ljava/lang/String;)Ljava/lang/Class; @ 44
Event: 393.859 Thread 0x0000018bd9c09000 Uncommon trap: reason=unhandled action=none pc=0x0000018bc1b72ed4 method=java.net.URLClassLoader.findClass(Ljava/lang/String;)Ljava/lang/Class; @ 44
Event: 393.859 Thread 0x0000018bd9c09000 Uncommon trap: reason=unhandled action=none pc=0x0000018bc1b72ed4 method=java.net.URLClassLoader.findClass(Ljava/lang/String;)Ljava/lang/Class; @ 44

Classes redefined (0 events):
No events

Internal exceptions (10 events):
Event: 373.286 Thread 0x0000018be1ab9800 Exception <a 'java/lang/ArrayIndexOutOfBoundsException': 29> (0x00000000ee0896a8) thrown at [J:\jenkins\tmp\workspace\build\src\hotspot\src\share\vm\interpreter\interpreterRuntime.cpp, line 371]
Event: 373.363 Thread 0x0000018be1ab9800 Exception <a 'java/lang/ArrayIndexOutOfBoundsException': 6> (0x00000000eeb37ba8) thrown at [J:\jenkins\tmp\workspace\build\src\hotspot\src\share\vm\interpreter\interpreterRuntime.cpp, line 371]
Event: 373.577 Thread 0x0000018be1ab9800 Implicit null exception at 0x0000018bc1b9ac60 to 0x0000018bc1b9b3b9
Event: 379.552 Thread 0x0000018be1ab5800 Exception <a 'java/lang/ArrayIndexOutOfBoundsException': 92> (0x00000000ec251d80) thrown at [J:\jenkins\tmp\workspace\build\src\hotspot\src\share\vm\interpreter\interpreterRuntime.cpp, line 371]
Event: 379.726 Thread 0x0000018be1ac0800 Exception <a 'java/lang/NoSuchMethodError': java.lang.Object.lambda$mapIfAllPresent$6(Ljava/util/Optional;Ljava/util/function/BiFunction;Ljava/lang/Object;)Ljava/util/Optional;> (0x00000000ed6662e0) thrown at [J:\jenkins\tmp\workspace\build\src\hotspot\sr
Event: 379.728 Thread 0x0000018be1ac0800 Exception <a 'java/lang/NoSuchMethodError': java.lang.Object.lambda$null$5(Ljava/util/function/BiFunction;Ljava/lang/Object;Ljava/lang/Object;)Ljava/lang/Object;> (0x00000000ed66b168) thrown at [J:\jenkins\tmp\workspace\build\src\hotspot\src\share\vm\inte
Event: 391.363 Thread 0x0000018bd9bfe800 Exception <a 'java/lang/ClassNotFoundException': java/lang/ObjectCustomizer> (0x00000000eff16bc8) thrown at [J:\jenkins\tmp\workspace\build\src\hotspot\src\share\vm\classfile\systemDictionary.cpp, line 217]
Event: 391.365 Thread 0x0000018bd9bfe800 Exception <a 'java/lang/ClassNotFoundException': com/slipper/unieap/file/pojo/UnieapFileArchiveCustomizer> (0x00000000eff443a8) thrown at [J:\jenkins\tmp\workspace\build\src\hotspot\src\share\vm\classfile\systemDictionary.cpp, line 217]
Event: 391.969 Thread 0x0000018bd9bfe800 Exception <a 'java/lang/ArrayIndexOutOfBoundsException': 55> (0x00000000f0c1a598) thrown at [J:\jenkins\tmp\workspace\build\src\hotspot\src\share\vm\interpreter\interpreterRuntime.cpp, line 371]
Event: 393.720 Thread 0x0000018bd9c09000 Exception <a 'java/lang/ArrayIndexOutOfBoundsException': 80> (0x00000000e7153160) thrown at [J:\jenkins\tmp\workspace\build\src\hotspot\src\share\vm\interpreter\interpreterRuntime.cpp, line 371]

Events (10 events):
Event: 393.859 Thread 0x0000018bd9c09000 DEOPT UNPACKING pc=0x0000018bc10f75d8 sp=0x00000058567f8ec0 mode 1
Event: 393.859 Thread 0x0000018bd9c09000 DEOPT PACKING pc=0x0000018bc2883581 sp=0x00000058567fa100
Event: 393.859 Thread 0x0000018bd9c09000 DEOPT UNPACKING pc=0x0000018bc10f75d8 sp=0x00000058567f9e48 mode 1
Event: 393.859 loading class com/alibaba/fastjson2/JSONFactory$Utils
Event: 393.859 loading class com/alibaba/fastjson2/JSONFactory$Utils done
Event: 393.859 Thread 0x0000018bd9c09000 Uncommon trap: trap_request=0xffffffa7 fr.pc=0x0000018bc1b72ed4
Event: 393.859 Thread 0x0000018bd9c09000 DEOPT PACKING pc=0x0000018bc1b72ed4 sp=0x00000058567f9ae0
Event: 393.859 Thread 0x0000018bd9c09000 DEOPT UNPACKING pc=0x0000018bc10f5583 sp=0x00000058567f9a78 mode 2
Event: 393.859 Thread 0x0000018bd9c09000 DEOPT PACKING pc=0x0000018bc2f93460 sp=0x00000058567f9b20
Event: 393.859 Thread 0x0000018bd9c09000 DEOPT UNPACKING pc=0x0000018bc10f75d8 sp=0x00000058567f9810 mode 1


Dynamic libraries:
0x00007ff732250000 - 0x00007ff73228a000 	C:\Program Files\Eclipse Foundation\jdk-8.0.302.8-hotspot\bin\javaw.exe
0x00007fff1ec50000 - 0x00007fff1ee48000 	C:\WINDOWS\SYSTEM32\ntdll.dll
0x00007fff1ea70000 - 0x00007fff1eb2f000 	C:\WINDOWS\System32\KERNEL32.DLL
0x00007fff1c3d0000 - 0x00007fff1c6a2000 	C:\WINDOWS\System32\KERNELBASE.dll
0x00007fff1d600000 - 0x00007fff1d6ae000 	C:\WINDOWS\System32\ADVAPI32.dll
0x00007fff1e370000 - 0x00007fff1e40e000 	C:\WINDOWS\System32\msvcrt.dll
0x00007fff1e2d0000 - 0x00007fff1e36c000 	C:\WINDOWS\System32\sechost.dll
0x00007fff1e940000 - 0x00007fff1ea65000 	C:\WINDOWS\System32\RPCRT4.dll
0x00007fff1e470000 - 0x00007fff1e611000 	C:\WINDOWS\System32\USER32.dll
0x00007fff1c950000 - 0x00007fff1c972000 	C:\WINDOWS\System32\win32u.dll
0x00007fff1e290000 - 0x00007fff1e2bb000 	C:\WINDOWS\System32\GDI32.dll
0x00007fff1c840000 - 0x00007fff1c94f000 	C:\WINDOWS\System32\gdi32full.dll
0x00007fff1c9f0000 - 0x00007fff1ca8d000 	C:\WINDOWS\System32\msvcp_win.dll
0x00007fff1ca90000 - 0x00007fff1cb90000 	C:\WINDOWS\System32\ucrtbase.dll
0x00007fff09620000 - 0x00007fff098ba000 	C:\WINDOWS\WinSxS\amd64_microsoft.windows.common-controls_6595b64144ccf1df_6.0.19041.1110_none_60b5254171f9507e\COMCTL32.dll
0x00007fff1e430000 - 0x00007fff1e462000 	C:\WINDOWS\System32\IMM32.DLL
0x00007ffef8a20000 - 0x00007ffef8b0f000 	C:\Program Files\Eclipse Foundation\jdk-8.0.302.8-hotspot\jre\bin\msvcr120.dll
0x00007fff05fb0000 - 0x00007fff06056000 	C:\Program Files\Eclipse Foundation\jdk-8.0.302.8-hotspot\jre\bin\msvcp120.dll
0x000000005a840000 - 0x000000005b0ab000 	C:\Program Files\Eclipse Foundation\jdk-8.0.302.8-hotspot\jre\bin\server\jvm.dll
0x00007fff1e680000 - 0x00007fff1e688000 	C:\WINDOWS\System32\PSAPI.DLL
0x00007fff0e5f0000 - 0x00007fff0e5fa000 	C:\WINDOWS\SYSTEM32\VERSION.dll
0x00007fff0e1e0000 - 0x00007fff0e207000 	C:\WINDOWS\SYSTEM32\WINMM.dll
0x00007fff0a490000 - 0x00007fff0a499000 	C:\WINDOWS\SYSTEM32\WSOCK32.dll
0x00007fff1d1d0000 - 0x00007fff1d23b000 	C:\WINDOWS\System32\WS2_32.dll
0x00007fff15d30000 - 0x00007fff15d3f000 	C:\Program Files\Eclipse Foundation\jdk-8.0.302.8-hotspot\jre\bin\verify.dll
0x00007fff14170000 - 0x00007fff14199000 	C:\Program Files\Eclipse Foundation\jdk-8.0.302.8-hotspot\jre\bin\java.dll
0x00007fff16730000 - 0x00007fff16765000 	C:\Program Files\Eclipse Foundation\jdk-8.0.302.8-hotspot\jre\bin\jdwp.dll
0x00007fff17630000 - 0x00007fff17638000 	C:\Program Files\Eclipse Foundation\jdk-8.0.302.8-hotspot\jre\bin\npt.dll
0x00007fff14140000 - 0x00007fff1416a000 	C:\Program Files\Eclipse Foundation\jdk-8.0.302.8-hotspot\jre\bin\instrument.dll
0x00007fff14120000 - 0x00007fff14136000 	C:\Program Files\Eclipse Foundation\jdk-8.0.302.8-hotspot\jre\bin\zip.dll
0x00007fff1db40000 - 0x00007fff1e284000 	C:\WINDOWS\System32\SHELL32.dll
0x00007fff199c0000 - 0x00007fff1a152000 	C:\WINDOWS\SYSTEM32\windows.storage.dll
0x00007fff1d7e0000 - 0x00007fff1db35000 	C:\WINDOWS\System32\combase.dll
0x00007fff1bd30000 - 0x00007fff1bd60000 	C:\WINDOWS\SYSTEM32\Wldp.dll
0x00007fff1d360000 - 0x00007fff1d40d000 	C:\WINDOWS\System32\SHCORE.dll
0x00007fff1d5a0000 - 0x00007fff1d5f5000 	C:\WINDOWS\System32\shlwapi.dll
0x00007fff1c280000 - 0x00007fff1c29f000 	C:\WINDOWS\SYSTEM32\profapi.dll
0x00007fff16720000 - 0x00007fff16729000 	C:\Program Files\Eclipse Foundation\jdk-8.0.302.8-hotspot\jre\bin\dt_socket.dll
0x00007fff063f0000 - 0x00007fff06407000 	C:\WINDOWS\system32\napinsp.dll
0x00007fff063d0000 - 0x00007fff063eb000 	C:\WINDOWS\system32\pnrpnsp.dll
0x00007fff16920000 - 0x00007fff16935000 	C:\WINDOWS\system32\wshbth.dll
0x00007fff17610000 - 0x00007fff1762d000 	C:\WINDOWS\system32\NLAapi.dll
0x00007fff1b780000 - 0x00007fff1b7bb000 	C:\WINDOWS\SYSTEM32\IPHLPAPI.DLL
0x00007fff1ba90000 - 0x00007fff1bafa000 	C:\WINDOWS\System32\mswsock.dll
0x00007fff1b7c0000 - 0x00007fff1b88a000 	C:\WINDOWS\SYSTEM32\DNSAPI.dll
0x00007fff1e690000 - 0x00007fff1e698000 	C:\WINDOWS\System32\NSI.dll
0x00007fff063b0000 - 0x00007fff063c2000 	C:\WINDOWS\System32\winrnr.dll
0x00007fff0d9d0000 - 0x00007fff0da50000 	C:\WINDOWS\System32\fwpuclnt.dll
0x00007fff1c810000 - 0x00007fff1c837000 	C:\WINDOWS\System32\bcrypt.dll
0x00007fff14750000 - 0x00007fff1475a000 	C:\Windows\System32\rasadhlp.dll
0x00007fff16710000 - 0x00007fff1671d000 	C:\Program Files\Eclipse Foundation\jdk-8.0.302.8-hotspot\jre\bin\management.dll
0x00007fff14210000 - 0x00007fff1422a000 	C:\Program Files\Eclipse Foundation\jdk-8.0.302.8-hotspot\jre\bin\net.dll
0x00007fff141f0000 - 0x00007fff14202000 	C:\Program Files\Eclipse Foundation\jdk-8.0.302.8-hotspot\jre\bin\nio.dll
0x00007fff13a30000 - 0x00007fff13a53000 	C:\Program Files\Eclipse Foundation\jdk-8.0.302.8-hotspot\jre\bin\sunec.dll
0x00007fff1bc80000 - 0x00007fff1bc98000 	C:\WINDOWS\SYSTEM32\CRYPTSP.dll
0x00007fff1b3b0000 - 0x00007fff1b3e4000 	C:\WINDOWS\system32\rsaenh.dll
0x00007fff1c200000 - 0x00007fff1c22e000 	C:\WINDOWS\SYSTEM32\USERENV.dll
0x00007fff1c340000 - 0x00007fff1c3c2000 	C:\WINDOWS\System32\bcryptprimitives.dll
0x00007fff1bca0000 - 0x00007fff1bcac000 	C:\WINDOWS\SYSTEM32\CRYPTBASE.dll
0x00007fff12180000 - 0x00007fff12197000 	C:\WINDOWS\SYSTEM32\dhcpcsvc6.DLL
0x00007fff120f0000 - 0x00007fff1210d000 	C:\WINDOWS\SYSTEM32\dhcpcsvc.DLL
0x00007fff15610000 - 0x00007fff1561c000 	C:\Program Files\Eclipse Foundation\jdk-8.0.302.8-hotspot\jre\bin\sunmscapi.dll
0x00007fff1c6b0000 - 0x00007fff1c806000 	C:\WINDOWS\System32\CRYPT32.dll
0x00007fff1bda0000 - 0x00007fff1bdc7000 	C:\WINDOWS\SYSTEM32\ncrypt.dll
0x00007fff1bd60000 - 0x00007fff1bd9b000 	C:\WINDOWS\SYSTEM32\NTASN1.dll
0x00007fff1b4f0000 - 0x00007fff1b523000 	C:\WINDOWS\SYSTEM32\ntmarta.dll
0x00007fff0eff0000 - 0x00007fff0f1d4000 	C:\WINDOWS\SYSTEM32\dbghelp.dll

VM Arguments:
jvm_args: -agentlib:jdwp=transport=dt_socket,suspend=y,address=localhost:54548 -javaagent:E:\OneDrive\01-ĎîÄż\07-esb\01-software\eclipse\configuration\org.eclipse.osgi\418\0\.cp\lib\javaagent-shaded.jar -Dfile.encoding=UTF-8 
java_command: com.slipper.SlipperApplication
java_class_path (initial): C:\Program Files\Eclipse Foundation\jdk-8.0.302.8-hotspot\jre\lib\resources.jar;C:\Program Files\Eclipse Foundation\jdk-8.0.302.8-hotspot\jre\lib\rt.jar;C:\Program Files\Eclipse Foundation\jdk-8.0.302.8-hotspot\jre\lib\jsse.jar;C:\Program Files\Eclipse Foundation\jdk-8.0.302.8-hotspot\jre\lib\jce.jar;C:\Program Files\Eclipse Foundation\jdk-8.0.302.8-hotspot\jre\lib\charsets.jar;C:\Program Files\Eclipse Foundation\jdk-8.0.302.8-hotspot\jre\lib\jfr.jar;C:\Program Files\Eclipse Foundation\jdk-8.0.302.8-hotspot\jre\lib\ext\access-bridge-64.jar;C:\Program Files\Eclipse Foundation\jdk-8.0.302.8-hotspot\jre\lib\ext\cldrdata.jar;C:\Program Files\Eclipse Foundation\jdk-8.0.302.8-hotspot\jre\lib\ext\dnsns.jar;C:\Program Files\Eclipse Foundation\jdk-8.0.302.8-hotspot\jre\lib\ext\jaccess.jar;C:\Program Files\Eclipse Foundation\jdk-8.0.302.8-hotspot\jre\lib\ext\localedata.jar;C:\Program Files\Eclipse Foundation\jdk-8.0.302.8-hotspot\jre\lib\ext\nashorn.jar;C:\Program Files\Eclipse Foundation\jdk-8.0.302.8-hotspot\jre\lib\ext\sunec.jar;C:\Program Files\Eclipse Foundation\jdk-8.0.302.8-hotspot\jre\lib\ext\sunjce_provider.jar;C:\Program Files\Eclipse Foundation\jdk-8.0.302.8-hotspot\jre\lib\ext\sunmscapi.jar;C:\Program Files\Eclipse Foundation\jdk-8.0.302.8-hotspot\jre\lib\ext\sunpkcs11.jar;C:\Program Files\Eclipse Foundation\jdk-8.0.302.8-hotspot\jre\lib\ext\zipfs.jar;E:\OneDrive\04-Workspace\03-jianzhuoa\java-spring-boot-admin-master\slipper-backstage\target\classes;E:\OneDrive\04-Workspace\03-jianzhuoa\java-spring-boot-admin-master\slipper-service\target\classes;E:\OneDrive\04-Workspace\03-jianzhuoa\java-spring-boot-admin-master\slipper-core\target\classes;C:\Users\Thinkpad\.m2\repository\mysql\mysql-connector-java\8.0.28\mysql-connector-java-8.0.28.jar;C:\Users\Thinkpad\.m2\repository\com\google\protobuf\protobuf-java\3.11.4\protobuf-java-3.11.4.jar;C:\Users\Thinkpad\.m2\repository\com\alibaba\druid-spring-boot-starter\1.2.9\druid-spring-boot-starte
Launcher Type: SUN_STANDARD

Environment Variables:
JAVA_HOME=C:\Program Files\Java\jdk1.8.0_73
CLASSPATH=.;C:\Program Files\Java\jdk1.8.0_73\lib\dt.jar;C:\Program Files\Java\jdk1.8.0_73\lib\tools.jar;
PATH=C:\Program Files\Eclipse Foundation\jdk-8.0.302.8-hotspot\jre\bin;C:/Program Files/Eclipse Foundation/jdk-8.0.302.8-hotspot/bin/../jre/bin/server;C:/Program Files/Eclipse Foundation/jdk-8.0.302.8-hotspot/bin/../jre/bin;C:/Program Files/Eclipse Foundation/jdk-8.0.302.8-hotspot/bin/../jre/lib/amd64;C:\Program Files\Eclipse Foundation\jdk-8.0.302.8-hotspot\bin;C:\ProgramData\Oracle\Java\javapath;C:\WINDOWS\system32;C:\WINDOWS;C:\WINDOWS\System32\Wbem;C:\WINDOWS\System32\WindowsPowerShell\v1.0\;C:\WINDOWS\System32\OpenSSH\;C:\Program Files\dotnet\;C:\Program Files\Microsoft SQL Server\130\Tools\Binn\;C:\Program Files\Microsoft SQL Server\Client SDK\ODBC\170\Tools\Binn\;C:\Program Files (x86)\Tencent\Î˘ĐĹwebżŞ·˘Őßą¤ľß\dll;"%JAVA;HOME%\bin;C:\Program Files\Java\jdk1.8.0_73\jre\bin;";C:\ProgramData\ComposerSetup\bin;E:\OneDrive\03-Software\php-7.4.32-Win32-vc15-x64;E:\OneDrive\03-Software\apache-maven-3.8.6-bin\apache-maven-3.8.6\bin;D:\Program Files\nodejs\;C:\Users\Thinkpad\AppData\Local\Microsoft\WindowsApps;C:\Users\Thinkpad\.dotnet\tools;C:\Users\Thinkpad\AppData\Roaming\Composer\vendor\bin;D:\Program Files\Microsoft VS Code\bin;C:\Users\Thinkpad\AppData\Roaming\npm;E:\OneDrive\01-ĎîÄż\07-esb\01-software\eclipse;
USERNAME=Chai
OS=Windows_NT
PROCESSOR_IDENTIFIER=Intel64 Family 6 Model 61 Stepping 4, GenuineIntel



---------------  S Y S T E M  ---------------

OS: Windows 10.0 , 64 bit Build 19041 (10.0.19041.2364)

CPU:total 4 (initial active 4) (2 cores per cpu, 2 threads per core) family 6 model 61 stepping 4, cmov, cx8, fxsr, mmx, sse, sse2, sse3, ssse3, sse4.1, sse4.2, popcnt, avx, avx2, clmul, erms, rtm, 3dnowpref, lzcnt, ht, tsc, tscinvbit, bmi1, bmi2, adx

Memory: 4k page, physical 8077284k(1157504k free), swap 18038756k(6539904k free)

vm_info: OpenJDK 64-Bit Server VM (25.302-b08) for windows-amd64 JRE (1.8.0_302-b08), built on Jul 20 2021 21:31:03 by "jenkins" with MS VC++ 12.0 (VS2013)

time: Mon Feb 06 22:58:25 2023
timezone: ?D1¨˛ˇŔ¨şˇÁ?¨şˇŔ??
elapsed time: 393.894182 seconds (0d 0h 6m 33s)

