2024-04-18 00:58:29,418 [Worker-7: Loading available Gradle versions] INFO  o.e.b.c.i.u.g.PublishedGradleVersions - Gradle version information cache is up-to-date. Trying to read.
2024-04-18 00:58:59,853 [Worker-8: Loading available Gradle versions] INFO  o.e.b.c.i.u.g.PublishedGradleVersions - Gradle version information cache is up-to-date. Trying to read.
2024-04-18 00:59:37,058 [Worker-10: Importing Maven projects] INFO  o.e.m.c.i.l.LifecycleMappingFactory - Using org.eclipse.m2e.jdt.JarLifecycleMapping lifecycle mapping for MavenProject: com.slipper:slipper-core:2.0.0 @ C:\Users\caiqi\Documents\GitHub\slipper\slipper-core\pom.xml.
2024-04-18 00:59:40,637 [Worker-10: Importing Maven projects] INFO  o.e.m.c.i.p.WorkspaceClassifierResolverManager - Resolving P/slipper-common: com.slipper:slipper-common:2.0.0 with classifier  to /slipper-common/target/classes
2024-04-18 00:59:40,763 [Worker-10: Importing Maven projects] INFO  o.e.m.c.i.l.LifecycleMappingFactory - Using org.eclipse.m2e.jdt.JarLifecycleMapping lifecycle mapping for MavenProject: com.slipper:slipper-shiro:2.0.0 @ C:\Users\caiqi\Documents\GitHub\slipper\slipper-shiro\pom.xml.
2024-04-18 00:59:41,453 [DefaultMetadataResolver-0-1] INFO  o.e.m.c.i.e.AbstractTransferListenerAdapter - Downloading https://repo.maven.apache.org/maven2/org/jetbrains/annotations/maven-metadata.xml
2024-04-18 00:59:41,548 [DefaultMetadataResolver-0-1] INFO  o.e.m.c.i.e.AbstractTransferListenerAdapter - Downloaded https://repo.maven.apache.org/maven2/org/jetbrains/annotations/maven-metadata.xml
2024-04-18 00:59:45,981 [DefaultMetadataResolver-0-0] INFO  o.e.m.c.i.e.AbstractTransferListenerAdapter - Downloading http://maven.aliyun.com/nexus/content/groups/public/org/jetbrains/annotations/maven-metadata.xml
2024-04-18 00:59:47,059 [DefaultMetadataResolver-0-0] INFO  o.e.m.c.i.e.AbstractTransferListenerAdapter - Downloaded http://maven.aliyun.com/nexus/content/groups/public/org/jetbrains/annotations/maven-metadata.xml
2024-04-18 00:59:47,301 [Worker-10: Importing Maven projects] INFO  o.e.m.c.i.p.WorkspaceClassifierResolverManager - Resolving P/slipper-core: com.slipper:slipper-core:2.0.0 with classifier  to /slipper-core/target/classes
2024-04-18 00:59:47,308 [Worker-10: Importing Maven projects] INFO  o.e.m.c.i.p.WorkspaceClassifierResolverManager - Resolving P/slipper-common: com.slipper:slipper-common:2.0.0 with classifier  to /slipper-common/target/classes
2024-04-18 00:59:47,331 [Worker-10: Importing Maven projects] INFO  o.e.m.c.i.p.WorkspaceClassifierResolverManager - Resolving P/slipper-service: com.slipper:slipper-service:2.0.0 with classifier  to /slipper-service/target/classes
2024-04-18 00:59:47,403 [Worker-10: Importing Maven projects] INFO  o.e.m.c.i.l.LifecycleMappingFactory - Using org.eclipse.m2e.jdt.JarLifecycleMapping lifecycle mapping for MavenProject: com.slipper:slipper-common:2.0.0 @ C:\Users\caiqi\Documents\GitHub\slipper\slipper-common\pom.xml.
2024-04-18 00:59:47,494 [Worker-10: Importing Maven projects] INFO  o.e.m.c.i.l.LifecycleMappingFactory - Using org.eclipse.m2e.jdt.JarLifecycleMapping lifecycle mapping for MavenProject: com.slipper:slipper-service:2.0.0 @ C:\Users\caiqi\Documents\GitHub\slipper\slipper-service\pom.xml.
2024-04-18 00:59:47,538 [Worker-10: Importing Maven projects] INFO  o.e.m.c.i.p.WorkspaceClassifierResolverManager - Resolving P/slipper-core: com.slipper:slipper-core:2.0.0 with classifier  to /slipper-core/target/classes
2024-04-18 00:59:47,553 [Worker-10: Importing Maven projects] INFO  o.e.m.c.i.p.WorkspaceClassifierResolverManager - Resolving P/slipper-common: com.slipper:slipper-common:2.0.0 with classifier  to /slipper-common/target/classes
2024-04-18 00:59:47,699 [Worker-10: Importing Maven projects] INFO  o.e.m.c.i.l.LifecycleMappingFactory - Using org.eclipse.m2e.jdt.JarLifecycleMapping lifecycle mapping for MavenProject: com.slipper:slipper-backstage:2.0.0 @ C:\Users\caiqi\Documents\GitHub\slipper\slipper-backstage\pom.xml.
2024-04-18 00:59:47,709 [Worker-10: Importing Maven projects] INFO  o.e.m.c.i.p.WorkspaceClassifierResolverManager - Resolving P/slipper-service: com.slipper:slipper-service:2.0.0 with classifier  to /slipper-service/target/classes
2024-04-18 00:59:47,709 [Worker-10: Importing Maven projects] INFO  o.e.m.c.i.p.WorkspaceClassifierResolverManager - Resolving P/slipper-core: com.slipper:slipper-core:2.0.0 with classifier  to /slipper-core/target/classes
2024-04-18 00:59:47,723 [Worker-10: Importing Maven projects] INFO  o.e.m.c.i.p.WorkspaceClassifierResolverManager - Resolving P/slipper-common: com.slipper:slipper-common:2.0.0 with classifier  to /slipper-common/target/classes
2024-04-18 00:59:47,760 [Worker-10: Importing Maven projects] INFO  o.e.m.c.i.p.WorkspaceClassifierResolverManager - Resolving P/slipper-shiro: com.slipper:slipper-shiro:2.0.0 with classifier  to /slipper-shiro/target/classes
2024-04-18 00:59:47,818 [Worker-10: Importing Maven projects] INFO  o.e.m.c.i.l.LifecycleMappingFactory - Using org.eclipse.m2e.jdt.JarLifecycleMapping lifecycle mapping for MavenProject: com.slipper:slipper-netty:2.0.0 @ C:\Users\caiqi\Documents\GitHub\slipper\slipper-netty\pom.xml.
2024-04-18 00:59:48,294 [Worker-10: Importing Maven projects] INFO  o.e.m.c.i.p.WorkspaceClassifierResolverManager - Resolving P/slipper-core: com.slipper:slipper-core:2.0.0 with classifier  to /slipper-core/target/classes
2024-04-18 00:59:48,307 [Worker-10: Importing Maven projects] INFO  o.e.m.c.i.p.WorkspaceClassifierResolverManager - Resolving P/slipper-common: com.slipper:slipper-common:2.0.0 with classifier  to /slipper-common/target/classes
2024-04-18 00:59:48,339 [Worker-10: Importing Maven projects] INFO  o.e.m.c.i.p.WorkspaceClassifierResolverManager - Resolving P/slipper-service: com.slipper:slipper-service:2.0.0 with classifier  to /slipper-service/target/classes
2024-04-18 00:59:48,444 [Worker-10: Importing Maven projects] INFO  o.e.m.c.i.l.LifecycleMappingFactory - Using org.eclipse.m2e.jdt.JarLifecycleMapping lifecycle mapping for MavenProject: com.slipper:slipper-core:2.0.0 @ C:\Users\caiqi\Documents\GitHub\slipper\slipper-core\pom.xml.
2024-04-18 00:59:48,486 [Worker-10: Importing Maven projects] INFO  o.e.m.c.i.p.WorkspaceClassifierResolverManager - Resolving P/slipper-common: com.slipper:slipper-common:2.0.0 with classifier  to /slipper-common/target/classes
2024-04-18 00:59:48,604 [Worker-10: Importing Maven projects] INFO  o.e.m.c.i.l.LifecycleMappingFactory - Using org.eclipse.m2e.jdt.JarLifecycleMapping lifecycle mapping for MavenProject: com.slipper:slipper-shiro:2.0.0 @ C:\Users\caiqi\Documents\GitHub\slipper\slipper-shiro\pom.xml.
2024-04-18 00:59:48,623 [Worker-10: Importing Maven projects] INFO  o.e.m.c.i.p.WorkspaceClassifierResolverManager - Resolving P/slipper-core: com.slipper:slipper-core:2.0.0 with classifier  to /slipper-core/target/classes
2024-04-18 00:59:48,639 [Worker-10: Importing Maven projects] INFO  o.e.m.c.i.p.WorkspaceClassifierResolverManager - Resolving P/slipper-common: com.slipper:slipper-common:2.0.0 with classifier  to /slipper-common/target/classes
2024-04-18 00:59:48,689 [Worker-10: Importing Maven projects] INFO  o.e.m.c.i.p.WorkspaceClassifierResolverManager - Resolving P/slipper-service: com.slipper:slipper-service:2.0.0 with classifier  to /slipper-service/target/classes
2024-04-18 00:59:48,800 [Worker-10: Importing Maven projects] INFO  o.e.m.c.i.l.LifecycleMappingFactory - Using org.eclipse.m2e.jdt.JarLifecycleMapping lifecycle mapping for MavenProject: com.slipper:slipper-service:2.0.0 @ C:\Users\caiqi\Documents\GitHub\slipper\slipper-service\pom.xml.
2024-04-18 00:59:48,809 [Worker-10: Importing Maven projects] INFO  o.e.m.c.i.p.WorkspaceClassifierResolverManager - Resolving P/slipper-core: com.slipper:slipper-core:2.0.0 with classifier  to /slipper-core/target/classes
2024-04-18 00:59:48,838 [Worker-10: Importing Maven projects] INFO  o.e.m.c.i.p.WorkspaceClassifierResolverManager - Resolving P/slipper-common: com.slipper:slipper-common:2.0.0 with classifier  to /slipper-common/target/classes
2024-04-18 00:59:48,989 [Worker-10: Importing Maven projects] INFO  o.e.m.c.i.l.LifecycleMappingFactory - Using org.eclipse.m2e.jdt.JarLifecycleMapping lifecycle mapping for MavenProject: com.slipper:slipper-backstage:2.0.0 @ C:\Users\caiqi\Documents\GitHub\slipper\slipper-backstage\pom.xml.
2024-04-18 00:59:48,998 [Worker-10: Importing Maven projects] INFO  o.e.m.c.i.p.WorkspaceClassifierResolverManager - Resolving P/slipper-service: com.slipper:slipper-service:2.0.0 with classifier  to /slipper-service/target/classes
2024-04-18 00:59:48,998 [Worker-10: Importing Maven projects] INFO  o.e.m.c.i.p.WorkspaceClassifierResolverManager - Resolving P/slipper-core: com.slipper:slipper-core:2.0.0 with classifier  to /slipper-core/target/classes
2024-04-18 00:59:49,024 [Worker-10: Importing Maven projects] INFO  o.e.m.c.i.p.WorkspaceClassifierResolverManager - Resolving P/slipper-common: com.slipper:slipper-common:2.0.0 with classifier  to /slipper-common/target/classes
2024-04-18 00:59:49,071 [Worker-10: Importing Maven projects] INFO  o.e.m.c.i.p.WorkspaceClassifierResolverManager - Resolving P/slipper-shiro: com.slipper:slipper-shiro:2.0.0 with classifier  to /slipper-shiro/target/classes
2024-04-18 00:59:49,157 [Worker-10: Importing Maven projects] INFO  o.e.m.c.i.l.LifecycleMappingFactory - Using org.eclipse.m2e.jdt.JarLifecycleMapping lifecycle mapping for MavenProject: com.slipper:slipper-netty:2.0.0 @ C:\Users\caiqi\Documents\GitHub\slipper\slipper-netty\pom.xml.
2024-04-18 00:59:49,192 [Worker-10: Importing Maven projects] INFO  o.e.m.c.i.p.WorkspaceClassifierResolverManager - Resolving P/slipper-core: com.slipper:slipper-core:2.0.0 with classifier  to /slipper-core/target/classes
2024-04-18 00:59:49,205 [Worker-10: Importing Maven projects] INFO  o.e.m.c.i.p.WorkspaceClassifierResolverManager - Resolving P/slipper-common: com.slipper:slipper-common:2.0.0 with classifier  to /slipper-common/target/classes
2024-04-18 00:59:49,242 [Worker-10: Importing Maven projects] INFO  o.e.m.c.i.p.WorkspaceClassifierResolverManager - Resolving P/slipper-service: com.slipper:slipper-service:2.0.0 with classifier  to /slipper-service/target/classes
2024-04-18 00:59:49,352 [Worker-10: Importing Maven projects] INFO  o.e.m.c.i.l.LifecycleMappingFactory - Using org.eclipse.m2e.jdt.JarLifecycleMapping lifecycle mapping for MavenProject: com.slipper:slipper-shiro:2.0.0 @ C:\Users\caiqi\Documents\GitHub\slipper\slipper-shiro\pom.xml.
2024-04-18 00:59:49,374 [Worker-10: Importing Maven projects] INFO  o.e.m.c.i.p.WorkspaceClassifierResolverManager - Resolving P/slipper-core: com.slipper:slipper-core:2.0.0 with classifier  to /slipper-core/target/classes
2024-04-18 00:59:49,392 [Worker-10: Importing Maven projects] INFO  o.e.m.c.i.p.WorkspaceClassifierResolverManager - Resolving P/slipper-common: com.slipper:slipper-common:2.0.0 with classifier  to /slipper-common/target/classes
2024-04-18 00:59:49,437 [Worker-10: Importing Maven projects] INFO  o.e.m.c.i.p.WorkspaceClassifierResolverManager - Resolving P/slipper-service: com.slipper:slipper-service:2.0.0 with classifier  to /slipper-service/target/classes
2024-04-18 00:59:49,550 [Worker-10: Importing Maven projects] INFO  o.e.m.c.i.l.LifecycleMappingFactory - Using org.eclipse.m2e.jdt.JarLifecycleMapping lifecycle mapping for MavenProject: com.slipper:slipper-backstage:2.0.0 @ C:\Users\caiqi\Documents\GitHub\slipper\slipper-backstage\pom.xml.
2024-04-18 00:59:49,559 [Worker-10: Importing Maven projects] INFO  o.e.m.c.i.p.WorkspaceClassifierResolverManager - Resolving P/slipper-service: com.slipper:slipper-service:2.0.0 with classifier  to /slipper-service/target/classes
2024-04-18 00:59:49,559 [Worker-10: Importing Maven projects] INFO  o.e.m.c.i.p.WorkspaceClassifierResolverManager - Resolving P/slipper-core: com.slipper:slipper-core:2.0.0 with classifier  to /slipper-core/target/classes
2024-04-18 00:59:49,572 [Worker-10: Importing Maven projects] INFO  o.e.m.c.i.p.WorkspaceClassifierResolverManager - Resolving P/slipper-common: com.slipper:slipper-common:2.0.0 with classifier  to /slipper-common/target/classes
2024-04-18 00:59:49,658 [Worker-10: Importing Maven projects] INFO  o.e.m.c.i.p.WorkspaceClassifierResolverManager - Resolving P/slipper-shiro: com.slipper:slipper-shiro:2.0.0 with classifier  to /slipper-shiro/target/classes
