#
# A fatal error has been detected by the Java Runtime Environment:
#
#  EXCEPTION_ACCESS_VIOLATION (0xc0000005) at pc=0x0000000073a65521, pid=13580, tid=0x0000000000001ec4
#
# JRE version: OpenJDK Runtime Environment (8.0_302-b08) (build 1.8.0_302-b08)
# Java VM: OpenJDK 64-Bit Server VM (25.302-b08 mixed mode windows-amd64 compressed oops)
# Problematic frame:
# V  [jvm.dll+0x1b5521]
#
# Failed to write core dump. Minidumps are not enabled by default on client versions of Windows
#
# If you would like to submit a bug report, please visit:
#   https://github.com/adoptium/adoptium-support/issues
#

---------------  T H R E A D  ---------------

Current thread (0x0000018b6b0b9800):  JavaThread "http-nio-8806-exec-24" daemon [_thread_in_vm, id=7876, stack(0x0000005c79400000,0x0000005c79500000)]

siginfo: ExceptionCode=0xc0000005, reading address 0x000000000000000c

Registers:
RAX=0x0000000000000000, RBX=0x0000018b6b0b9800, RCX=0x0000000000000980, RDX=0x0000000000000000
RSP=0x0000005c794fb0e0, RBP=0x000000000000000c, RSI=0x0000000000000000, RDI=0x0000000000000000
R8 =0x0000000000000000, R9 =0x000000000000000c, R10=0x0000018b4f44495b, R11=0x0000000073ab1570
R12=0x0000000000000000, R13=0x0000018b6305fab8, R14=0x0000018b6b0b9a50, R15=0x0000018b6b0b9800
RIP=0x0000000073a65521, EFLAGS=0x0000000000010202

Top of Stack: (sp=0x0000005c794fb0e0)
0x0000005c794fb0e0:   0000018b000000b6 0000018b789ee9b8
0x0000005c794fb0f0:   0000018b6b0b9800 0000000000000001
0x0000005c794fb100:   0000005c794fb1d0 0000018b4f444987
0x0000005c794fb110:   0000018b6305fab8 0000005c794fb198
0x0000005c794fb120:   00000000eb95d598 0000000000000020
0x0000005c794fb130:   0000018b6b0b9800 0000000600000018
0x0000005c794fb140:   0000018b789ed870 0000018b6b0b9800
0x0000005c794fb150:   0000005c794fb230 0000005c794fb158
0x0000005c794fb160:   0000000000000000 0000005c794fb1d0
0x0000005c794fb170:   0000018b63090660 0000000000000000
0x0000005c794fb180:   0000018b6305fab8 0000000000000000
0x0000005c794fb190:   0000005c794fb1b8 0000005c794fb218
0x0000005c794fb1a0:   0000018b4f427f00 0000000000000000
0x0000005c794fb1b0:   0000018b4f43943b 000000000000000c
0x0000005c794fb1c0:   0000018b4f455dbf 0000000000000000
0x0000005c794fb1d0:   0000000084c9ead0 0000005c794fb1d8 

Instructions: (pc=0x0000000073a65521)
0x0000000073a65501:   16 40 f6 c6 01 74 0d 48 8b ce e8 00 e8 02 00 48
0x0000000073a65511:   8b d0 eb 03 48 8b 16 40 38 3d 86 a9 62 00 74 1b
0x0000000073a65521:   8b 04 2a 85 c0 74 18 8b 0d aa 50 5c 00 8b f8 48
0x0000000073a65531:   d3 e7 48 03 3d 96 50 5c 00 eb 04 48 8b 3c 2a 80 


Register to memory mapping:

RAX=0x0000000000000000 is an unknown value
RBX=0x0000018b6b0b9800 is a thread
RCX=0x0000000000000980 is an unknown value
RDX=0x0000000000000000 is an unknown value
RSP=0x0000005c794fb0e0 is pointing into the stack for thread: 0x0000018b6b0b9800
RBP=0x000000000000000c is an unknown value
RSI=0x0000000000000000 is an unknown value
RDI=0x0000000000000000 is an unknown value
R8 =0x0000000000000000 is an unknown value
R9 =0x000000000000000c is an unknown value
R10=0x0000018b4f44495b is at code_begin+1915 in an Interpreter codelet
method entry point (kind = native)  [0x0000018b4f4441e0, 0x0000018b4f4454c0]  4832 bytes
R11=0x0000000073ab1570 is an unknown value
R12=0x0000000000000000 is an unknown value
R13={method} {0x0000018b6305fac0} 'getObject' '(Ljava/lang/Object;J)Ljava/lang/Object;' in 'sun/misc/Unsafe'
R14=0x0000018b6b0b9a50 is an unknown value
R15=0x0000018b6b0b9800 is a thread


Stack: [0x0000005c79400000,0x0000005c79500000],  sp=0x0000005c794fb0e0,  free space=1004k
Native frames: (J=compiled Java code, j=interpreted, Vv=VM code, C=native code)
V  [jvm.dll+0x1b5521]
C  0x0000018b4f444987

Java frames: (J=compiled Java code, j=interpreted, Vv=VM code)
j  sun.misc.Unsafe.getObject(Ljava/lang/Object;J)Ljava/lang/Object;+0
j  com.alibaba.fastjson2.util.JDKUtils.getCharArray(Ljava/lang/String;)[C+13
j  com.alibaba.fastjson2.JSONReader.of(Ljava/lang/String;)Lcom/alibaba/fastjson2/JSONReader;+96
j  com.alibaba.fastjson2.JSON.parseArray(Ljava/lang/String;Ljava/lang/reflect/Type;)Ljava/util/List;+20
j  com.slipper.unieap.bakerstreet.scriptmgt.scriptinfo.ScriptInfoController.create(Lcom/slipper/unieap/bakerstreet/scriptmgt/vo/ScriptInfoVO;)Lcom/slipper/common/utils/R;+7
j  com.slipper.unieap.bakerstreet.scriptmgt.scriptinfo.ScriptInfoController$$FastClassBySpringCGLIB$$78af94d.invoke(ILjava/lang/Object;[Ljava/lang/Object;)Ljava/lang/Object;+168
j  org.springframework.cglib.proxy.MethodProxy.invoke(Ljava/lang/Object;[Ljava/lang/Object;)Ljava/lang/Object;+19
j  org.springframework.aop.framework.CglibAopProxy$CglibMethodInvocation.invokeJoinpoint()Ljava/lang/Object;+19
J 10325 C1 org.springframework.aop.framework.ReflectiveMethodInvocation.proceed()Ljava/lang/Object; (126 bytes) @ 0x0000018b4f78e8ec [0x0000018b4f78e6a0+0x24c]
j  org.springframework.aop.framework.CglibAopProxy$CglibMethodInvocation.proceed()Ljava/lang/Object;+1
j  org.springframework.aop.aspectj.MethodInvocationProceedingJoinPoint.proceed()Ljava/lang/Object;+9
j  com.slipper.service.aspect.LogAspect.around(Lorg/aspectj/lang/ProceedingJoinPoint;)Ljava/lang/Object;+5
v  ~StubRoutines::call_stub
J 2420  sun.reflect.NativeMethodAccessorImpl.invoke0(Ljava/lang/reflect/Method;Ljava/lang/Object;[Ljava/lang/Object;)Ljava/lang/Object; (0 bytes) @ 0x0000018b4fc5f73f [0x0000018b4fc5f6c0+0x7f]
J 2419 C1 sun.reflect.NativeMethodAccessorImpl.invoke(Ljava/lang/Object;[Ljava/lang/Object;)Ljava/lang/Object; (104 bytes) @ 0x0000018b4fc5e924 [0x0000018b4fc5d740+0x11e4]
J 7630 C2 java.lang.reflect.Method.invoke(Ljava/lang/Object;[Ljava/lang/Object;)Ljava/lang/Object; (62 bytes) @ 0x0000018b50c7fef8 [0x0000018b50c7fd20+0x1d8]
j  org.springframework.aop.aspectj.AbstractAspectJAdvice.invokeAdviceMethodWithGivenArgs([Ljava/lang/Object;)Ljava/lang/Object;+35
j  org.springframework.aop.aspectj.AbstractAspectJAdvice.invokeAdviceMethod(Lorg/aspectj/lang/JoinPoint;Lorg/aspectj/weaver/tools/JoinPointMatch;Ljava/lang/Object;Ljava/lang/Throwable;)Ljava/lang/Object;+10
j  org.springframework.aop.aspectj.AspectJAroundAdvice.invoke(Lorg/aopalliance/intercept/MethodInvocation;)Ljava/lang/Object;+58
J 10325 C1 org.springframework.aop.framework.ReflectiveMethodInvocation.proceed()Ljava/lang/Object; (126 bytes) @ 0x0000018b4f78e83c [0x0000018b4f78e6a0+0x19c]
j  org.springframework.aop.framework.CglibAopProxy$CglibMethodInvocation.proceed()Ljava/lang/Object;+1
j  org.springframework.aop.interceptor.ExposeInvocationInterceptor.invoke(Lorg/aopalliance/intercept/MethodInvocation;)Ljava/lang/Object;+18
J 10325 C1 org.springframework.aop.framework.ReflectiveMethodInvocation.proceed()Ljava/lang/Object; (126 bytes) @ 0x0000018b4f78e8c4 [0x0000018b4f78e6a0+0x224]
j  org.springframework.aop.framework.CglibAopProxy$CglibMethodInvocation.proceed()Ljava/lang/Object;+1
j  org.springframework.aop.framework.CglibAopProxy$DynamicAdvisedInterceptor.intercept(Ljava/lang/Object;Ljava/lang/reflect/Method;[Ljava/lang/Object;Lorg/springframework/cglib/proxy/MethodProxy;)Ljava/lang/Object;+149
j  com.slipper.unieap.bakerstreet.scriptmgt.scriptinfo.ScriptInfoController$$EnhancerBySpringCGLIB$$de87559e.create(Lcom/slipper/unieap/bakerstreet/scriptmgt/vo/ScriptInfoVO;)Lcom/slipper/common/utils/R;+36
v  ~StubRoutines::call_stub
J 2420  sun.reflect.NativeMethodAccessorImpl.invoke0(Ljava/lang/reflect/Method;Ljava/lang/Object;[Ljava/lang/Object;)Ljava/lang/Object; (0 bytes) @ 0x0000018b4fc5f73f [0x0000018b4fc5f6c0+0x7f]
J 2419 C1 sun.reflect.NativeMethodAccessorImpl.invoke(Ljava/lang/Object;[Ljava/lang/Object;)Ljava/lang/Object; (104 bytes) @ 0x0000018b4fc5e924 [0x0000018b4fc5d740+0x11e4]
J 7630 C2 java.lang.reflect.Method.invoke(Ljava/lang/Object;[Ljava/lang/Object;)Ljava/lang/Object; (62 bytes) @ 0x0000018b50c7fef8 [0x0000018b50c7fd20+0x1d8]
j  org.springframework.web.method.support.InvocableHandlerMethod.doInvoke([Ljava/lang/Object;)Ljava/lang/Object;+28
j  org.springframework.web.method.support.InvocableHandlerMethod.invokeForRequest(Lorg/springframework/web/context/request/NativeWebRequest;Lorg/springframework/web/method/support/ModelAndViewContainer;[Ljava/lang/Object;)Ljava/lang/Object;+54
j  org.springframework.web.servlet.mvc.method.annotation.ServletInvocableHandlerMethod.invokeAndHandle(Lorg/springframework/web/context/request/ServletWebRequest;Lorg/springframework/web/method/support/ModelAndViewContainer;[Ljava/lang/Object;)V+4
j  org.springframework.web.servlet.mvc.method.annotation.RequestMappingHandlerAdapter.invokeHandlerMethod(Ljavax/servlet/http/HttpServletRequest;Ljavax/servlet/http/HttpServletResponse;Lorg/springframework/web/method/HandlerMethod;)Lorg/springframework/web/servlet/ModelAndView;+244
j  org.springframework.web.servlet.mvc.method.annotation.RequestMappingHandlerAdapter.handleInternal(Ljavax/servlet/http/HttpServletRequest;Ljavax/servlet/http/HttpServletResponse;Lorg/springframework/web/method/HandlerMethod;)Lorg/springframework/web/servlet/ModelAndView;+81
j  org.springframework.web.servlet.mvc.method.AbstractHandlerMethodAdapter.handle(Ljavax/servlet/http/HttpServletRequest;Ljavax/servlet/http/HttpServletResponse;Ljava/lang/Object;)Lorg/springframework/web/servlet/ModelAndView;+7
j  org.springframework.web.servlet.DispatcherServlet.doDispatch(Ljavax/servlet/http/HttpServletRequest;Ljavax/servlet/http/HttpServletResponse;)V+259
j  org.springframework.web.servlet.DispatcherServlet.doService(Ljavax/servlet/http/HttpServletRequest;Ljavax/servlet/http/HttpServletResponse;)V+241
j  org.springframework.web.servlet.FrameworkServlet.processRequest(Ljavax/servlet/http/HttpServletRequest;Ljavax/servlet/http/HttpServletResponse;)V+71
j  org.springframework.web.servlet.FrameworkServlet.doPost(Ljavax/servlet/http/HttpServletRequest;Ljavax/servlet/http/HttpServletResponse;)V+3
j  javax.servlet.http.HttpServlet.service(Ljavax/servlet/http/HttpServletRequest;Ljavax/servlet/http/HttpServletResponse;)V+131
j  org.springframework.web.servlet.FrameworkServlet.service(Ljavax/servlet/http/HttpServletRequest;Ljavax/servlet/http/HttpServletResponse;)V+33
j  javax.servlet.http.HttpServlet.service(Ljavax/servlet/ServletRequest;Ljavax/servlet/ServletResponse;)V+40
j  org.apache.catalina.core.ApplicationFilterChain.internalDoFilter(Ljavax/servlet/ServletRequest;Ljavax/servlet/ServletResponse;)V+304
j  org.apache.catalina.core.ApplicationFilterChain.doFilter(Ljavax/servlet/ServletRequest;Ljavax/servlet/ServletResponse;)V+99
j  org.apache.tomcat.websocket.server.WsFilter.doFilter(Ljavax/servlet/ServletRequest;Ljavax/servlet/ServletResponse;Ljavax/servlet/FilterChain;)V+21
j  org.apache.catalina.core.ApplicationFilterChain.internalDoFilter(Ljavax/servlet/ServletRequest;Ljavax/servlet/ServletResponse;)V+135
j  org.apache.catalina.core.ApplicationFilterChain.doFilter(Ljavax/servlet/ServletRequest;Ljavax/servlet/ServletResponse;)V+99
j  org.apache.shiro.web.servlet.OncePerRequestFilter.doFilter(Ljavax/servlet/ServletRequest;Ljavax/servlet/ServletResponse;Ljavax/servlet/FilterChain;)V+34
j  org.apache.catalina.core.ApplicationFilterChain.internalDoFilter(Ljavax/servlet/ServletRequest;Ljavax/servlet/ServletResponse;)V+135
j  org.apache.catalina.core.ApplicationFilterChain.doFilter(Ljavax/servlet/ServletRequest;Ljavax/servlet/ServletResponse;)V+99
j  com.slipper.core.xss.XssFilter.doFilter(Ljavax/servlet/ServletRequest;Ljavax/servlet/ServletResponse;Ljavax/servlet/FilterChain;)V+17
j  org.apache.catalina.core.ApplicationFilterChain.internalDoFilter(Ljavax/servlet/ServletRequest;Ljavax/servlet/ServletResponse;)V+135
j  org.apache.catalina.core.ApplicationFilterChain.doFilter(Ljavax/servlet/ServletRequest;Ljavax/servlet/ServletResponse;)V+99
j  org.apache.shiro.web.servlet.ProxiedFilterChain.doFilter(Ljavax/servlet/ServletRequest;Ljavax/servlet/ServletResponse;)V+50
j  org.apache.shiro.web.servlet.AdviceFilter.executeChain(Ljavax/servlet/ServletRequest;Ljavax/servlet/ServletResponse;Ljavax/servlet/FilterChain;)V+3
j  org.apache.shiro.web.servlet.AdviceFilter.doFilterInternal(Ljavax/servlet/ServletRequest;Ljavax/servlet/ServletResponse;Ljavax/servlet/FilterChain;)V+64
j  org.apache.shiro.web.servlet.OncePerRequestFilter.doFilter(Ljavax/servlet/ServletRequest;Ljavax/servlet/ServletResponse;Ljavax/servlet/FilterChain;)V+113
j  org.apache.shiro.web.servlet.ProxiedFilterChain.doFilter(Ljavax/servlet/ServletRequest;Ljavax/servlet/ServletResponse;)V+130
j  org.apache.shiro.web.servlet.AdviceFilter.executeChain(Ljavax/servlet/ServletRequest;Ljavax/servlet/ServletResponse;Ljavax/servlet/FilterChain;)V+3
j  org.apache.shiro.web.servlet.AdviceFilter.doFilterInternal(Ljavax/servlet/ServletRequest;Ljavax/servlet/ServletResponse;Ljavax/servlet/FilterChain;)V+64
j  org.apache.shiro.web.servlet.OncePerRequestFilter.doFilter(Ljavax/servlet/ServletRequest;Ljavax/servlet/ServletResponse;Ljavax/servlet/FilterChain;)V+113
j  org.apache.shiro.web.servlet.ProxiedFilterChain.doFilter(Ljavax/servlet/ServletRequest;Ljavax/servlet/ServletResponse;)V+130
j  org.apache.shiro.web.servlet.AbstractShiroFilter.executeChain(Ljavax/servlet/ServletRequest;Ljavax/servlet/ServletResponse;Ljavax/servlet/FilterChain;)V+13
j  org.apache.shiro.web.servlet.AbstractShiroFilter$1.call()Ljava/lang/Object;+31
j  org.apache.shiro.subject.support.SubjectCallable.doCall(Ljava/util/concurrent/Callable;)Ljava/lang/Object;+1
j  org.apache.shiro.subject.support.SubjectCallable.call()Ljava/lang/Object;+14
j  org.apache.shiro.subject.support.DelegatingSubject.execute(Ljava/util/concurrent/Callable;)Ljava/lang/Object;+7
j  org.apache.shiro.web.servlet.AbstractShiroFilter.doFilterInternal(Ljavax/servlet/ServletRequest;Ljavax/servlet/ServletResponse;Ljavax/servlet/FilterChain;)V+47
j  org.apache.shiro.web.servlet.OncePerRequestFilter.doFilter(Ljavax/servlet/ServletRequest;Ljavax/servlet/ServletResponse;Ljavax/servlet/FilterChain;)V+113
j  org.springframework.web.filter.DelegatingFilterProxy.invokeDelegate(Ljavax/servlet/Filter;Ljavax/servlet/ServletRequest;Ljavax/servlet/ServletResponse;Ljavax/servlet/FilterChain;)V+5
j  org.springframework.web.filter.DelegatingFilterProxy.doFilter(Ljavax/servlet/ServletRequest;Ljavax/servlet/ServletResponse;Ljavax/servlet/FilterChain;)V+85
j  org.apache.catalina.core.ApplicationFilterChain.internalDoFilter(Ljavax/servlet/ServletRequest;Ljavax/servlet/ServletResponse;)V+135
j  org.apache.catalina.core.ApplicationFilterChain.doFilter(Ljavax/servlet/ServletRequest;Ljavax/servlet/ServletResponse;)V+99
j  org.springframework.web.filter.RequestContextFilter.doFilterInternal(Ljavax/servlet/http/HttpServletRequest;Ljavax/servlet/http/HttpServletResponse;Ljavax/servlet/FilterChain;)V+21
j  org.springframework.web.filter.OncePerRequestFilter.doFilter(Ljavax/servlet/ServletRequest;Ljavax/servlet/ServletResponse;Ljavax/servlet/FilterChain;)V+147
j  org.apache.catalina.core.ApplicationFilterChain.internalDoFilter(Ljavax/servlet/ServletRequest;Ljavax/servlet/ServletResponse;)V+135
j  org.apache.catalina.core.ApplicationFilterChain.doFilter(Ljavax/servlet/ServletRequest;Ljavax/servlet/ServletResponse;)V+99
j  org.springframework.web.filter.FormContentFilter.doFilterInternal(Ljavax/servlet/http/HttpServletRequest;Ljavax/servlet/http/HttpServletResponse;Ljavax/servlet/FilterChain;)V+38
j  org.springframework.web.filter.OncePerRequestFilter.doFilter(Ljavax/servlet/ServletRequest;Ljavax/servlet/ServletResponse;Ljavax/servlet/FilterChain;)V+147
j  org.apache.catalina.core.ApplicationFilterChain.internalDoFilter(Ljavax/servlet/ServletRequest;Ljavax/servlet/ServletResponse;)V+135
j  org.apache.catalina.core.ApplicationFilterChain.doFilter(Ljavax/servlet/ServletRequest;Ljavax/servlet/ServletResponse;)V+99
j  org.springframework.web.filter.CharacterEncodingFilter.doFilterInternal(Ljavax/servlet/http/HttpServletRequest;Ljavax/servlet/http/HttpServletResponse;Ljavax/servlet/FilterChain;)V+53
j  org.springframework.web.filter.OncePerRequestFilter.doFilter(Ljavax/servlet/ServletRequest;Ljavax/servlet/ServletResponse;Ljavax/servlet/FilterChain;)V+147
j  org.apache.catalina.core.ApplicationFilterChain.internalDoFilter(Ljavax/servlet/ServletRequest;Ljavax/servlet/ServletResponse;)V+135
j  org.apache.catalina.core.ApplicationFilterChain.doFilter(Ljavax/servlet/ServletRequest;Ljavax/servlet/ServletResponse;)V+99
j  org.apache.catalina.core.StandardWrapperValve.invoke(Lorg/apache/catalina/connector/Request;Lorg/apache/catalina/connector/Response;)V+694
j  org.apache.catalina.core.StandardContextValve.invoke(Lorg/apache/catalina/connector/Request;Lorg/apache/catalina/connector/Response;)V+169
j  org.apache.catalina.authenticator.AuthenticatorBase.invoke(Lorg/apache/catalina/connector/Request;Lorg/apache/catalina/connector/Response;)V+262
j  org.apache.catalina.core.StandardHostValve.invoke(Lorg/apache/catalina/connector/Request;Lorg/apache/catalina/connector/Response;)V+128
j  org.apache.catalina.valves.ErrorReportValve.invoke(Lorg/apache/catalina/connector/Request;Lorg/apache/catalina/connector/Response;)V+6
j  org.apache.catalina.core.StandardEngineValve.invoke(Lorg/apache/catalina/connector/Request;Lorg/apache/catalina/connector/Response;)V+59
j  org.apache.catalina.connector.CoyoteAdapter.service(Lorg/apache/coyote/Request;Lorg/apache/coyote/Response;)V+204
j  org.apache.coyote.http11.Http11Processor.service(Lorg/apache/tomcat/util/net/SocketWrapperBase;)Lorg/apache/tomcat/util/net/AbstractEndpoint$Handler$SocketState;+806
j  org.apache.coyote.AbstractProcessorLight.process(Lorg/apache/tomcat/util/net/SocketWrapperBase;Lorg/apache/tomcat/util/net/SocketEvent;)Lorg/apache/tomcat/util/net/AbstractEndpoint$Handler$SocketState;+170
j  org.apache.coyote.AbstractProtocol$ConnectionHandler.process(Lorg/apache/tomcat/util/net/SocketWrapperBase;Lorg/apache/tomcat/util/net/SocketEvent;)Lorg/apache/tomcat/util/net/AbstractEndpoint$Handler$SocketState;+495
j  org.apache.tomcat.util.net.NioEndpoint$SocketProcessor.doRun()V+216
j  org.apache.tomcat.util.net.SocketProcessorBase.run()V+21
j  org.apache.tomcat.util.threads.ThreadPoolExecutor.runWorker(Lorg/apache/tomcat/util/threads/ThreadPoolExecutor$Worker;)V+92
j  org.apache.tomcat.util.threads.ThreadPoolExecutor$Worker.run()V+5
j  org.apache.tomcat.util.threads.TaskThread$WrappingRunnable.run()V+4
j  java.lang.Thread.run()V+11
v  ~StubRoutines::call_stub

---------------  P R O C E S S  ---------------

Java Threads: ( => current thread )
  0x0000018b6b0c2000 JavaThread "Java2D Disposer" daemon [_thread_blocked, id=12848, stack(0x0000005c75e00000,0x0000005c75f00000)]
  0x0000018b6b0bf800 JavaThread "DestroyJavaVM" [_thread_blocked, id=192, stack(0x0000005c75f00000,0x0000005c76000000)]
  0x0000018b6b0c1000 JavaThread "http-nio-8806-Acceptor" daemon [_thread_in_native, id=10224, stack(0x0000005c79c00000,0x0000005c79d00000)]
  0x0000018b6b0be000 JavaThread "http-nio-8806-Poller" daemon [_thread_in_native, id=13228, stack(0x0000005c79b00000,0x0000005c79c00000)]
  0x0000018b6b0c3000 JavaThread "http-nio-8806-exec-30" daemon [_thread_blocked, id=13364, stack(0x0000005c79a00000,0x0000005c79b00000)]
  0x0000018b6b0c5000 JavaThread "http-nio-8806-exec-29" daemon [_thread_blocked, id=8792, stack(0x0000005c79900000,0x0000005c79a00000)]
  0x0000018b6b0b6000 JavaThread "http-nio-8806-exec-28" daemon [_thread_blocked, id=12188, stack(0x0000005c79800000,0x0000005c79900000)]
  0x0000018b6b0bd800 JavaThread "http-nio-8806-exec-27" daemon [_thread_blocked, id=6388, stack(0x0000005c79700000,0x0000005c79800000)]
  0x0000018b6b0ba000 JavaThread "http-nio-8806-exec-26" daemon [_thread_blocked, id=13592, stack(0x0000005c79600000,0x0000005c79700000)]
  0x0000018b6b0b8800 JavaThread "http-nio-8806-exec-25" daemon [_thread_blocked, id=13348, stack(0x0000005c79500000,0x0000005c79600000)]
=>0x0000018b6b0b9800 JavaThread "http-nio-8806-exec-24" daemon [_thread_in_vm, id=7876, stack(0x0000005c79400000,0x0000005c79500000)]
  0x0000018b6b0b8000 JavaThread "http-nio-8806-exec-23" daemon [_thread_blocked, id=12052, stack(0x0000005c79300000,0x0000005c79400000)]
  0x0000018b6b0bc800 JavaThread "http-nio-8806-exec-22" daemon [_thread_blocked, id=12416, stack(0x0000005c79200000,0x0000005c79300000)]
  0x0000018b6b0b7000 JavaThread "http-nio-8806-exec-21" daemon [_thread_blocked, id=12984, stack(0x0000005c79100000,0x0000005c79200000)]
  0x0000018b6b0bb800 JavaThread "http-nio-8806-exec-20" daemon [_thread_blocked, id=13116, stack(0x0000005c79000000,0x0000005c79100000)]
  0x0000018b6b0bb000 JavaThread "http-nio-8806-exec-19" daemon [_thread_blocked, id=9740, stack(0x0000005c78f00000,0x0000005c79000000)]
  0x0000018b679f1800 JavaThread "http-nio-8806-exec-18" daemon [_thread_blocked, id=3068, stack(0x0000005c78e00000,0x0000005c78f00000)]
  0x0000018b679f2800 JavaThread "http-nio-8806-exec-17" daemon [_thread_blocked, id=2380, stack(0x0000005c78d00000,0x0000005c78e00000)]
  0x0000018b679f1000 JavaThread "http-nio-8806-exec-16" daemon [_thread_blocked, id=13080, stack(0x0000005c78c00000,0x0000005c78d00000)]
  0x0000018b679f7000 JavaThread "http-nio-8806-exec-15" daemon [_thread_blocked, id=2652, stack(0x0000005c78b00000,0x0000005c78c00000)]
  0x0000018b679f0000 JavaThread "http-nio-8806-exec-14" daemon [_thread_blocked, id=2544, stack(0x0000005c78a00000,0x0000005c78b00000)]
  0x0000018b679f6800 JavaThread "http-nio-8806-exec-13" daemon [_thread_blocked, id=12304, stack(0x0000005c78900000,0x0000005c78a00000)]
  0x0000018b679f5800 JavaThread "http-nio-8806-exec-12" daemon [_thread_blocked, id=13292, stack(0x0000005c78800000,0x0000005c78900000)]
  0x0000018b679f3000 JavaThread "http-nio-8806-exec-11" daemon [_thread_blocked, id=3032, stack(0x0000005c78700000,0x0000005c78800000)]
  0x0000018b679f5000 JavaThread "http-nio-8806-exec-10" daemon [_thread_blocked, id=5172, stack(0x0000005c78600000,0x0000005c78700000)]
  0x0000018b679f4000 JavaThread "http-nio-8806-exec-9" daemon [_thread_blocked, id=13384, stack(0x0000005c78500000,0x0000005c78600000)]
  0x0000018b687f5800 JavaThread "http-nio-8806-exec-8" daemon [_thread_blocked, id=5792, stack(0x0000005c78400000,0x0000005c78500000)]
  0x0000018b687f4000 JavaThread "http-nio-8806-exec-7" daemon [_thread_blocked, id=9176, stack(0x0000005c78300000,0x0000005c78400000)]
  0x0000018b687f3800 JavaThread "http-nio-8806-exec-6" daemon [_thread_blocked, id=8960, stack(0x0000005c78200000,0x0000005c78300000)]
  0x0000018b687f1000 JavaThread "http-nio-8806-exec-5" daemon [_thread_blocked, id=12368, stack(0x0000005c78100000,0x0000005c78200000)]
  0x0000018b687f2800 JavaThread "http-nio-8806-exec-4" daemon [_thread_blocked, id=11696, stack(0x0000005c78000000,0x0000005c78100000)]
  0x0000018b687f5000 JavaThread "http-nio-8806-exec-3" daemon [_thread_blocked, id=3584, stack(0x0000005c77f00000,0x0000005c78000000)]
  0x0000018b687f2000 JavaThread "http-nio-8806-exec-2" daemon [_thread_blocked, id=12968, stack(0x0000005c77e00000,0x0000005c77f00000)]
  0x0000018b687f6800 JavaThread "http-nio-8806-exec-1" daemon [_thread_blocked, id=4724, stack(0x0000005c77d00000,0x0000005c77e00000)]
  0x0000018b687f0000 JavaThread "lettuce-timer-3-1" daemon [_thread_blocked, id=4772, stack(0x0000005c77c00000,0x0000005c77d00000)]
  0x0000018b6e713800 JavaThread "bean_props_cache.data" [_thread_blocked, id=13516, stack(0x0000005c77b00000,0x0000005c77c00000)]
  0x0000018b6543b800 JavaThread "dic_group_cache.data" [_thread_blocked, id=13560, stack(0x0000005c77a00000,0x0000005c77b00000)]
  0x0000018b6ce7e000 JavaThread "Statistics Thread-__DEFAULT__-1" daemon [_thread_blocked, id=12708, stack(0x0000005c77900000,0x0000005c77a00000)]
  0x0000018b739c5800 JavaThread "__DEFAULT__" daemon [_thread_blocked, id=7484, stack(0x0000005c77800000,0x0000005c77900000)]
  0x0000018b6fc5a800 JavaThread "container-0" [_thread_blocked, id=13764, stack(0x0000005c77700000,0x0000005c77800000)]
  0x0000018b6ca24000 JavaThread "Catalina-utility-2" [_thread_blocked, id=10728, stack(0x0000005c77600000,0x0000005c77700000)]
  0x0000018b74995800 JavaThread "Catalina-utility-1" [_thread_blocked, id=13136, stack(0x0000005c77500000,0x0000005c77600000)]
  0x0000018b65dd5800 JavaThread "Druid-ConnectionPool-Destroy-1235678342" daemon [_thread_blocked, id=6248, stack(0x0000005c77400000,0x0000005c77500000)]
  0x0000018b73359000 JavaThread "Druid-ConnectionPool-Create-1235678342" daemon [_thread_blocked, id=14324, stack(0x0000005c77300000,0x0000005c77400000)]
  0x0000018b73779000 JavaThread "mysql-cj-abandoned-connection-cleanup" daemon [_thread_blocked, id=5656, stack(0x0000005c77200000,0x0000005c77300000)]
  0x0000018b65106800 JavaThread "Service Thread" daemon [_thread_blocked, id=10108, stack(0x0000005c77000000,0x0000005c77100000)]
  0x0000018b651c6000 JavaThread "C1 CompilerThread2" daemon [_thread_blocked, id=12768, stack(0x0000005c76f00000,0x0000005c77000000)]
  0x0000018b651c5000 JavaThread "C2 CompilerThread1" daemon [_thread_blocked, id=6340, stack(0x0000005c76e00000,0x0000005c76f00000)]
  0x0000018b651c4800 JavaThread "C2 CompilerThread0" daemon [_thread_blocked, id=11560, stack(0x0000005c76d00000,0x0000005c76e00000)]
  0x0000018b63a98000 JavaThread "JDWP Command Reader" daemon [_thread_in_native, id=7116, stack(0x0000005c76c00000,0x0000005c76d00000)]
  0x0000018b63a81800 JavaThread "JDWP Event Helper Thread" daemon [_thread_blocked, id=11592, stack(0x0000005c76b00000,0x0000005c76c00000)]
  0x0000018b63a7b000 JavaThread "JDWP Transport Listener: dt_socket" daemon [_thread_blocked, id=1272, stack(0x0000005c76a00000,0x0000005c76b00000)]
  0x0000018b639ff800 JavaThread "Attach Listener" daemon [_thread_blocked, id=13640, stack(0x0000005c76800000,0x0000005c76900000)]
  0x0000018b63a58800 JavaThread "Signal Dispatcher" daemon [_thread_blocked, id=6640, stack(0x0000005c76700000,0x0000005c76800000)]
  0x0000018b639cb800 JavaThread "Finalizer" daemon [_thread_blocked, id=9004, stack(0x0000005c76600000,0x0000005c76700000)]
  0x0000018b639c0800 JavaThread "Reference Handler" daemon [_thread_blocked, id=10336, stack(0x0000005c76500000,0x0000005c76600000)]

Other Threads:
  0x0000018b63995000 VMThread [stack: 0x0000005c76400000,0x0000005c76500000] [id=13412]
  0x0000018b65107800 WatcherThread [stack: 0x0000005c77100000,0x0000005c77200000] [id=10964]

VM state:not at safepoint (normal execution)

VM Mutex/Monitor currently owned by a thread: None

heap address: 0x0000000084c00000, size: 1972 MB, Compressed Oops mode: 32-bit
Narrow klass base: 0x0000000000000000, Narrow klass shift: 3
Compressed class space size: 1073741824 Address: 0x0000000100000000

Heap:
 PSYoungGen      total 649216K, used 358114K [0x00000000d6f00000, 0x0000000100000000, 0x0000000100000000)
  eden space 631808K, 56% used [0x00000000d6f00000,0x00000000eccb8b58,0x00000000fd800000)
  from space 17408K, 0% used [0x00000000fd800000,0x00000000fd800000,0x00000000fe900000)
  to   space 22528K, 0% used [0x00000000fea00000,0x00000000fea00000,0x0000000100000000)
 ParOldGen       total 138240K, used 55801K [0x0000000084c00000, 0x000000008d300000, 0x00000000d6f00000)
  object space 138240K, 40% used [0x0000000084c00000,0x000000008827e788,0x000000008d300000)
 Metaspace       used 108197K, capacity 113755K, committed 113792K, reserved 1148928K
  class space    used 13493K, capacity 14431K, committed 14464K, reserved 1048576K

Card table byte_map: [0x0000018b5e7e0000,0x0000018b5ebc0000] byte_map_base: 0x0000018b5e3ba000

Marking Bits: (ParMarkBitMap*) 0x000000007409c820
 Begin Bits: [0x0000018b5ee60000, 0x0000018b60d30000)
 End Bits:   [0x0000018b60d30000, 0x0000018b62c00000)

Polling page: 0x0000018b4d800000

CodeCache: size=245760Kb used=35555Kb max_used=36084Kb free=210204Kb
 bounds [0x0000018b4f420000, 0x0000018b517a0000, 0x0000018b5e420000]
 total_blobs=10996 nmethods=10186 adapters=729
 compilation: enabled

Compilation events (10 events):
Event: 113.797 Thread 0x0000018b651c6000 12881       3       java.io.DataInputStream::readByte (23 bytes)
Event: 113.797 Thread 0x0000018b651c6000 nmethod 12881 0x0000018b4ff95bd0 code [0x0000018b4ff95d60, 0x0000018b4ff96080]
Event: 113.797 Thread 0x0000018b651c6000 12882       1       java.time.temporal.ChronoField::range (5 bytes)
Event: 113.798 Thread 0x0000018b651c6000 nmethod 12882 0x0000018b5008e1d0 code [0x0000018b5008e320, 0x0000018b5008e438]
Event: 113.798 Thread 0x0000018b651c6000 12883       1       java.time.ZoneOffset::getTotalSeconds (5 bytes)
Event: 113.798 Thread 0x0000018b651c6000 nmethod 12883 0x0000018b50e53950 code [0x0000018b50e53aa0, 0x0000018b50e53bb8]
Event: 113.856 Thread 0x0000018b651c6000 12885       3       java.util.IdentityHashMap$IdentityHashMapIterator::hasNext (50 bytes)
Event: 113.857 Thread 0x0000018b651c6000 nmethod 12885 0x0000018b51010b10 code [0x0000018b51010c80, 0x0000018b51010f18]
Event: 113.857 Thread 0x0000018b651c6000 12884       3       java.util.IdentityHashMap$EntryIterator$Entry::checkIndexForEntryUse (18 bytes)
Event: 113.857 Thread 0x0000018b651c6000 nmethod 12884 0x0000018b4fb5c650 code [0x0000018b4fb5c7c0, 0x0000018b4fb5ca30]

GC Heap History (10 events):
Event: 14.707 GC heap before
{Heap before GC invocations=15 (full 3):
 PSYoungGen      total 502272K, used 8719K [0x00000000d6f00000, 0x00000000f7080000, 0x0000000100000000)
  eden space 493056K, 0% used [0x00000000d6f00000,0x00000000d6f00000,0x00000000f5080000)
  from space 9216K, 94% used [0x00000000f6780000,0x00000000f7003e00,0x00000000f7080000)
  to   space 14336K, 0% used [0x00000000f5480000,0x00000000f5480000,0x00000000f6280000)
 ParOldGen       total 60928K, used 28496K [0x0000000084c00000, 0x0000000088780000, 0x00000000d6f00000)
  object space 60928K, 46% used [0x0000000084c00000,0x00000000867d4340,0x0000000088780000)
 Metaspace       used 56281K, capacity 58841K, committed 59008K, reserved 1101824K
  class space    used 6968K, capacity 7435K, committed 7552K, reserved 1048576K
Event: 14.954 GC heap after
Heap after GC invocations=15 (full 3):
 PSYoungGen      total 502272K, used 0K [0x00000000d6f00000, 0x00000000f7080000, 0x0000000100000000)
  eden space 493056K, 0% used [0x00000000d6f00000,0x00000000d6f00000,0x00000000f5080000)
  from space 9216K, 0% used [0x00000000f6780000,0x00000000f6780000,0x00000000f7080000)
  to   space 14336K, 0% used [0x00000000f5480000,0x00000000f5480000,0x00000000f6280000)
 ParOldGen       total 90112K, used 27873K [0x0000000084c00000, 0x000000008a400000, 0x00000000d6f00000)
  object space 90112K, 30% used [0x0000000084c00000,0x0000000086738790,0x000000008a400000)
 Metaspace       used 56281K, capacity 58841K, committed 59008K, reserved 1101824K
  class space    used 6968K, capacity 7435K, committed 7552K, reserved 1048576K
}
Event: 19.743 GC heap before
{Heap before GC invocations=16 (full 3):
 PSYoungGen      total 502272K, used 493056K [0x00000000d6f00000, 0x00000000f7080000, 0x0000000100000000)
  eden space 493056K, 100% used [0x00000000d6f00000,0x00000000f5080000,0x00000000f5080000)
  from space 9216K, 0% used [0x00000000f6780000,0x00000000f6780000,0x00000000f7080000)
  to   space 14336K, 0% used [0x00000000f5480000,0x00000000f5480000,0x00000000f6280000)
 ParOldGen       total 90112K, used 27873K [0x0000000084c00000, 0x000000008a400000, 0x00000000d6f00000)
  object space 90112K, 30% used [0x0000000084c00000,0x0000000086738790,0x000000008a400000)
 Metaspace       used 72730K, capacity 75747K, committed 76032K, reserved 1116160K
  class space    used 9332K, capacity 9879K, committed 9984K, reserved 1048576K
Event: 19.772 GC heap after
Heap after GC invocations=16 (full 3):
 PSYoungGen      total 511488K, used 14305K [0x00000000d6f00000, 0x0000000100000000, 0x0000000100000000)
  eden space 497152K, 0% used [0x00000000d6f00000,0x00000000d6f00000,0x00000000f5480000)
  from space 14336K, 99% used [0x00000000f5480000,0x00000000f6278550,0x00000000f6280000)
  to   space 18944K, 0% used [0x00000000fed80000,0x00000000fed80000,0x0000000100000000)
 ParOldGen       total 90112K, used 34219K [0x0000000084c00000, 0x000000008a400000, 0x00000000d6f00000)
  object space 90112K, 37% used [0x0000000084c00000,0x0000000086d6afd0,0x000000008a400000)
 Metaspace       used 72730K, capacity 75747K, committed 76032K, reserved 1116160K
  class space    used 9332K, capacity 9879K, committed 9984K, reserved 1048576K
}
Event: 25.214 GC heap before
{Heap before GC invocations=17 (full 3):
 PSYoungGen      total 511488K, used 511457K [0x00000000d6f00000, 0x0000000100000000, 0x0000000100000000)
  eden space 497152K, 100% used [0x00000000d6f00000,0x00000000f5480000,0x00000000f5480000)
  from space 14336K, 99% used [0x00000000f5480000,0x00000000f6278550,0x00000000f6280000)
  to   space 18944K, 0% used [0x00000000fed80000,0x00000000fed80000,0x0000000100000000)
 ParOldGen       total 90112K, used 34219K [0x0000000084c00000, 0x000000008a400000, 0x00000000d6f00000)
  object space 90112K, 37% used [0x0000000084c00000,0x0000000086d6afd0,0x000000008a400000)
 Metaspace       used 84469K, capacity 88485K, committed 88704K, reserved 1126400K
  class space    used 10640K, capacity 11326K, committed 11392K, reserved 1048576K
Event: 25.247 GC heap after
Heap after GC invocations=17 (full 3):
 PSYoungGen      total 650752K, used 15552K [0x00000000d6f00000, 0x0000000100000000, 0x0000000100000000)
  eden space 631808K, 0% used [0x00000000d6f00000,0x00000000d6f00000,0x00000000fd800000)
  from space 18944K, 82% used [0x00000000fed80000,0x00000000ffcb0310,0x0000000100000000)
  to   space 20480K, 0% used [0x00000000fd800000,0x00000000fd800000,0x00000000fec00000)
 ParOldGen       total 90112K, used 40432K [0x0000000084c00000, 0x000000008a400000, 0x00000000d6f00000)
  object space 90112K, 44% used [0x0000000084c00000,0x000000008737c3d8,0x000000008a400000)
 Metaspace       used 84469K, capacity 88485K, committed 88704K, reserved 1126400K
  class space    used 10640K, capacity 11326K, committed 11392K, reserved 1048576K
}
Event: 28.947 GC heap before
{Heap before GC invocations=18 (full 3):
 PSYoungGen      total 650752K, used 627735K [0x00000000d6f00000, 0x0000000100000000, 0x0000000100000000)
  eden space 631808K, 96% used [0x00000000d6f00000,0x00000000fc4d5b98,0x00000000fd800000)
  from space 18944K, 82% used [0x00000000fed80000,0x00000000ffcb0310,0x0000000100000000)
  to   space 20480K, 0% used [0x00000000fd800000,0x00000000fd800000,0x00000000fec00000)
 ParOldGen       total 90112K, used 40432K [0x0000000084c00000, 0x000000008a400000, 0x00000000d6f00000)
  object space 90112K, 44% used [0x0000000084c00000,0x000000008737c3d8,0x000000008a400000)
 Metaspace       used 93664K, capacity 98185K, committed 98304K, reserved 1134592K
  class space    used 11656K, capacity 12426K, committed 12544K, reserved 1048576K
Event: 28.990 GC heap after
Heap after GC invocations=18 (full 3):
 PSYoungGen      total 649216K, used 17327K [0x00000000d6f00000, 0x0000000100000000, 0x0000000100000000)
  eden space 631808K, 0% used [0x00000000d6f00000,0x00000000d6f00000,0x00000000fd800000)
  from space 17408K, 99% used [0x00000000fd800000,0x00000000fe8ebe08,0x00000000fe900000)
  to   space 22528K, 0% used [0x00000000fea00000,0x00000000fea00000,0x0000000100000000)
 ParOldGen       total 90112K, used 49949K [0x0000000084c00000, 0x000000008a400000, 0x00000000d6f00000)
  object space 90112K, 55% used [0x0000000084c00000,0x0000000087cc75b0,0x000000008a400000)
 Metaspace       used 93664K, capacity 98185K, committed 98304K, reserved 1134592K
  class space    used 11656K, capacity 12426K, committed 12544K, reserved 1048576K
}
Event: 28.990 GC heap before
{Heap before GC invocations=19 (full 4):
 PSYoungGen      total 649216K, used 17327K [0x00000000d6f00000, 0x0000000100000000, 0x0000000100000000)
  eden space 631808K, 0% used [0x00000000d6f00000,0x00000000d6f00000,0x00000000fd800000)
  from space 17408K, 99% used [0x00000000fd800000,0x00000000fe8ebe08,0x00000000fe900000)
  to   space 22528K, 0% used [0x00000000fea00000,0x00000000fea00000,0x0000000100000000)
 ParOldGen       total 90112K, used 49949K [0x0000000084c00000, 0x000000008a400000, 0x00000000d6f00000)
  object space 90112K, 55% used [0x0000000084c00000,0x0000000087cc75b0,0x000000008a400000)
 Metaspace       used 93664K, capacity 98185K, committed 98304K, reserved 1134592K
  class space    used 11656K, capacity 12426K, committed 12544K, reserved 1048576K
Event: 29.206 GC heap after
Heap after GC invocations=19 (full 4):
 PSYoungGen      total 649216K, used 0K [0x00000000d6f00000, 0x0000000100000000, 0x0000000100000000)
  eden space 631808K, 0% used [0x00000000d6f00000,0x00000000d6f00000,0x00000000fd800000)
  from space 17408K, 0% used [0x00000000fd800000,0x00000000fd800000,0x00000000fe900000)
  to   space 22528K, 0% used [0x00000000fea00000,0x00000000fea00000,0x0000000100000000)
 ParOldGen       total 138240K, used 55801K [0x0000000084c00000, 0x000000008d300000, 0x00000000d6f00000)
  object space 138240K, 40% used [0x0000000084c00000,0x000000008827e788,0x000000008d300000)
 Metaspace       used 93664K, capacity 98185K, committed 98304K, reserved 1134592K
  class space    used 11656K, capacity 12426K, committed 12544K, reserved 1048576K
}

Deoptimization events (10 events):
Event: 113.864 Thread 0x0000018b6b0b9800 Uncommon trap: reason=unhandled action=none pc=0x0000018b503f3214 method=java.net.URLClassLoader.findClass(Ljava/lang/String;)Ljava/lang/Class; @ 44
Event: 113.865 Thread 0x0000018b6b0b9800 Uncommon trap: reason=unhandled action=none pc=0x0000018b503f3214 method=java.net.URLClassLoader.findClass(Ljava/lang/String;)Ljava/lang/Class; @ 44
Event: 113.866 Thread 0x0000018b6b0b9800 Uncommon trap: reason=unhandled action=none pc=0x0000018b503f3214 method=java.net.URLClassLoader.findClass(Ljava/lang/String;)Ljava/lang/Class; @ 44
Event: 113.868 Thread 0x0000018b6b0b9800 Uncommon trap: reason=unhandled action=none pc=0x0000018b503f3214 method=java.net.URLClassLoader.findClass(Ljava/lang/String;)Ljava/lang/Class; @ 44
Event: 113.869 Thread 0x0000018b6b0b9800 Uncommon trap: reason=unhandled action=none pc=0x0000018b503f3214 method=java.net.URLClassLoader.findClass(Ljava/lang/String;)Ljava/lang/Class; @ 44
Event: 113.871 Thread 0x0000018b6b0b9800 Uncommon trap: reason=unhandled action=none pc=0x0000018b503f3214 method=java.net.URLClassLoader.findClass(Ljava/lang/String;)Ljava/lang/Class; @ 44
Event: 113.876 Thread 0x0000018b6b0b9800 Uncommon trap: reason=unhandled action=none pc=0x0000018b503f3214 method=java.net.URLClassLoader.findClass(Ljava/lang/String;)Ljava/lang/Class; @ 44
Event: 113.880 Thread 0x0000018b6b0b9800 Uncommon trap: reason=unhandled action=none pc=0x0000018b503f3214 method=java.net.URLClassLoader.findClass(Ljava/lang/String;)Ljava/lang/Class; @ 44
Event: 113.880 Thread 0x0000018b6b0b9800 Uncommon trap: reason=unhandled action=none pc=0x0000018b503f3214 method=java.net.URLClassLoader.findClass(Ljava/lang/String;)Ljava/lang/Class; @ 44
Event: 113.881 Thread 0x0000018b6b0b9800 Uncommon trap: reason=unhandled action=none pc=0x0000018b503f3214 method=java.net.URLClassLoader.findClass(Ljava/lang/String;)Ljava/lang/Class; @ 44

Classes redefined (0 events):
No events

Internal exceptions (10 events):
Event: 96.742 Thread 0x0000018b679f1000 Exception <a 'java/lang/ArrayIndexOutOfBoundsException': 55> (0x00000000e97a63c0) thrown at [J:\jenkins\tmp\workspace\build\src\hotspot\src\share\vm\interpreter\interpreterRuntime.cpp, line 371]
Event: 96.742 Thread 0x0000018b679f1000 Exception <a 'java/lang/ArrayIndexOutOfBoundsException': 22> (0x00000000e97a9a38) thrown at [J:\jenkins\tmp\workspace\build\src\hotspot\src\share\vm\interpreter\interpreterRuntime.cpp, line 371]
Event: 96.742 Thread 0x0000018b679f1000 Exception <a 'java/lang/ArrayIndexOutOfBoundsException': 23> (0x00000000e97ab4e0) thrown at [J:\jenkins\tmp\workspace\build\src\hotspot\src\share\vm\interpreter\interpreterRuntime.cpp, line 371]
Event: 96.743 Thread 0x0000018b679f1000 Exception <a 'java/lang/ArrayIndexOutOfBoundsException': 21> (0x00000000e97b4300) thrown at [J:\jenkins\tmp\workspace\build\src\hotspot\src\share\vm\interpreter\interpreterRuntime.cpp, line 371]
Event: 96.747 Thread 0x0000018b679f1000 Exception <a 'java/lang/ClassNotFoundException': java/lang/ObjectCustomizer> (0x00000000e97f4d60) thrown at [J:\jenkins\tmp\workspace\build\src\hotspot\src\share\vm\classfile\systemDictionary.cpp, line 217]
Event: 96.750 Thread 0x0000018b679f1000 Exception <a 'java/lang/ClassNotFoundException': com/slipper/unieap/bakerstreet/scriptmgt/pojo/ScriptInfoCustomizer> (0x00000000e9825d98) thrown at [J:\jenkins\tmp\workspace\build\src\hotspot\src\share\vm\classfile\systemDictionary.cpp, line 217]
Event: 96.925 Thread 0x0000018b679f2800 Exception <a 'java/lang/ArrayIndexOutOfBoundsException': 91> (0x00000000ea67a0f8) thrown at [J:\jenkins\tmp\workspace\build\src\hotspot\src\share\vm\interpreter\interpreterRuntime.cpp, line 371]
Event: 96.929 Thread 0x0000018b679f2800 Exception <a 'java/lang/ArrayIndexOutOfBoundsException': 94> (0x00000000ea68b0b8) thrown at [J:\jenkins\tmp\workspace\build\src\hotspot\src\share\vm\interpreter\interpreterRuntime.cpp, line 371]
Event: 96.930 Thread 0x0000018b679f2800 Exception <a 'java/lang/ArrayIndexOutOfBoundsException': 89> (0x00000000ea68dda0) thrown at [J:\jenkins\tmp\workspace\build\src\hotspot\src\share\vm\interpreter\interpreterRuntime.cpp, line 371]
Event: 96.930 Thread 0x0000018b679f2800 Implicit null exception at 0x0000018b4fe5bc0f to 0x0000018b4fe5bdad

Events (10 events):
Event: 113.881 Thread 0x0000018b6b0b9800 DEOPT UNPACKING pc=0x0000018b4f4675d8 sp=0x0000005c794f9480 mode 1
Event: 113.881 Thread 0x0000018b6b0b9800 DEOPT PACKING pc=0x0000018b50b9b001 sp=0x0000005c794fa6c0
Event: 113.881 Thread 0x0000018b6b0b9800 DEOPT UNPACKING pc=0x0000018b4f4675d8 sp=0x0000005c794fa408 mode 1
Event: 113.881 loading class com/alibaba/fastjson2/JSONFactory$Utils
Event: 113.881 loading class com/alibaba/fastjson2/JSONFactory$Utils done
Event: 113.881 Thread 0x0000018b6b0b9800 Uncommon trap: trap_request=0xffffffa7 fr.pc=0x0000018b503f3214
Event: 113.881 Thread 0x0000018b6b0b9800 DEOPT PACKING pc=0x0000018b503f3214 sp=0x0000005c794fa0a0
Event: 113.881 Thread 0x0000018b6b0b9800 DEOPT UNPACKING pc=0x0000018b4f465583 sp=0x0000005c794fa038 mode 2
Event: 113.881 Thread 0x0000018b6b0b9800 DEOPT PACKING pc=0x0000018b508f23e0 sp=0x0000005c794fa0e0
Event: 113.881 Thread 0x0000018b6b0b9800 DEOPT UNPACKING pc=0x0000018b4f4675d8 sp=0x0000005c794f9dd0 mode 1


Dynamic libraries:
0x00007ff714ff0000 - 0x00007ff71502a000 	C:\Program Files\Eclipse Foundation\jdk-8.0.302.8-hotspot\bin\javaw.exe
0x00007ff94db50000 - 0x00007ff94dd48000 	C:\WINDOWS\SYSTEM32\ntdll.dll
0x00007ff94d770000 - 0x00007ff94d82f000 	C:\WINDOWS\System32\KERNEL32.DLL
0x00007ff94b6e0000 - 0x00007ff94b9b2000 	C:\WINDOWS\System32\KERNELBASE.dll
0x00007ff94c710000 - 0x00007ff94c7be000 	C:\WINDOWS\System32\ADVAPI32.dll
0x00007ff94da70000 - 0x00007ff94db0e000 	C:\WINDOWS\System32\msvcrt.dll
0x00007ff94d830000 - 0x00007ff94d8cc000 	C:\WINDOWS\System32\sechost.dll
0x00007ff94c0b0000 - 0x00007ff94c1d5000 	C:\WINDOWS\System32\RPCRT4.dll
0x00007ff94c1e0000 - 0x00007ff94c381000 	C:\WINDOWS\System32\USER32.dll
0x00007ff94ba60000 - 0x00007ff94ba82000 	C:\WINDOWS\System32\win32u.dll
0x00007ff94c7c0000 - 0x00007ff94c7eb000 	C:\WINDOWS\System32\GDI32.dll
0x00007ff94b5d0000 - 0x00007ff94b6df000 	C:\WINDOWS\System32\gdi32full.dll
0x00007ff94b9c0000 - 0x00007ff94ba5d000 	C:\WINDOWS\System32\msvcp_win.dll
0x00007ff94b410000 - 0x00007ff94b510000 	C:\WINDOWS\System32\ucrtbase.dll
0x00007ff937740000 - 0x00007ff9379da000 	C:\WINDOWS\WinSxS\amd64_microsoft.windows.common-controls_6595b64144ccf1df_6.0.19041.1110_none_60b5254171f9507e\COMCTL32.dll
0x00007ff94c390000 - 0x00007ff94c3c2000 	C:\WINDOWS\System32\IMM32.DLL
0x00007ff944860000 - 0x00007ff94494f000 	C:\Program Files\Eclipse Foundation\jdk-8.0.302.8-hotspot\jre\bin\msvcr120.dll
0x00007ff943b00000 - 0x00007ff943ba6000 	C:\Program Files\Eclipse Foundation\jdk-8.0.302.8-hotspot\jre\bin\msvcp120.dll
0x00000000738b0000 - 0x000000007411b000 	C:\Program Files\Eclipse Foundation\jdk-8.0.302.8-hotspot\jre\bin\server\jvm.dll
0x00007ff94bb90000 - 0x00007ff94bb98000 	C:\WINDOWS\System32\PSAPI.DLL
0x00007ff9382e0000 - 0x00007ff9382e9000 	C:\WINDOWS\SYSTEM32\WSOCK32.dll
0x00007ff94cfb0000 - 0x00007ff94d01b000 	C:\WINDOWS\System32\WS2_32.dll
0x00007ff93cd20000 - 0x00007ff93cd47000 	C:\WINDOWS\SYSTEM32\WINMM.dll
0x00007ff93d570000 - 0x00007ff93d57a000 	C:\WINDOWS\SYSTEM32\VERSION.dll
0x00007ff944d90000 - 0x00007ff944d9f000 	C:\Program Files\Eclipse Foundation\jdk-8.0.302.8-hotspot\jre\bin\verify.dll
0x00007ff93a940000 - 0x00007ff93a969000 	C:\Program Files\Eclipse Foundation\jdk-8.0.302.8-hotspot\jre\bin\java.dll
0x00007ff944e40000 - 0x00007ff944e75000 	C:\Program Files\Eclipse Foundation\jdk-8.0.302.8-hotspot\jre\bin\jdwp.dll
0x00007ff946200000 - 0x00007ff946208000 	C:\Program Files\Eclipse Foundation\jdk-8.0.302.8-hotspot\jre\bin\npt.dll
0x00007ff934560000 - 0x00007ff93458a000 	C:\Program Files\Eclipse Foundation\jdk-8.0.302.8-hotspot\jre\bin\instrument.dll
0x00007ff944c60000 - 0x00007ff944c76000 	C:\Program Files\Eclipse Foundation\jdk-8.0.302.8-hotspot\jre\bin\zip.dll
0x00007ff94d020000 - 0x00007ff94d764000 	C:\WINDOWS\System32\SHELL32.dll
0x00007ff9488c0000 - 0x00007ff949052000 	C:\WINDOWS\SYSTEM32\windows.storage.dll
0x00007ff94bba0000 - 0x00007ff94bef5000 	C:\WINDOWS\System32\combase.dll
0x00007ff94abc0000 - 0x00007ff94abf0000 	C:\WINDOWS\SYSTEM32\Wldp.dll
0x00007ff94ca00000 - 0x00007ff94caad000 	C:\WINDOWS\System32\SHCORE.dll
0x00007ff94c9a0000 - 0x00007ff94c9f5000 	C:\WINDOWS\System32\shlwapi.dll
0x00007ff94b180000 - 0x00007ff94b19f000 	C:\WINDOWS\SYSTEM32\profapi.dll
0x00007ff9461f0000 - 0x00007ff9461f9000 	C:\Program Files\Eclipse Foundation\jdk-8.0.302.8-hotspot\jre\bin\dt_socket.dll
0x00007ff935ae0000 - 0x00007ff935af7000 	C:\WINDOWS\system32\napinsp.dll
0x00007ff935ac0000 - 0x00007ff935adb000 	C:\WINDOWS\system32\pnrpnsp.dll
0x00007ff945590000 - 0x00007ff9455a5000 	C:\WINDOWS\system32\wshbth.dll
0x00007ff946040000 - 0x00007ff94605d000 	C:\WINDOWS\system32\NLAapi.dll
0x00007ff94a610000 - 0x00007ff94a64b000 	C:\WINDOWS\SYSTEM32\IPHLPAPI.DLL
0x00007ff94a920000 - 0x00007ff94a98a000 	C:\WINDOWS\System32\mswsock.dll
0x00007ff94a650000 - 0x00007ff94a71a000 	C:\WINDOWS\SYSTEM32\DNSAPI.dll
0x00007ff94c3f0000 - 0x00007ff94c3f8000 	C:\WINDOWS\System32\NSI.dll
0x00007ff935aa0000 - 0x00007ff935ab2000 	C:\WINDOWS\System32\winrnr.dll
0x00007ff93c600000 - 0x00007ff93c680000 	C:\WINDOWS\System32\fwpuclnt.dll
0x00007ff94b510000 - 0x00007ff94b537000 	C:\WINDOWS\System32\bcrypt.dll
0x00007ff942450000 - 0x00007ff94245a000 	C:\Windows\System32\rasadhlp.dll
0x00007ff9461e0000 - 0x00007ff9461ed000 	C:\Program Files\Eclipse Foundation\jdk-8.0.302.8-hotspot\jre\bin\management.dll
0x00007ff944740000 - 0x00007ff94475a000 	C:\Program Files\Eclipse Foundation\jdk-8.0.302.8-hotspot\jre\bin\net.dll
0x00007ff92a3d0000 - 0x00007ff92a3e2000 	C:\Program Files\Eclipse Foundation\jdk-8.0.302.8-hotspot\jre\bin\nio.dll
0x00007ff92ae60000 - 0x00007ff92ae83000 	C:\Program Files\Eclipse Foundation\jdk-8.0.302.8-hotspot\jre\bin\sunec.dll
0x00007ff94ab10000 - 0x00007ff94ab28000 	C:\WINDOWS\SYSTEM32\CRYPTSP.dll
0x00007ff94a240000 - 0x00007ff94a274000 	C:\WINDOWS\system32\rsaenh.dll
0x00007ff94b140000 - 0x00007ff94b16e000 	C:\WINDOWS\SYSTEM32\USERENV.dll
0x00007ff94b540000 - 0x00007ff94b5c2000 	C:\WINDOWS\System32\bcryptprimitives.dll
0x00007ff94ab30000 - 0x00007ff94ab3c000 	C:\WINDOWS\SYSTEM32\CRYPTBASE.dll
0x00007ff9406b0000 - 0x00007ff9406c7000 	C:\WINDOWS\SYSTEM32\dhcpcsvc6.DLL
0x00007ff940690000 - 0x00007ff9406ad000 	C:\WINDOWS\SYSTEM32\dhcpcsvc.DLL
0x00007ff93bda0000 - 0x00007ff93bdac000 	C:\Program Files\Eclipse Foundation\jdk-8.0.302.8-hotspot\jre\bin\sunmscapi.dll
0x00007ff94b2b0000 - 0x00007ff94b406000 	C:\WINDOWS\System32\CRYPT32.dll
0x00007ff94ac30000 - 0x00007ff94ac57000 	C:\WINDOWS\SYSTEM32\ncrypt.dll
0x00007ff94abf0000 - 0x00007ff94ac2b000 	C:\WINDOWS\SYSTEM32\NTASN1.dll
0x00007ff935230000 - 0x00007ff9353c5000 	C:\Program Files\Eclipse Foundation\jdk-8.0.302.8-hotspot\jre\bin\awt.dll
0x00007ff94c8d0000 - 0x00007ff94c99d000 	C:\WINDOWS\System32\OLEAUT32.dll
0x00007ff947d50000 - 0x00007ff947de1000 	C:\WINDOWS\SYSTEM32\apphelp.dll
0x00007ff948350000 - 0x00007ff94837f000 	C:\WINDOWS\system32\DWMAPI.DLL
0x00007ff948150000 - 0x00007ff9481ee000 	C:\WINDOWS\system32\uxtheme.dll
0x00007ff943a60000 - 0x00007ff943af3000 	C:\Program Files\Eclipse Foundation\jdk-8.0.302.8-hotspot\jre\bin\freetype.dll
0x00007ff9432e0000 - 0x00007ff94339d000 	C:\Program Files\Eclipse Foundation\jdk-8.0.302.8-hotspot\jre\bin\fontmanager.dll
0x00007ff944a30000 - 0x00007ff944a5a000 	C:\Program Files\Eclipse Foundation\jdk-8.0.302.8-hotspot\jre\bin\jpeg.dll
0x00007ff9403b0000 - 0x00007ff940594000 	C:\WINDOWS\SYSTEM32\dbghelp.dll

VM Arguments:
jvm_args: -agentlib:jdwp=transport=dt_socket,suspend=y,address=localhost:62037 -javaagent:E:\OneDrive\01-ĎîÄż\07-esb\01-software\eclipse\configuration\org.eclipse.osgi\418\0\.cp\lib\javaagent-shaded.jar -Dfile.encoding=UTF-8 
java_command: com.slipper.SlipperApplication
java_class_path (initial): C:\Program Files\Eclipse Foundation\jdk-8.0.302.8-hotspot\jre\lib\resources.jar;C:\Program Files\Eclipse Foundation\jdk-8.0.302.8-hotspot\jre\lib\rt.jar;C:\Program Files\Eclipse Foundation\jdk-8.0.302.8-hotspot\jre\lib\jsse.jar;C:\Program Files\Eclipse Foundation\jdk-8.0.302.8-hotspot\jre\lib\jce.jar;C:\Program Files\Eclipse Foundation\jdk-8.0.302.8-hotspot\jre\lib\charsets.jar;C:\Program Files\Eclipse Foundation\jdk-8.0.302.8-hotspot\jre\lib\jfr.jar;C:\Program Files\Eclipse Foundation\jdk-8.0.302.8-hotspot\jre\lib\ext\access-bridge-64.jar;C:\Program Files\Eclipse Foundation\jdk-8.0.302.8-hotspot\jre\lib\ext\cldrdata.jar;C:\Program Files\Eclipse Foundation\jdk-8.0.302.8-hotspot\jre\lib\ext\dnsns.jar;C:\Program Files\Eclipse Foundation\jdk-8.0.302.8-hotspot\jre\lib\ext\jaccess.jar;C:\Program Files\Eclipse Foundation\jdk-8.0.302.8-hotspot\jre\lib\ext\localedata.jar;C:\Program Files\Eclipse Foundation\jdk-8.0.302.8-hotspot\jre\lib\ext\nashorn.jar;C:\Program Files\Eclipse Foundation\jdk-8.0.302.8-hotspot\jre\lib\ext\sunec.jar;C:\Program Files\Eclipse Foundation\jdk-8.0.302.8-hotspot\jre\lib\ext\sunjce_provider.jar;C:\Program Files\Eclipse Foundation\jdk-8.0.302.8-hotspot\jre\lib\ext\sunmscapi.jar;C:\Program Files\Eclipse Foundation\jdk-8.0.302.8-hotspot\jre\lib\ext\sunpkcs11.jar;C:\Program Files\Eclipse Foundation\jdk-8.0.302.8-hotspot\jre\lib\ext\zipfs.jar;E:\OneDrive\04-Workspace\03-jianzhuoa\java-spring-boot-admin-master\slipper-backstage\target\classes;E:\OneDrive\04-Workspace\03-jianzhuoa\java-spring-boot-admin-master\slipper-service\target\classes;E:\OneDrive\04-Workspace\03-jianzhuoa\java-spring-boot-admin-master\slipper-core\target\classes;C:\Users\Thinkpad\.m2\repository\mysql\mysql-connector-java\8.0.28\mysql-connector-java-8.0.28.jar;C:\Users\Thinkpad\.m2\repository\com\google\protobuf\protobuf-java\3.11.4\protobuf-java-3.11.4.jar;C:\Users\Thinkpad\.m2\repository\com\alibaba\druid-spring-boot-starter\1.2.9\druid-spring-boot-starte
Launcher Type: SUN_STANDARD

Environment Variables:
JAVA_HOME=C:\Program Files\Java\jdk1.8.0_73
CLASSPATH=.;C:\Program Files\Java\jdk1.8.0_73\lib\dt.jar;C:\Program Files\Java\jdk1.8.0_73\lib\tools.jar;
PATH=C:\Program Files\Eclipse Foundation\jdk-8.0.302.8-hotspot\jre\bin;C:/Program Files/Eclipse Foundation/jdk-8.0.302.8-hotspot/bin/../jre/bin/server;C:/Program Files/Eclipse Foundation/jdk-8.0.302.8-hotspot/bin/../jre/bin;C:/Program Files/Eclipse Foundation/jdk-8.0.302.8-hotspot/bin/../jre/lib/amd64;C:\Program Files\Eclipse Foundation\jdk-8.0.302.8-hotspot\bin;C:\ProgramData\Oracle\Java\javapath;C:\WINDOWS\system32;C:\WINDOWS;C:\WINDOWS\System32\Wbem;C:\WINDOWS\System32\WindowsPowerShell\v1.0\;C:\WINDOWS\System32\OpenSSH\;C:\Program Files\dotnet\;C:\Program Files\Microsoft SQL Server\130\Tools\Binn\;C:\Program Files\Microsoft SQL Server\Client SDK\ODBC\170\Tools\Binn\;C:\Program Files (x86)\Tencent\Î˘ĐĹwebżŞ·˘Őßą¤ľß\dll;"%JAVA;HOME%\bin;C:\Program Files\Java\jdk1.8.0_73\jre\bin;";C:\ProgramData\ComposerSetup\bin;E:\OneDrive\03-Software\php-7.4.32-Win32-vc15-x64;E:\OneDrive\03-Software\apache-maven-3.8.6-bin\apache-maven-3.8.6\bin;D:\Program Files\nodejs\;C:\Users\Thinkpad\AppData\Local\Microsoft\WindowsApps;C:\Users\Thinkpad\.dotnet\tools;C:\Users\Thinkpad\AppData\Roaming\Composer\vendor\bin;D:\Program Files\Microsoft VS Code\bin;C:\Users\Thinkpad\AppData\Roaming\npm;E:\OneDrive\01-ĎîÄż\07-esb\01-software\eclipse;
USERNAME=Chai
OS=Windows_NT
PROCESSOR_IDENTIFIER=Intel64 Family 6 Model 61 Stepping 4, GenuineIntel



---------------  S Y S T E M  ---------------

OS: Windows 10.0 , 64 bit Build 19041 (10.0.19041.2364)

CPU:total 4 (initial active 4) (2 cores per cpu, 2 threads per core) family 6 model 61 stepping 4, cmov, cx8, fxsr, mmx, sse, sse2, sse3, ssse3, sse4.1, sse4.2, popcnt, avx, avx2, clmul, erms, rtm, 3dnowpref, lzcnt, ht, tsc, tscinvbit, bmi1, bmi2, adx

Memory: 4k page, physical 8077284k(1130616k free), swap 18038756k(4791400k free)

vm_info: OpenJDK 64-Bit Server VM (25.302-b08) for windows-amd64 JRE (1.8.0_302-b08), built on Jul 20 2021 21:31:03 by "jenkins" with MS VC++ 12.0 (VS2013)

time: Sun Feb 05 02:15:18 2023
timezone: ?D1¨˛ˇŔ¨şˇÁ?¨şˇŔ??
elapsed time: 113.947595 seconds (0d 0h 1m 53s)

