#
# A fatal error has been detected by the Java Runtime Environment:
#
#  EXCEPTION_ACCESS_VIOLATION (0xc0000005) at pc=0x000000006120ef3e, pid=49308, tid=0x000000000000c504
#
# JRE version: Java(TM) SE Runtime Environment (8.0_202-b08) (build 1.8.0_202-b08)
# Java VM: Java HotSpot(TM) 64-Bit Server VM (25.202-b08 mixed mode windows-amd64 compressed oops)
# Problematic frame:
# V  [jvm.dll+0x1def3e]
#
# Failed to write core dump. Minidumps are not enabled by default on client versions of Windows
#
# If you would like to submit a bug report, please visit:
#   http://bugreport.java.com/bugreport/crash.jsp
#

---------------  T H R E A D  ---------------

Current thread (0x0000000030507800):  JavaThread "pool-1-thread-1" [_thread_in_vm, id=50436, stack(0x000000004b850000,0x000000004b950000)]

siginfo: ExceptionCode=0xc0000005, reading address 0x000000000000000c

Registers:
RAX=0x0000000000000000, RBX=0x0000000030507800, RCX=0x0000000000000780, RDX=0x0000000000000000
RSP=0x000000004b94ee50, RBP=0x000000000000000c, RSI=0x0000000000000000, RDI=0x0000000000000000
R8 =0x0000000000000000, R9 =0x000000000000000c, R10=0x0000000003ab1dc4, R11=0x000000006125cf20
R12=0x00000000305079f8, R13=0x00000000263eef08, R14=0x000000004b94ef38, R15=0x0000000030507800
RIP=0x000000006120ef3e, EFLAGS=0x0000000000010202

Top of Stack: (sp=0x000000004b94ee50)
0x000000004b94ee50:   000000004b94ef28 0000000004af51b0
0x000000004b94ee60:   00000005c5d0f3d8 000000074270df40
0x000000004b94ee70:   0000000000000000 0000000003ab1df0
0x000000004b94ee80:   00000000263eef08 000000004b94ef00
0x000000004b94ee90:   00000000f815faed 0000000000000002
0x000000004b94eea0:   00000005c5ba5008 000000071fa3e5c0
0x000000004b94eeb0:   0000000742c1f9d8 000000006112cec4
0x000000004b94eec0:   000000004b94eec0 0000000000000000
0x000000004b94eed0:   000000004b94ef38 000000002641f0d0
0x000000004b94eee0:   0000000000000000 00000000263eef08
0x000000004b94eef0:   0000000000000000 000000004b94ef20
0x000000004b94ef00:   000000004b94ef80 0000000003a98180
0x000000004b94ef10:   0000000000000000 0000000003aa7a5b
0x000000004b94ef20:   000000000000000c 000000004b94ef90
0x000000004b94ef30:   0000000000000000 00000005c5a22998
0x000000004b94ef40:   000000004b94ef40 000000003bfb53c5 

Instructions: (pc=0x000000006120ef3e)
0x000000006120ef1e:   06 00 c7 83 70 02 00 00 06 00 00 00 48 8b d7 48
0x000000006120ef2e:   85 f6 74 03 48 8b 16 40 38 3d 04 7a 63 00 74 1b
0x000000006120ef3e:   8b 04 2a 85 c0 74 18 8b 0d 0d a9 5c 00 8b f8 48
0x000000006120ef4e:   d3 e7 48 03 3d f9 a8 5c 00 eb 04 48 8b 3c 2a 80 


Register to memory mapping:

RAX=0x0000000000000000 is an unknown value
RBX=0x0000000030507800 is a thread
RCX=0x0000000000000780 is an unknown value
RDX=0x0000000000000000 is an unknown value
RSP=0x000000004b94ee50 is pointing into the stack for thread: 0x0000000030507800
RBP=0x000000000000000c is an unknown value
RSI=0x0000000000000000 is an unknown value
RDI=0x0000000000000000 is an unknown value
R8 =0x0000000000000000 is an unknown value
R9 =0x000000000000000c is an unknown value
R10=0x0000000003ab1dc4 is at code_begin+1700 in an Interpreter codelet
method entry point (kind = native)  [0x0000000003ab1720, 0x0000000003ab27e0]  4288 bytes
R11=0x000000006125cf20 is an unknown value
R12=0x00000000305079f8 is an unknown value
R13={method} {0x00000000263eef10} 'getObject' '(Ljava/lang/Object;J)Ljava/lang/Object;' in 'sun/misc/Unsafe'
R14=0x000000004b94ef38 is pointing into the stack for thread: 0x0000000030507800
R15=0x0000000030507800 is a thread


Stack: [0x000000004b850000,0x000000004b950000],  sp=0x000000004b94ee50,  free space=1019k
Native frames: (J=compiled Java code, j=interpreted, Vv=VM code, C=native code)
V  [jvm.dll+0x1def3e]
C  0x0000000003ab1df0

Java frames: (J=compiled Java code, j=interpreted, Vv=VM code)
j  sun.misc.Unsafe.getObject(Ljava/lang/Object;J)Ljava/lang/Object;+0
j  com.alibaba.fastjson2.util.JDKUtils.getCharArray(Ljava/lang/String;)[C+13
j  com.alibaba.fastjson2.JSONReader.of(Ljava/lang/String;)Lcom/alibaba/fastjson2/JSONReader;+96
j  com.alibaba.fastjson.JSON.parseObject(Ljava/lang/String;Ljava/lang/reflect/Type;[Lcom/alibaba/fastjson/parser/Feature;)Ljava/lang/Object;+1
j  com.alibaba.fastjson.JSON.parseObject(Ljava/lang/String;Ljava/lang/Class;)Ljava/lang/Object;+6
j  com.alibaba.fastjson.JSON.parseObject(Ljava/lang/String;)Lcom/alibaba/fastjson/JSONObject;+3
j  com.slipper.unieap.jrds.IGDBBO.dailyGold(Ljava/lang/String;)V+1
j  com.slipper.unieap.jrds.IGDBBO.collectOtherData()V+11
j  com.slipper.unieap.jrds.DelayQueueManager.processTask(Lcom/slipper/unieap/jrds/DelayTask;)V+157
j  com.slipper.unieap.jrds.DelayQueueManager.excuteThread()V+13
j  com.slipper.unieap.jrds.DelayQueueManager$$Lambda$1236.run()V+4
j  java.lang.Thread.run()V+11
j  java.util.concurrent.ThreadPoolExecutor.runWorker(Ljava/util/concurrent/ThreadPoolExecutor$Worker;)V+95
j  java.util.concurrent.ThreadPoolExecutor$Worker.run()V+5
j  java.lang.Thread.run()V+11
v  ~StubRoutines::call_stub

---------------  P R O C E S S  ---------------

Java Threads: ( => current thread )
  0x0000000030508000 JavaThread "DestroyJavaVM" [_thread_blocked, id=56680, stack(0x00000000036f0000,0x00000000037f0000)]
=>0x0000000030507800 JavaThread "pool-1-thread-1" [_thread_in_vm, id=50436, stack(0x000000004b850000,0x000000004b950000)]
  0x0000000048265800 JavaThread "scheduling-1" [_thread_blocked, id=29784, stack(0x000000004b750000,0x000000004b850000)]
  0x0000000048265000 JavaThread "http-nio-8906-Acceptor" daemon [_thread_in_native, id=51604, stack(0x000000004b650000,0x000000004b750000)]
  0x0000000048264000 JavaThread "http-nio-8906-Poller" daemon [_thread_in_native, id=43020, stack(0x000000004b550000,0x000000004b650000)]
  0x0000000048263800 JavaThread "http-nio-8906-exec-30" daemon [_thread_blocked, id=53480, stack(0x000000004b450000,0x000000004b550000)]
  0x0000000048262000 JavaThread "http-nio-8906-exec-29" daemon [_thread_blocked, id=51208, stack(0x000000004b350000,0x000000004b450000)]
  0x0000000048266800 JavaThread "http-nio-8906-exec-28" daemon [_thread_blocked, id=56168, stack(0x000000004b250000,0x000000004b350000)]
  0x0000000048261000 JavaThread "http-nio-8906-exec-27" daemon [_thread_blocked, id=56644, stack(0x000000004b150000,0x000000004b250000)]
  0x0000000048262800 JavaThread "http-nio-8906-exec-26" daemon [_thread_blocked, id=44444, stack(0x000000004b050000,0x000000004b150000)]
  0x0000000048259800 JavaThread "http-nio-8906-exec-25" daemon [_thread_blocked, id=55972, stack(0x000000004af50000,0x000000004b050000)]
  0x0000000048260800 JavaThread "http-nio-8906-exec-24" daemon [_thread_blocked, id=56336, stack(0x000000004ae50000,0x000000004af50000)]
  0x0000000048259000 JavaThread "http-nio-8906-exec-23" daemon [_thread_blocked, id=50280, stack(0x000000004ad50000,0x000000004ae50000)]
  0x000000004825f800 JavaThread "http-nio-8906-exec-22" daemon [_thread_blocked, id=57456, stack(0x000000004ac50000,0x000000004ad50000)]
  0x000000004825f000 JavaThread "http-nio-8906-exec-21" daemon [_thread_blocked, id=42576, stack(0x000000004ab50000,0x000000004ac50000)]
  0x0000000048258000 JavaThread "http-nio-8906-exec-20" daemon [_thread_blocked, id=49968, stack(0x000000004aa50000,0x000000004ab50000)]
  0x0000000048257800 JavaThread "http-nio-8906-exec-19" daemon [_thread_blocked, id=42724, stack(0x000000004a950000,0x000000004aa50000)]
  0x000000004825c800 JavaThread "http-nio-8906-exec-18" daemon [_thread_blocked, id=59292, stack(0x000000004a850000,0x000000004a950000)]
  0x000000004825e000 JavaThread "http-nio-8906-exec-17" daemon [_thread_blocked, id=58912, stack(0x000000004a750000,0x000000004a850000)]
  0x000000004825c000 JavaThread "http-nio-8906-exec-16" daemon [_thread_blocked, id=59200, stack(0x000000004a650000,0x000000004a750000)]
  0x000000004825b000 JavaThread "http-nio-8906-exec-15" daemon [_thread_blocked, id=53408, stack(0x000000004a550000,0x000000004a650000)]
  0x000000004825d800 JavaThread "http-nio-8906-exec-14" daemon [_thread_blocked, id=58964, stack(0x000000004a450000,0x000000004a550000)]
  0x000000004825a800 JavaThread "http-nio-8906-exec-13" daemon [_thread_blocked, id=54184, stack(0x00000000492c0000,0x00000000493c0000)]
  0x000000003eca7800 JavaThread "http-nio-8906-exec-12" daemon [_thread_blocked, id=37460, stack(0x00000000491c0000,0x00000000492c0000)]
  0x000000003eca0800 JavaThread "http-nio-8906-exec-11" daemon [_thread_blocked, id=55236, stack(0x00000000490c0000,0x00000000491c0000)]
  0x000000003eca6800 JavaThread "http-nio-8906-exec-10" daemon [_thread_blocked, id=45324, stack(0x0000000048fc0000,0x00000000490c0000)]
  0x000000003eca3800 JavaThread "http-nio-8906-exec-9" daemon [_thread_blocked, id=47064, stack(0x0000000044ca0000,0x0000000044da0000)]
  0x000000003eca3000 JavaThread "http-nio-8906-exec-8" daemon [_thread_blocked, id=57996, stack(0x0000000044ba0000,0x0000000044ca0000)]
  0x000000003eca2000 JavaThread "http-nio-8906-exec-7" daemon [_thread_blocked, id=56424, stack(0x0000000044aa0000,0x0000000044ba0000)]
  0x000000003eca6000 JavaThread "http-nio-8906-exec-6" daemon [_thread_blocked, id=13980, stack(0x00000000449a0000,0x0000000044aa0000)]
  0x000000003eca4800 JavaThread "http-nio-8906-exec-5" daemon [_thread_blocked, id=42428, stack(0x00000000448a0000,0x00000000449a0000)]
  0x000000003eca0000 JavaThread "http-nio-8906-exec-4" daemon [_thread_blocked, id=54456, stack(0x00000000447a0000,0x00000000448a0000)]
  0x000000003eca1800 JavaThread "http-nio-8906-exec-3" daemon [_thread_blocked, id=55216, stack(0x0000000043600000,0x0000000043700000)]
  0x000000003eca5000 JavaThread "http-nio-8906-exec-2" daemon [_thread_blocked, id=55800, stack(0x0000000043500000,0x0000000043600000)]
  0x000000003ec98800 JavaThread "http-nio-8906-exec-1" daemon [_thread_blocked, id=54296, stack(0x0000000042140000,0x0000000042240000)]
  0x000000003ec9d800 JavaThread "lettuce-timer-3-1" daemon [_thread_blocked, id=57672, stack(0x000000002fc00000,0x000000002fd00000)]
  0x0000000028af7800 JavaThread "Druid-ConnectionPool-Destroy-483248042" daemon [_thread_blocked, id=58956, stack(0x00000000378f0000,0x00000000379f0000)]
  0x0000000028af7000 JavaThread "Druid-ConnectionPool-Create-483248042" daemon [_thread_blocked, id=43156, stack(0x00000000363b0000,0x00000000364b0000)]
  0x0000000028afd000 JavaThread "mysql-cj-abandoned-connection-cleanup" daemon [_thread_blocked, id=18700, stack(0x000000003b5e0000,0x000000003b6e0000)]
  0x0000000028afb800 JavaThread "dic_group_cache.data" [_thread_blocked, id=58128, stack(0x0000000033a50000,0x0000000033b50000)]
  0x0000000028afa800 JavaThread "Statistics Thread-__DEFAULT__-1" daemon [_thread_blocked, id=29804, stack(0x00000000380e0000,0x00000000381e0000)]
  0x0000000028afa000 JavaThread "bean_props_cache.data" [_thread_blocked, id=18084, stack(0x0000000030f50000,0x0000000031050000)]
  0x0000000028afc000 JavaThread "__DEFAULT__" daemon [_thread_blocked, id=23352, stack(0x0000000036750000,0x0000000036850000)]
  0x000000002aa2b800 JavaThread "container-0" [_thread_blocked, id=10632, stack(0x0000000033ba0000,0x0000000033ca0000)]
  0x000000002aa27800 JavaThread "Catalina-utility-2" [_thread_blocked, id=48588, stack(0x000000002f8c0000,0x000000002f9c0000)]
  0x000000002aa2a000 JavaThread "Catalina-utility-1" [_thread_blocked, id=40264, stack(0x000000002e5f0000,0x000000002e6f0000)]
  0x000000002aab0800 JavaThread "Service Thread" daemon [_thread_blocked, id=33452, stack(0x000000002bba0000,0x000000002bca0000)]
  0x000000002aa27000 JavaThread "C1 CompilerThread11" daemon [_thread_blocked, id=53904, stack(0x000000002baa0000,0x000000002bba0000)]
  0x000000002aa26000 JavaThread "C1 CompilerThread10" daemon [_thread_blocked, id=54756, stack(0x000000002b9a0000,0x000000002baa0000)]
  0x000000002aa2d000 JavaThread "C1 CompilerThread9" daemon [_thread_blocked, id=15716, stack(0x000000002b8a0000,0x000000002b9a0000)]
  0x000000002aa2c000 JavaThread "C1 CompilerThread8" daemon [_thread_blocked, id=57512, stack(0x000000002b7a0000,0x000000002b8a0000)]
  0x000000002aa28800 JavaThread "C2 CompilerThread7" daemon [_thread_blocked, id=51696, stack(0x000000002b6a0000,0x000000002b7a0000)]
  0x000000002a9fd800 JavaThread "C2 CompilerThread6" daemon [_thread_blocked, id=18012, stack(0x000000002b5a0000,0x000000002b6a0000)]
  0x000000002a9f4800 JavaThread "C2 CompilerThread5" daemon [_thread_blocked, id=16800, stack(0x000000002b4a0000,0x000000002b5a0000)]
  0x000000002a9ea000 JavaThread "C2 CompilerThread4" daemon [_thread_blocked, id=45804, stack(0x000000002b2a0000,0x000000002b3a0000)]
  0x000000002a9d9000 JavaThread "C2 CompilerThread3" daemon [_thread_blocked, id=58068, stack(0x000000002b1a0000,0x000000002b2a0000)]
  0x000000002a9d8800 JavaThread "C2 CompilerThread2" daemon [_thread_blocked, id=35488, stack(0x000000002b0a0000,0x000000002b1a0000)]
  0x000000002a9d7800 JavaThread "C2 CompilerThread1" daemon [_thread_blocked, id=51720, stack(0x000000002afa0000,0x000000002b0a0000)]
  0x000000002a9d7000 JavaThread "C2 CompilerThread0" daemon [_thread_blocked, id=31968, stack(0x000000002aea0000,0x000000002afa0000)]
  0x0000000028879800 JavaThread "JDWP Command Reader" daemon [_thread_in_native, id=57096, stack(0x000000002a5a0000,0x000000002a6a0000)]
  0x000000002886f800 JavaThread "JDWP Event Helper Thread" daemon [_thread_blocked, id=48892, stack(0x000000002a4a0000,0x000000002a5a0000)]
  0x0000000028860000 JavaThread "JDWP Transport Listener: dt_socket" daemon [_thread_blocked, id=58452, stack(0x000000002a3a0000,0x000000002a4a0000)]
  0x0000000028856800 JavaThread "Attach Listener" daemon [_thread_blocked, id=49396, stack(0x000000002a2a0000,0x000000002a3a0000)]
  0x0000000028854000 JavaThread "Signal Dispatcher" daemon [_thread_blocked, id=53524, stack(0x000000002a1a0000,0x000000002a2a0000)]
  0x0000000026d6a800 JavaThread "Finalizer" daemon [_thread_blocked, id=57228, stack(0x000000002a030000,0x000000002a130000)]
  0x00000000287d6000 JavaThread "Reference Handler" daemon [_thread_blocked, id=54032, stack(0x0000000029f30000,0x000000002a030000)]

Other Threads:
  0x00000000287b5800 VMThread [stack: 0x0000000029e30000,0x0000000029f30000] [id=53944]
  0x000000002ab4c000 WatcherThread [stack: 0x000000002bca0000,0x000000002bda0000] [id=56256]

VM state:not at safepoint (normal execution)

VM Mutex/Monitor currently owned by a thread: None

heap address: 0x00000005c5a00000, size: 8102 MB, Compressed Oops mode: Zero based, Oop shift amount: 3
Narrow klass base: 0x0000000000000000, Narrow klass shift: 3
Compressed class space size: 1073741824 Address: 0x00000007c0000000

Heap:
 PSYoungGen      total 538112K, used 156272K [0x0000000717380000, 0x0000000744f00000, 0x00000007c0000000)
  eden space 522240K, 26% used [0x0000000717380000,0x000000071fcf3638,0x0000000737180000)
  from space 15872K, 97% used [0x0000000742580000,0x00000007434a8d58,0x0000000743500000)
  to   space 26624K, 0% used [0x0000000743500000,0x0000000743500000,0x0000000744f00000)
 ParOldGen       total 429568K, used 32316K [0x00000005c5a00000, 0x00000005dfd80000, 0x0000000717380000)
  object space 429568K, 7% used [0x00000005c5a00000,0x00000005c798f398,0x00000005dfd80000)
 Metaspace       used 85674K, capacity 90042K, committed 90368K, reserved 1128448K
  class space    used 11160K, capacity 11913K, committed 12032K, reserved 1048576K

Card table byte_map: [0x0000000012e50000,0x0000000013e30000] byte_map_base: 0x0000000010023000

Marking Bits: (ParMarkBitMap*) 0x0000000061855ce0
 Begin Bits: [0x00000000155c0000, 0x000000001d458000)
 End Bits:   [0x000000001d458000, 0x00000000252f0000)

Polling page: 0x0000000003160000

CodeCache: size=245760Kb used=36671Kb max_used=36680Kb free=209088Kb
 bounds [0x0000000003a90000, 0x0000000005e90000, 0x0000000012a90000]
 total_blobs=8791 nmethods=8131 adapters=575
 compilation: enabled

Compilation events (10 events):
Event: 7972.385 Thread 0x000000002a9ea000 9734       4       sun.util.locale.provider.LocaleProviderAdapter::getAdapter (171 bytes)
Event: 7972.404 Thread 0x000000002a9ea000 nmethod 9734 0x0000000005e85dd0 code [0x0000000005e85fc0, 0x0000000005e86ad0]
Event: 7972.968 Thread 0x000000002a9d7800 9735       4       com.alibaba.fastjson.JSONObject::put (10 bytes)
Event: 7972.987 Thread 0x000000002a9d7800 nmethod 9735 0x0000000005e87850 code [0x0000000005e87a00, 0x0000000005e88408]
Event: 8166.249 Thread 0x000000002aa26000 9736       3       java.util.Arrays::fill (28 bytes)
Event: 8166.250 Thread 0x000000002aa26000 nmethod 9736 0x0000000004d4aa50 code [0x0000000004d4abe0, 0x0000000004d4af88]
Event: 8271.370 Thread 0x000000002aa28800 9737       4       java.time.LocalDate::compareTo0 (40 bytes)
Event: 8271.370 Thread 0x000000002aa2c000 9738       3       org.springframework.scheduling.support.CronField$Type::reset (60 bytes)
Event: 8271.370 Thread 0x000000002aa28800 nmethod 9737 0x0000000004d4a790 code [0x0000000004d4a8c0, 0x0000000004d4a998]
Event: 8271.371 Thread 0x000000002aa2c000 nmethod 9738 0x0000000005e85290 code [0x0000000005e85440, 0x0000000005e85b08]

GC Heap History (10 events):
Event: 5.512 GC heap before
{Heap before GC invocations=8 (full 2):
 PSYoungGen      total 414720K, used 109425K [0x0000000717380000, 0x000000073bf00000, 0x00000007c0000000)
  eden space 393216K, 22% used [0x0000000717380000,0x000000071c95e700,0x000000072f380000)
  from space 21504K, 99% used [0x000000072f380000,0x000000073087dfa0,0x0000000730880000)
  to   space 23040K, 0% used [0x000000073a880000,0x000000073a880000,0x000000073bf00000)
 ParOldGen       total 304640K, used 12944K [0x00000005c5a00000, 0x00000005d8380000, 0x0000000717380000)
  object space 304640K, 4% used [0x00000005c5a00000,0x00000005c66a42d0,0x00000005d8380000)
 Metaspace       used 56477K, capacity 59006K, committed 59096K, reserved 1101824K
  class space    used 7306K, capacity 7775K, committed 7808K, reserved 1048576K
Event: 5.519 GC heap after
Heap after GC invocations=8 (full 2):
 PSYoungGen      total 573440K, used 15923K [0x0000000717380000, 0x000000073bc80000, 0x00000007c0000000)
  eden space 552960K, 0% used [0x0000000717380000,0x0000000717380000,0x0000000738f80000)
  from space 20480K, 77% used [0x000000073a880000,0x000000073b80cf20,0x000000073bc80000)
  to   space 23040K, 0% used [0x0000000738f80000,0x0000000738f80000,0x000000073a600000)
 ParOldGen       total 304640K, used 12952K [0x00000005c5a00000, 0x00000005d8380000, 0x0000000717380000)
  object space 304640K, 4% used [0x00000005c5a00000,0x00000005c66a62d0,0x00000005d8380000)
 Metaspace       used 56477K, capacity 59006K, committed 59096K, reserved 1101824K
  class space    used 7306K, capacity 7775K, committed 7808K, reserved 1048576K
}
Event: 5.519 GC heap before
{Heap before GC invocations=9 (full 3):
 PSYoungGen      total 573440K, used 15923K [0x0000000717380000, 0x000000073bc80000, 0x00000007c0000000)
  eden space 552960K, 0% used [0x0000000717380000,0x0000000717380000,0x0000000738f80000)
  from space 20480K, 77% used [0x000000073a880000,0x000000073b80cf20,0x000000073bc80000)
  to   space 23040K, 0% used [0x0000000738f80000,0x0000000738f80000,0x000000073a600000)
 ParOldGen       total 304640K, used 12952K [0x00000005c5a00000, 0x00000005d8380000, 0x0000000717380000)
  object space 304640K, 4% used [0x00000005c5a00000,0x00000005c66a62d0,0x00000005d8380000)
 Metaspace       used 56477K, capacity 59006K, committed 59096K, reserved 1101824K
  class space    used 7306K, capacity 7775K, committed 7808K, reserved 1048576K
Event: 5.612 GC heap after
Heap after GC invocations=9 (full 3):
 PSYoungGen      total 573440K, used 0K [0x0000000717380000, 0x000000073bc80000, 0x00000007c0000000)
  eden space 552960K, 0% used [0x0000000717380000,0x0000000717380000,0x0000000738f80000)
  from space 20480K, 0% used [0x000000073a880000,0x000000073a880000,0x000000073bc80000)
  to   space 23040K, 0% used [0x0000000738f80000,0x0000000738f80000,0x000000073a600000)
 ParOldGen       total 429568K, used 24814K [0x00000005c5a00000, 0x00000005dfd80000, 0x0000000717380000)
  object space 429568K, 5% used [0x00000005c5a00000,0x00000005c723bac8,0x00000005dfd80000)
 Metaspace       used 56477K, capacity 59006K, committed 59096K, reserved 1101824K
  class space    used 7306K, capacity 7775K, committed 7808K, reserved 1048576K
}
Event: 413.917 GC heap before
{Heap before GC invocations=10 (full 3):
 PSYoungGen      total 573440K, used 552960K [0x0000000717380000, 0x000000073bc80000, 0x00000007c0000000)
  eden space 552960K, 100% used [0x0000000717380000,0x0000000738f80000,0x0000000738f80000)
  from space 20480K, 0% used [0x000000073a880000,0x000000073a880000,0x000000073bc80000)
  to   space 23040K, 0% used [0x0000000738f80000,0x0000000738f80000,0x000000073a600000)
 ParOldGen       total 429568K, used 24814K [0x00000005c5a00000, 0x00000005dfd80000, 0x0000000717380000)
  object space 429568K, 5% used [0x00000005c5a00000,0x00000005c723bac8,0x00000005dfd80000)
 Metaspace       used 83290K, capacity 87686K, committed 87936K, reserved 1126400K
  class space    used 11042K, capacity 11801K, committed 11904K, reserved 1048576K
Event: 413.960 GC heap after
Heap after GC invocations=10 (full 3):
 PSYoungGen      total 576000K, used 23019K [0x0000000717380000, 0x0000000746c80000, 0x00000007c0000000)
  eden space 552960K, 0% used [0x0000000717380000,0x0000000717380000,0x0000000738f80000)
  from space 23040K, 99% used [0x0000000738f80000,0x000000073a5faf88,0x000000073a600000)
  to   space 30720K, 0% used [0x0000000744e80000,0x0000000744e80000,0x0000000746c80000)
 ParOldGen       total 429568K, used 32300K [0x00000005c5a00000, 0x00000005dfd80000, 0x0000000717380000)
  object space 429568K, 7% used [0x00000005c5a00000,0x00000005c798b398,0x00000005dfd80000)
 Metaspace       used 83290K, capacity 87686K, committed 87936K, reserved 1126400K
  class space    used 11042K, capacity 11801K, committed 11904K, reserved 1048576K
}
Event: 4011.504 GC heap before
{Heap before GC invocations=11 (full 3):
 PSYoungGen      total 576000K, used 575979K [0x0000000717380000, 0x0000000746c80000, 0x00000007c0000000)
  eden space 552960K, 100% used [0x0000000717380000,0x0000000738f80000,0x0000000738f80000)
  from space 23040K, 99% used [0x0000000738f80000,0x000000073a5faf88,0x000000073a600000)
  to   space 30720K, 0% used [0x0000000744e80000,0x0000000744e80000,0x0000000746c80000)
 ParOldGen       total 429568K, used 32300K [0x00000005c5a00000, 0x00000005dfd80000, 0x0000000717380000)
  object space 429568K, 7% used [0x00000005c5a00000,0x00000005c798b398,0x00000005dfd80000)
 Metaspace       used 85283K, capacity 89676K, committed 90112K, reserved 1128448K
  class space    used 11155K, capacity 11906K, committed 12032K, reserved 1048576K
Event: 4011.533 GC heap after
Heap after GC invocations=11 (full 3):
 PSYoungGen      total 552448K, used 15262K [0x0000000717380000, 0x0000000745d80000, 0x00000007c0000000)
  eden space 537088K, 0% used [0x0000000717380000,0x0000000717380000,0x0000000738000000)
  from space 15360K, 99% used [0x0000000744e80000,0x0000000745d67910,0x0000000745d80000)
  to   space 28672K, 0% used [0x0000000742580000,0x0000000742580000,0x0000000744180000)
 ParOldGen       total 429568K, used 32308K [0x00000005c5a00000, 0x00000005dfd80000, 0x0000000717380000)
  object space 429568K, 7% used [0x00000005c5a00000,0x00000005c798d398,0x00000005dfd80000)
 Metaspace       used 85283K, capacity 89676K, committed 90112K, reserved 1128448K
  class space    used 11155K, capacity 11906K, committed 12032K, reserved 1048576K
}
Event: 7611.548 GC heap before
{Heap before GC invocations=12 (full 3):
 PSYoungGen      total 552448K, used 552350K [0x0000000717380000, 0x0000000745d80000, 0x00000007c0000000)
  eden space 537088K, 100% used [0x0000000717380000,0x0000000738000000,0x0000000738000000)
  from space 15360K, 99% used [0x0000000744e80000,0x0000000745d67910,0x0000000745d80000)
  to   space 28672K, 0% used [0x0000000742580000,0x0000000742580000,0x0000000744180000)
 ParOldGen       total 429568K, used 32308K [0x00000005c5a00000, 0x00000005dfd80000, 0x0000000717380000)
  object space 429568K, 7% used [0x00000005c5a00000,0x00000005c798d398,0x00000005dfd80000)
 Metaspace       used 85640K, capacity 90038K, committed 90368K, reserved 1128448K
  class space    used 11160K, capacity 11913K, committed 12032K, reserved 1048576K
Event: 7611.570 GC heap after
Heap after GC invocations=12 (full 3):
 PSYoungGen      total 538112K, used 15523K [0x0000000717380000, 0x0000000744f00000, 0x00000007c0000000)
  eden space 522240K, 0% used [0x0000000717380000,0x0000000717380000,0x0000000737180000)
  from space 15872K, 97% used [0x0000000742580000,0x00000007434a8d58,0x0000000743500000)
  to   space 26624K, 0% used [0x0000000743500000,0x0000000743500000,0x0000000744f00000)
 ParOldGen       total 429568K, used 32316K [0x00000005c5a00000, 0x00000005dfd80000, 0x0000000717380000)
  object space 429568K, 7% used [0x00000005c5a00000,0x00000005c798f398,0x00000005dfd80000)
 Metaspace       used 85640K, capacity 90038K, committed 90368K, reserved 1128448K
  class space    used 11160K, capacity 11913K, committed 12032K, reserved 1048576K
}

Deoptimization events (10 events):
Event: 665.026 Thread 0x0000000028af7000 Uncommon trap: reason=speculate_class_check action=maybe_recompile pc=0x000000000409184c method=java.util.concurrent.locks.AbstractQueuedSynchronizer.release(I)Z @ 2
Event: 1073.829 Thread 0x0000000030507800 Uncommon trap: reason=unhandled action=none pc=0x0000000004618da0 method=java.net.URLClassLoader.findClass(Ljava/lang/String;)Ljava/lang/Class; @ 44
Event: 1085.103 Thread 0x0000000028af7000 Uncommon trap: reason=class_check action=maybe_recompile pc=0x000000000571b948 method=java.util.concurrent.locks.AbstractQueuedSynchronizer.acquireQueued(Ljava/util/concurrent/locks/AbstractQueuedSynchronizer$Node;I)Z @ 22
Event: 1085.109 Thread 0x0000000028af7000 Uncommon trap: reason=speculate_class_check action=maybe_recompile pc=0x000000000409184c method=java.util.concurrent.locks.AbstractQueuedSynchronizer.release(I)Z @ 2
Event: 1205.126 Thread 0x0000000028af7000 Uncommon trap: reason=class_check action=maybe_recompile pc=0x000000000571b948 method=java.util.concurrent.locks.AbstractQueuedSynchronizer.acquireQueued(Ljava/util/concurrent/locks/AbstractQueuedSynchronizer$Node;I)Z @ 22
Event: 1205.155 Thread 0x0000000028af7000 Uncommon trap: reason=speculate_class_check action=maybe_recompile pc=0x000000000409184c method=java.util.concurrent.locks.AbstractQueuedSynchronizer.release(I)Z @ 2
Event: 2871.359 Thread 0x0000000048265800 Uncommon trap: reason=unstable_if action=reinterpret pc=0x0000000003f53a6c method=java.util.concurrent.locks.AbstractQueuedSynchronizer.enq(Ljava/util/concurrent/locks/AbstractQueuedSynchronizer$Node;)Ljava/util/concurrent/locks/AbstractQueuedSynchronizer
Event: 6004.409 Thread 0x0000000028afb800 Uncommon trap: reason=unhandled action=none pc=0x0000000004618da0 method=java.net.URLClassLoader.findClass(Ljava/lang/String;)Ljava/lang/Class; @ 44
Event: 7809.356 Thread 0x000000002aa2a000 Uncommon trap: reason=unstable_if action=reinterpret pc=0x0000000005cb9108 method=java.util.concurrent.ScheduledThreadPoolExecutor$DelayedWorkQueue.take()Ljava/util/concurrent/RunnableScheduledFuture; @ 59
Event: 7869.338 Thread 0x000000002aa27800 Uncommon trap: reason=unstable_if action=reinterpret pc=0x0000000005ca41c8 method=java.util.concurrent.locks.LockSupport.unpark(Ljava/lang/Thread;)V @ 1

Classes redefined (0 events):
No events

Internal exceptions (10 events):
Event: 8.338 Thread 0x0000000003829800 Exception <a 'java/lang/ArrayIndexOutOfBoundsException': 123> (0x00000007335425a0) thrown at [C:\re\workspace\8-2-build-windows-amd64-cygwin\jdk8u202\12323\hotspot\src\share\vm\interpreter\interpreterRuntime.cpp, line 368]
Event: 8.338 Thread 0x0000000003829800 Exception <a 'java/lang/ArrayIndexOutOfBoundsException': 694> (0x0000000733548280) thrown at [C:\re\workspace\8-2-build-windows-amd64-cygwin\jdk8u202\12323\hotspot\src\share\vm\interpreter\interpreterRuntime.cpp, line 368]
Event: 8.338 Thread 0x0000000003829800 Exception <a 'java/lang/ArrayIndexOutOfBoundsException': 179> (0x000000073354b988) thrown at [C:\re\workspace\8-2-build-windows-amd64-cygwin\jdk8u202\12323\hotspot\src\share\vm\interpreter\interpreterRuntime.cpp, line 368]
Event: 8.338 Thread 0x0000000003829800 Exception <a 'java/lang/ArrayIndexOutOfBoundsException': 198> (0x000000073354de08) thrown at [C:\re\workspace\8-2-build-windows-amd64-cygwin\jdk8u202\12323\hotspot\src\share\vm\interpreter\interpreterRuntime.cpp, line 368]
Event: 8.339 Thread 0x0000000003829800 Exception <a 'java/lang/ArrayIndexOutOfBoundsException': 120> (0x000000073354f6d0) thrown at [C:\re\workspace\8-2-build-windows-amd64-cygwin\jdk8u202\12323\hotspot\src\share\vm\interpreter\interpreterRuntime.cpp, line 368]
Event: 8.352 Thread 0x0000000003829800 Exception <a 'java/lang/ArrayIndexOutOfBoundsException': 128> (0x0000000733658a68) thrown at [C:\re\workspace\8-2-build-windows-amd64-cygwin\jdk8u202\12323\hotspot\src\share\vm\interpreter\interpreterRuntime.cpp, line 368]
Event: 8.357 Thread 0x0000000003829800 Exception <a 'java/lang/ArrayIndexOutOfBoundsException': 129> (0x00000007336a3490) thrown at [C:\re\workspace\8-2-build-windows-amd64-cygwin\jdk8u202\12323\hotspot\src\share\vm\interpreter\interpreterRuntime.cpp, line 368]
Event: 172.027 Thread 0x0000000030507800 Implicit null exception at 0x0000000003f7241d to 0x0000000003f72579
Event: 173.208 Thread 0x0000000030507800 Implicit null exception at 0x0000000003eac733 to 0x0000000003eaccd5
Event: 8271.380 Thread 0x0000000030507800 Exception <a 'java/net/UnknownHostException'> (0x000000071fa3d9c0) thrown at [C:\re\workspace\8-2-build-windows-amd64-cygwin\jdk8u202\12323\hotspot\src\share\vm\prims\jni.cpp, line 710]

Events (10 events):
Event: 7982.371 Executing VM operation: RevokeBias done
Event: 7982.371 Thread 0x000000003050a800 Thread exited: 0x000000003050a800
Event: 7986.238 Executing VM operation: RevokeBias
Event: 7986.238 Executing VM operation: RevokeBias done
Event: 7986.239 Executing VM operation: BulkRevokeBias
Event: 7986.239 Executing VM operation: BulkRevokeBias done
Event: 7986.239 Executing VM operation: RevokeBias
Event: 7986.239 Executing VM operation: RevokeBias done
Event: 7986.239 Executing VM operation: RevokeBias
Event: 7986.239 Executing VM operation: RevokeBias done


Dynamic libraries:
0x00007ff6102b0000 - 0x00007ff6102e7000 	C:\Program Files\Java\jdk1.8.0_202\bin\javaw.exe
0x00007ffcdeeb0000 - 0x00007ffcdf0c7000 	C:\windows\SYSTEM32\ntdll.dll
0x00007ffcdd190000 - 0x00007ffcdd254000 	C:\windows\System32\KERNEL32.DLL
0x00007ffcdc680000 - 0x00007ffcdca26000 	C:\windows\System32\KERNELBASE.dll
0x00007ffcde650000 - 0x00007ffcde700000 	C:\windows\System32\ADVAPI32.dll
0x00007ffcde980000 - 0x00007ffcdea27000 	C:\windows\System32\msvcrt.dll
0x00007ffcde0b0000 - 0x00007ffcde156000 	C:\windows\System32\sechost.dll
0x00007ffcde530000 - 0x00007ffcde647000 	C:\windows\System32\RPCRT4.dll
0x00007ffcdeab0000 - 0x00007ffcdec5d000 	C:\windows\System32\USER32.dll
0x00007ffcdc230000 - 0x00007ffcdc256000 	C:\windows\System32\win32u.dll
0x00007ffcde500000 - 0x00007ffcde529000 	C:\windows\System32\GDI32.dll
0x00007ffcdc560000 - 0x00007ffcdc678000 	C:\windows\System32\gdi32full.dll
0x00007ffcdc320000 - 0x00007ffcdc3ba000 	C:\windows\System32\msvcp_win.dll
0x00007ffcdc3c0000 - 0x00007ffcdc4d1000 	C:\windows\System32\ucrtbase.dll
0x00007ffcb7b90000 - 0x00007ffcb7e23000 	C:\windows\WinSxS\amd64_microsoft.windows.common-controls_6595b64144ccf1df_6.0.22621.2361_none_2712ced57382f843\COMCTL32.dll
0x00007ffcdd3b0000 - 0x00007ffcdd3e1000 	C:\windows\System32\IMM32.DLL
0x00000000618e0000 - 0x00000000619b2000 	C:\Program Files\Java\jdk1.8.0_202\jre\bin\msvcr100.dll
0x0000000061030000 - 0x00000000618d5000 	C:\Program Files\Java\jdk1.8.0_202\jre\bin\server\jvm.dll
0x00007ffcddd30000 - 0x00007ffcddd38000 	C:\windows\System32\PSAPI.DLL
0x00007ffcbe690000 - 0x00007ffcbe699000 	C:\windows\SYSTEM32\WSOCK32.dll
0x00007ffcdea30000 - 0x00007ffcdeaa1000 	C:\windows\System32\WS2_32.dll
0x00007ffcd3d30000 - 0x00007ffcd3d64000 	C:\windows\SYSTEM32\WINMM.dll
0x00007ffcd2d50000 - 0x00007ffcd2d5a000 	C:\windows\SYSTEM32\VERSION.dll
0x00007ffcbe7e0000 - 0x00007ffcbe7ef000 	C:\Program Files\Java\jdk1.8.0_202\jre\bin\verify.dll
0x00007ffcbe780000 - 0x00007ffcbe7a9000 	C:\Program Files\Java\jdk1.8.0_202\jre\bin\java.dll
0x00007ffcbe190000 - 0x00007ffcbe1c5000 	C:\Program Files\Java\jdk1.8.0_202\jre\bin\jdwp.dll
0x00007ffcbe7d0000 - 0x00007ffcbe7d8000 	C:\Program Files\Java\jdk1.8.0_202\jre\bin\npt.dll
0x00007ffcb6e20000 - 0x00007ffcb6e43000 	C:\Program Files\Java\jdk1.8.0_202\jre\bin\instrument.dll
0x00007ffcb7b70000 - 0x00007ffcb7b86000 	C:\Program Files\Java\jdk1.8.0_202\jre\bin\zip.dll
0x00007ffcdd3f0000 - 0x00007ffcddc48000 	C:\windows\System32\SHELL32.dll
0x00007ffcda1a0000 - 0x00007ffcdaa92000 	C:\windows\SYSTEM32\windows.storage.dll
0x00007ffcde170000 - 0x00007ffcde4fa000 	C:\windows\System32\combase.dll
0x00007ffcda060000 - 0x00007ffcda19e000 	C:\windows\SYSTEM32\wintypes.dll
0x00007ffcdcc10000 - 0x00007ffcdcd03000 	C:\windows\System32\SHCORE.dll
0x00007ffcddc50000 - 0x00007ffcddcae000 	C:\windows\System32\shlwapi.dll
0x00007ffcdc160000 - 0x00007ffcdc186000 	C:\windows\SYSTEM32\profapi.dll
0x00007ffcbe1f0000 - 0x00007ffcbe1f9000 	C:\Program Files\Java\jdk1.8.0_202\jre\bin\dt_socket.dll
0x00007ffcbf840000 - 0x00007ffcbf857000 	C:\windows\system32\napinsp.dll
0x00007ffcbf550000 - 0x00007ffcbf56b000 	C:\windows\system32\pnrpnsp.dll
0x00007ffcdb7e0000 - 0x00007ffcdb849000 	C:\windows\System32\mswsock.dll
0x00007ffcdade0000 - 0x00007ffcdaed9000 	C:\windows\SYSTEM32\DNSAPI.dll
0x00007ffcdadb0000 - 0x00007ffcdaddd000 	C:\windows\SYSTEM32\IPHLPAPI.DLL
0x00007ffcde000000 - 0x00007ffcde009000 	C:\windows\System32\NSI.dll
0x00007ffcbeba0000 - 0x00007ffcbebb1000 	C:\windows\System32\winrnr.dll
0x00007ffcd46b0000 - 0x00007ffcd46c5000 	C:\windows\system32\wshbth.dll
0x00007ffcbeb70000 - 0x00007ffcbeb91000 	C:\windows\system32\nlansp_c.dll
0x00007ffcd2860000 - 0x00007ffcd28e4000 	C:\windows\System32\fwpuclnt.dll
0x00007ffcd3d20000 - 0x00007ffcd3d2a000 	C:\Windows\System32\rasadhlp.dll
0x00007ffcbdf40000 - 0x00007ffcbdf4d000 	C:\Program Files\Java\jdk1.8.0_202\jre\bin\management.dll
0x00007ffcb6f30000 - 0x00007ffcb6f4a000 	C:\Program Files\Java\jdk1.8.0_202\jre\bin\net.dll
0x00007ffcb89d0000 - 0x00007ffcb8bc0000 	C:\windows\SYSTEM32\urlmon.dll
0x00007ffcdacf0000 - 0x00007ffcdacfc000 	C:\windows\SYSTEM32\netutils.dll
0x00007ffcb85b0000 - 0x00007ffcb886c000 	C:\windows\SYSTEM32\iertutil.dll
0x00007ffcb8580000 - 0x00007ffcb85a9000 	C:\windows\SYSTEM32\srvcli.dll
0x00007ffcb69d0000 - 0x00007ffcb69e2000 	C:\Program Files\Java\jdk1.8.0_202\jre\bin\nio.dll
0x00007ffcdba40000 - 0x00007ffcdba5b000 	C:\windows\SYSTEM32\CRYPTSP.dll
0x00007ffcdb2c0000 - 0x00007ffcdb2f5000 	C:\windows\system32\rsaenh.dll
0x00007ffcdb8d0000 - 0x00007ffcdb8fc000 	C:\windows\SYSTEM32\USERENV.dll
0x00007ffcdbbd0000 - 0x00007ffcdbbf8000 	C:\windows\SYSTEM32\bcrypt.dll
0x00007ffcdc4e0000 - 0x00007ffcdc55a000 	C:\windows\System32\bcryptprimitives.dll
0x00007ffcdba30000 - 0x00007ffcdba3c000 	C:\windows\SYSTEM32\CRYPTBASE.dll
0x00007ffcd4b40000 - 0x00007ffcd4b59000 	C:\windows\SYSTEM32\dhcpcsvc6.DLL
0x00007ffcd4af0000 - 0x00007ffcd4b0f000 	C:\windows\SYSTEM32\dhcpcsvc.DLL
0x00007ffcb6000000 - 0x00007ffcb6024000 	C:\Program Files\Java\jdk1.8.0_202\jre\bin\sunec.dll
0x00007ffcb9870000 - 0x00007ffcb987b000 	C:\Program Files\Java\jdk1.8.0_202\jre\bin\sunmscapi.dll
0x00007ffcdca30000 - 0x00007ffcdcb96000 	C:\windows\System32\CRYPT32.dll
0x00007ffcd95b0000 - 0x00007ffcd97de000 	C:\windows\SYSTEM32\dbghelp.dll
0x00007ffcde8a0000 - 0x00007ffcde977000 	C:\windows\System32\OLEAUT32.dll

VM Arguments:
jvm_args: -agentlib:jdwp=transport=dt_socket,suspend=y,address=localhost:51806 -javaagent:C:\Users\caiqi\eclipse\jee-2023-03\eclipse\configuration\org.eclipse.osgi\1401\0\.cp\lib\javaagent-shaded.jar -Dfile.encoding=UTF-8 -Dstdout.encoding=UTF-8 -Dstderr.encoding=UTF-8 
java_command: com.slipper.SlipperApplication
java_class_path (initial): C:\D\OneDrive\04-Workspace\slipper-backstage\target\classes;C:\Users\caiqi\.m2\repository\org\hibernate\validator\hibernate-validator\6.1.7.Final\hibernate-validator-6.1.7.Final.jar;C:\Users\caiqi\.m2\repository\jakarta\validation\jakarta.validation-api\2.0.2\jakarta.validation-api-2.0.2.jar;C:\Users\caiqi\.m2\repository\org\jboss\logging\jboss-logging\3.4.3.Final\jboss-logging-3.4.3.Final.jar;C:\Users\caiqi\.m2\repository\com\fasterxml\classmate\1.5.1\classmate-1.5.1.jar;C:\Users\caiqi\.m2\repository\javax\validation\validation-api\2.0.1.Final\validation-api-2.0.1.Final.jar;C:\Users\caiqi\.m2\repository\mysql\mysql-connector-java\8.0.28\mysql-connector-java-8.0.28.jar;C:\Users\caiqi\.m2\repository\com\google\protobuf\protobuf-java\3.11.4\protobuf-java-3.11.4.jar;C:\Users\caiqi\.m2\repository\com\alibaba\druid-spring-boot-starter\1.2.9\druid-spring-boot-starter-1.2.9.jar;C:\Users\caiqi\.m2\repository\com\alibaba\druid\1.2.9\druid-1.2.9.jar;C:\Users\caiqi\.m2\repository\javax\annotation\javax.annotation-api\1.3.2\javax.annotation-api-1.3.2.jar;C:\Users\caiqi\.m2\repository\org\springframework\boot\spring-boot-autoconfigure\2.6.6\spring-boot-autoconfigure-2.6.6.jar;C:\Users\caiqi\.m2\repository\org\springframework\boot\spring-boot\2.6.6\spring-boot-2.6.6.jar;C:\Users\caiqi\.m2\repository\com\baomidou\mybatis-plus-boot-starter\3.5.1\mybatis-plus-boot-starter-3.5.1.jar;C:\Users\caiqi\.m2\repository\org\springframework\boot\spring-boot-starter-jdbc\2.6.6\spring-boot-starter-jdbc-2.6.6.jar;C:\Users\caiqi\.m2\repository\com\zaxxer\HikariCP\4.0.3\HikariCP-4.0.3.jar;C:\Users\caiqi\.m2\repository\com\baomidou\mybatis-plus\3.5.1\mybatis-plus-3.5.1.jar;C:\Users\caiqi\.m2\repository\com\baomidou\mybatis-plus-extension\3.5.1\mybatis-plus-extension-3.5.1.jar;C:\Users\caiqi\.m2\repository\com\baomidou\mybatis-plus-core\3.5.1\mybatis-plus-core-3.5.1.jar;C:\Users\caiqi\.m2\repository\com\baomidou\mybatis-plus-annotation\3.5.1\mybatis-plus-annotation-3.5.1
Launcher Type: SUN_STANDARD

Environment Variables:
JAVA_HOME=C:\Program Files\Java\jdk-19
CLASSPATH=.;C:\Program Files\Java\jdk-19\lib\dt.jar;C:\Program Files\Java\jdk-19\lib\tools.jar
PATH=C:\Program Files\Java\jdk1.8.0_202\jre\bin;C:/Program Files/Java/jdk-19/bin/server;C:/Program Files/Java/jdk-19/bin;C:\Program Files\nodejs;"C:\Program Files\Java\jdk-19\bin;C:\Program Files\Java\jdk-19\jre\bin";C:\Users\caiqi\AppData\Local\pnpm;C:\Program Files\Common Files\Oracle\Java\javapath;C:\Program Files (x86)\Common Files\Oracle\Java\javapath;C:\Program Files\Microsoft\jdk-11.0.16.101-hotspot\bin;C:\windows\system32;C:\windows;C:\windows\System32\Wbem;C:\windows\System32\WindowsPowerShell\v1.0\;C:\windows\System32\OpenSSH\;C:\Program Files\Microsoft SQL Server\150\Tools\Binn\;C:\Program Files\Microsoft SQL Server\Client SDK\ODBC\170\Tools\Binn\;C:\Program Files\dotnet\;C:\Pro;ram Files\nodejs\;C:\D\OneDrive\04-Workspace\apache-maven-3.8.6-bin\apache-maven-3.8.6\bin;C:\D\OneDrive\03-Software\ikvm-7.2.4630.5\bin;C:\Program Files\Git\cmd;C:\Program Files (x86)\Tencent\???web?????????\dll;C:\Program Files\nodejs;"C:\Program Files\Java\jdk-19\bin;C:\Program Files\Java\jdk-19\jre\bin";C:\Users\caiqi\AppData\Local\pnpm;C:\Program Files\Common Files\Oracle\Java\javapath;C:\Program Files (x86)\Common Files\Oracle\Java\javapath;C:\Program Files\Microsoft\jdk-11.0.16.101-hotspot\bin;C:\windows\system32;C:\windows;C:\windows\System32\Wbem;C:\windows\System32\WindowsPowerShell\v1.0\;C:\windows\System32\OpenSSH\;C:\Program Files\Microsoft SQL Server\150\Tools\Binn\;C:\Program Files\Microsoft SQL Server\Client SDK\ODBC\170\Tools\Binn\;C:\Program Files\dotnet\;C:\Pro;ram Files\nodejs\;C:\D\OneDrive\04-Workspace\apache-maven-3.8.6-bin\apache-maven-3.8.6\bin;C:\D\OneDrive\03-Software\ikvm-7.2.4630.5\bin;C:\Program Files\Git\cmd;C:\Program Files (x86)\Tencent\???web?????????\dll;C:\Users\caiqi\AppData\Local\pnpm;C:\Users\caiqi\AppData\Local\Programs\Microsoft VS Code\bin;C:\Users\caiqi\Desktop;
USERNAME=caiqi
OS=Windows_NT
PROCESSOR_IDENTIFIER=Intel64 Family 6 Model 154 Stepping 3, GenuineIntel



---------------  S Y S T E M  ---------------

OS: Windows 10.0 , 64 bit Build 22621 (10.0.22621.2428)

CPU:total 16 (initial active 16) (8 cores per cpu, 2 threads per core) family 6 model 154 stepping 3, cmov, cx8, fxsr, mmx, sse, sse2, sse3, ssse3, sse4.1, sse4.2, popcnt, avx, avx2, aes, clmul, erms, 3dnowpref, lzcnt, ht, tsc, tscinvbit, bmi1, bmi2, adx

Memory: 4k page, physical 33178088k(16280092k free), swap 40280836k(5379832k free)

vm_info: Java HotSpot(TM) 64-Bit Server VM (25.202-b08) for windows-amd64 JRE (1.8.0_202-b08), built on Dec 15 2018 19:54:30 by "java_re" with MS VC++ 10.0 (VS2010)

time: Mon Nov 06 09:35:00 2023
timezone: ÖĐąú±ę×ĽĘ±Ľä
elapsed time: 8271 seconds (0d 2h 17m 51s)

